[0.045s] Invoking command in '/home/user/arm_ros2/build/robot_description': DEBUGINFOD_URLS=https://debuginfod.ubuntu.com /usr/bin/cmake --build /home/user/arm_ros2/build/robot_description -- -j12 -l12
[0.309s] Invoked command in '/home/user/arm_ros2/build/robot_description' returned '0': DEBUGINFOD_URLS=https://debuginfod.ubuntu.com /usr/bin/cmake --build /home/user/arm_ros2/build/robot_description -- -j12 -l12
[0.349s] Invoking command in '/home/user/arm_ros2/build/robot_description': DEBUGINFOD_URLS=https://debuginfod.ubuntu.com /usr/bin/cmake --install /home/user/arm_ros2/build/robot_description
[0.374s] -- Install configuration: ""
[0.375s] -- Up-to-date: /home/user/arm_ros2/install/robot_description/share/robot_description/urdf
[0.376s] -- Up-to-date: /home/user/arm_ros2/install/robot_description/share/robot_description/urdf/arm.urdf
[0.377s] -- Up-to-date: /home/user/arm_ros2/install/robot_description/share/robot_description/urdf/robot_core.xacro
[0.378s] -- Up-to-date: /home/user/arm_ros2/install/robot_description/share/robot_description/urdf/camera.xacro
[0.379s] -- Up-to-date: /home/user/arm_ros2/install/robot_description/share/robot_description/urdf/robot.urdf.xacro
[0.379s] -- Up-to-date: /home/user/arm_ros2/install/robot_description/share/robot_description/urdf/gazebo_control.xacro
[0.380s] -- Installing: /home/user/arm_ros2/install/robot_description/share/robot_description/urdf/lidar.xacro
[0.381s] -- Up-to-date: /home/user/arm_ros2/install/robot_description/share/robot_description/rviz
[0.382s] -- Up-to-date: /home/user/arm_ros2/install/robot_description/share/robot_description/launch
[0.383s] -- Up-to-date: /home/user/arm_ros2/install/robot_description/share/robot_description/launch/ready.py
[0.383s] -- Up-to-date: /home/user/arm_ros2/install/robot_description/share/robot_description/launch/launch_sim2.launch.py
[0.384s] -- Up-to-date: /home/user/arm_ros2/install/robot_description/share/robot_description/launch/launch_sim.launch.py
[0.385s] -- Up-to-date: /home/user/arm_ros2/install/robot_description/share/robot_description/launch/upload.launch.py
[0.386s] -- Up-to-date: /home/user/arm_ros2/install/robot_description/share/robot_description/launch/map_building.launch.py
[0.387s] -- Up-to-date: /home/user/arm_ros2/install/robot_description/share/robot_description/launch/display.launch.py
[0.388s] -- Up-to-date: /home/user/arm_ros2/install/robot_description/share/robot_description/config
[0.388s] -- Up-to-date: /home/user/arm_ros2/install/robot_description/share/robot_description/config/amcl.yaml
[0.389s] -- Up-to-date: /home/user/arm_ros2/install/robot_description/share/robot_description/config/gz_bridge.yaml
[0.389s] -- Up-to-date: /home/user/arm_ros2/install/robot_description/share/robot_description/config/rosgraph.png
[0.390s] -- Installing: /home/user/arm_ros2/install/robot_description/share/robot_description/config/mapper_params.yaml
[0.391s] -- Up-to-date: /home/user/arm_ros2/install/robot_description/share/robot_description/config/gaz_ros2_ctl_use_sim.yaml
[0.392s] -- Up-to-date: /home/user/arm_ros2/install/robot_description/share/ament_index/resource_index/package_run_dependencies/robot_description
[0.392s] -- Up-to-date: /home/user/arm_ros2/install/robot_description/share/ament_index/resource_index/parent_prefix_path/robot_description
[0.393s] -- Up-to-date: /home/user/arm_ros2/install/robot_description/share/robot_description/environment/ament_prefix_path.sh
[0.394s] -- Up-to-date: /home/user/arm_ros2/install/robot_description/share/robot_description/environment/ament_prefix_path.dsv
[0.395s] -- Up-to-date: /home/user/arm_ros2/install/robot_description/share/robot_description/environment/path.sh
[0.395s] -- Up-to-date: /home/user/arm_ros2/install/robot_description/share/robot_description/environment/path.dsv
[0.396s] -- Up-to-date: /home/user/arm_ros2/install/robot_description/share/robot_description/local_setup.bash
[0.397s] -- Up-to-date: /home/user/arm_ros2/install/robot_description/share/robot_description/local_setup.sh
[0.398s] -- Up-to-date: /home/user/arm_ros2/install/robot_description/share/robot_description/local_setup.zsh
[0.400s] -- Up-to-date: /home/user/arm_ros2/install/robot_description/share/robot_description/local_setup.dsv
[0.400s] -- Installing: /home/user/arm_ros2/install/robot_description/share/robot_description/package.dsv
[0.401s] -- Up-to-date: /home/user/arm_ros2/install/robot_description/share/ament_index/resource_index/packages/robot_description
[0.402s] -- Up-to-date: /home/user/arm_ros2/install/robot_description/share/robot_description/cmake/robot_descriptionConfig.cmake
[0.402s] -- Up-to-date: /home/user/arm_ros2/install/robot_description/share/robot_description/cmake/robot_descriptionConfig-version.cmake
[0.403s] -- Up-to-date: /home/user/arm_ros2/install/robot_description/share/robot_description/package.xml
[0.408s] Invoked command in '/home/user/arm_ros2/build/robot_description' returned '0': DEBUGINFOD_URLS=https://debuginfod.ubuntu.com /usr/bin/cmake --install /home/user/arm_ros2/build/robot_description
