[0.251s] DEBUG:colcon:Command line arguments: ['/usr/bin/colcon', 'build']
[0.251s] DEBUG:colcon:Parsed command line arguments: Namespace(log_base=None, log_level=None, verb_name='build', build_base='build', install_base='install', merge_install=False, symlink_install=False, test_result_base=None, continue_on_error=False, executor='parallel', parallel_workers=12, event_handlers=None, ignore_user_meta=False, metas=['./colcon.meta'], base_paths=['.'], packages_ignore=None, packages_ignore_regex=None, paths=None, packages_up_to=None, packages_up_to_regex=None, packages_above=None, packages_above_and_dependencies=None, packages_above_depth=None, packages_select_by_dep=None, packages_skip_by_dep=None, packages_skip_up_to=None, packages_select_build_failed=False, packages_skip_build_finished=False, packages_select_test_failures=False, packages_skip_test_passed=False, packages_select=None, packages_skip=None, packages_select_regex=None, packages_skip_regex=None, packages_start=None, packages_end=None, allow_overriding=[], cmake_args=None, cmake_target=None, cmake_target_skip_unavailable=False, cmake_clean_cache=False, cmake_clean_first=False, cmake_force_configure=False, ament_cmake_args=None, catkin_cmake_args=None, catkin_skip_building_tests=False, mixin_files=None, mixin=None, verb_parser=<colcon_mixin.mixin.mixin_argument.MixinArgumentDecorator object at 0x764b72b92060>, verb_extension=<colcon_core.verb.build.BuildVerb object at 0x764b72b91d00>, main=<bound method BuildVerb.main of <colcon_core.verb.build.BuildVerb object at 0x764b72b91d00>>, mixin_verb=('build',))
[0.336s] Level 1:colcon.colcon_core.package_discovery:discover_packages(colcon_meta) check parameters
[0.336s] Level 1:colcon.colcon_core.package_discovery:discover_packages(recursive) check parameters
[0.336s] Level 1:colcon.colcon_core.package_discovery:discover_packages(ignore) check parameters
[0.336s] Level 1:colcon.colcon_core.package_discovery:discover_packages(path) check parameters
[0.336s] Level 1:colcon.colcon_core.package_discovery:discover_packages(colcon_meta) discover
[0.337s] Level 1:colcon.colcon_core.package_discovery:discover_packages(recursive) discover
[0.337s] INFO:colcon.colcon_core.package_discovery:Crawling recursively for packages in '/home/user/arm_ros2'
[0.337s] Level 1:colcon.colcon_core.package_identification:_identify(.) by extensions ['ignore', 'ignore_ament_install']
[0.337s] Level 1:colcon.colcon_core.package_identification:_identify(.) by extension 'ignore'
[0.337s] Level 1:colcon.colcon_core.package_identification:_identify(.) by extension 'ignore_ament_install'
[0.338s] Level 1:colcon.colcon_core.package_identification:_identify(.) by extensions ['colcon_pkg']
[0.338s] Level 1:colcon.colcon_core.package_identification:_identify(.) by extension 'colcon_pkg'
[0.338s] Level 1:colcon.colcon_core.package_identification:_identify(.) by extensions ['colcon_meta']
[0.338s] Level 1:colcon.colcon_core.package_identification:_identify(.) by extension 'colcon_meta'
[0.338s] Level 1:colcon.colcon_core.package_identification:_identify(.) by extensions ['ros']
[0.338s] Level 1:colcon.colcon_core.package_identification:_identify(.) by extension 'ros'
[0.397s] Level 1:colcon.colcon_core.package_identification:_identify(.) by extensions ['cmake', 'python']
[0.398s] Level 1:colcon.colcon_core.package_identification:_identify(.) by extension 'cmake'
[0.398s] Level 1:colcon.colcon_core.package_identification:_identify(.) by extension 'python'
[0.398s] Level 1:colcon.colcon_core.package_identification:_identify(.) by extensions ['python_setup_py']
[0.398s] Level 1:colcon.colcon_core.package_identification:_identify(.) by extension 'python_setup_py'
[0.398s] Level 1:colcon.colcon_core.package_identification:_identify(build) by extensions ['ignore', 'ignore_ament_install']
[0.398s] Level 1:colcon.colcon_core.package_identification:_identify(build) by extension 'ignore'
[0.398s] Level 1:colcon.colcon_core.package_identification:_identify(build) ignored
[0.399s] Level 1:colcon.colcon_core.package_identification:_identify(install) by extensions ['ignore', 'ignore_ament_install']
[0.399s] Level 1:colcon.colcon_core.package_identification:_identify(install) by extension 'ignore'
[0.399s] Level 1:colcon.colcon_core.package_identification:_identify(install) ignored
[0.399s] Level 1:colcon.colcon_core.package_identification:_identify(log) by extensions ['ignore', 'ignore_ament_install']
[0.399s] Level 1:colcon.colcon_core.package_identification:_identify(log) by extension 'ignore'
[0.399s] Level 1:colcon.colcon_core.package_identification:_identify(log) ignored
[0.399s] Level 1:colcon.colcon_core.package_identification:_identify(src) by extensions ['ignore', 'ignore_ament_install']
[0.400s] Level 1:colcon.colcon_core.package_identification:_identify(src) by extension 'ignore'
[0.400s] Level 1:colcon.colcon_core.package_identification:_identify(src) by extension 'ignore_ament_install'
[0.400s] Level 1:colcon.colcon_core.package_identification:_identify(src) by extensions ['colcon_pkg']
[0.400s] Level 1:colcon.colcon_core.package_identification:_identify(src) by extension 'colcon_pkg'
[0.400s] Level 1:colcon.colcon_core.package_identification:_identify(src) by extensions ['colcon_meta']
[0.400s] Level 1:colcon.colcon_core.package_identification:_identify(src) by extension 'colcon_meta'
[0.400s] Level 1:colcon.colcon_core.package_identification:_identify(src) by extensions ['ros']
[0.400s] Level 1:colcon.colcon_core.package_identification:_identify(src) by extension 'ros'
[0.400s] Level 1:colcon.colcon_core.package_identification:_identify(src) by extensions ['cmake', 'python']
[0.400s] Level 1:colcon.colcon_core.package_identification:_identify(src) by extension 'cmake'
[0.400s] Level 1:colcon.colcon_core.package_identification:_identify(src) by extension 'python'
[0.400s] Level 1:colcon.colcon_core.package_identification:_identify(src) by extensions ['python_setup_py']
[0.400s] Level 1:colcon.colcon_core.package_identification:_identify(src) by extension 'python_setup_py'
[0.401s] Level 1:colcon.colcon_core.package_identification:_identify(src/arm_state) by extensions ['ignore', 'ignore_ament_install']
[0.401s] Level 1:colcon.colcon_core.package_identification:_identify(src/arm_state) by extension 'ignore'
[0.401s] Level 1:colcon.colcon_core.package_identification:_identify(src/arm_state) by extension 'ignore_ament_install'
[0.401s] Level 1:colcon.colcon_core.package_identification:_identify(src/arm_state) by extensions ['colcon_pkg']
[0.401s] Level 1:colcon.colcon_core.package_identification:_identify(src/arm_state) by extension 'colcon_pkg'
[0.401s] Level 1:colcon.colcon_core.package_identification:_identify(src/arm_state) by extensions ['colcon_meta']
[0.401s] Level 1:colcon.colcon_core.package_identification:_identify(src/arm_state) by extension 'colcon_meta'
[0.401s] Level 1:colcon.colcon_core.package_identification:_identify(src/arm_state) by extensions ['ros']
[0.401s] Level 1:colcon.colcon_core.package_identification:_identify(src/arm_state) by extension 'ros'
[0.406s] DEBUG:colcon.colcon_core.package_identification:Package 'src/arm_state' with type 'ros.ament_cmake' and name 'arm_state'
[0.406s] Level 1:colcon.colcon_core.package_identification:_identify(src/localizer_server) by extensions ['ignore', 'ignore_ament_install']
[0.406s] Level 1:colcon.colcon_core.package_identification:_identify(src/localizer_server) by extension 'ignore'
[0.406s] Level 1:colcon.colcon_core.package_identification:_identify(src/localizer_server) by extension 'ignore_ament_install'
[0.407s] Level 1:colcon.colcon_core.package_identification:_identify(src/localizer_server) by extensions ['colcon_pkg']
[0.407s] Level 1:colcon.colcon_core.package_identification:_identify(src/localizer_server) by extension 'colcon_pkg'
[0.407s] Level 1:colcon.colcon_core.package_identification:_identify(src/localizer_server) by extensions ['colcon_meta']
[0.407s] Level 1:colcon.colcon_core.package_identification:_identify(src/localizer_server) by extension 'colcon_meta'
[0.407s] Level 1:colcon.colcon_core.package_identification:_identify(src/localizer_server) by extensions ['ros']
[0.407s] Level 1:colcon.colcon_core.package_identification:_identify(src/localizer_server) by extension 'ros'
[0.408s] DEBUG:colcon.colcon_core.package_identification:Package 'src/localizer_server' with type 'ros.ament_cmake' and name 'localizer_server'
[0.409s] Level 1:colcon.colcon_core.package_identification:_identify(src/robot_description) by extensions ['ignore', 'ignore_ament_install']
[0.409s] Level 1:colcon.colcon_core.package_identification:_identify(src/robot_description) by extension 'ignore'
[0.409s] Level 1:colcon.colcon_core.package_identification:_identify(src/robot_description) by extension 'ignore_ament_install'
[0.409s] Level 1:colcon.colcon_core.package_identification:_identify(src/robot_description) by extensions ['colcon_pkg']
[0.409s] Level 1:colcon.colcon_core.package_identification:_identify(src/robot_description) by extension 'colcon_pkg'
[0.409s] Level 1:colcon.colcon_core.package_identification:_identify(src/robot_description) by extensions ['colcon_meta']
[0.409s] Level 1:colcon.colcon_core.package_identification:_identify(src/robot_description) by extension 'colcon_meta'
[0.409s] Level 1:colcon.colcon_core.package_identification:_identify(src/robot_description) by extensions ['ros']
[0.409s] Level 1:colcon.colcon_core.package_identification:_identify(src/robot_description) by extension 'ros'
[0.410s] DEBUG:colcon.colcon_core.package_identification:Package 'src/robot_description' with type 'ros.ament_cmake' and name 'robot_description'
[0.410s] Level 1:colcon.colcon_core.package_discovery:discover_packages(recursive) using defaults
[0.410s] Level 1:colcon.colcon_core.package_discovery:discover_packages(ignore) discover
[0.410s] Level 1:colcon.colcon_core.package_discovery:discover_packages(ignore) using defaults
[0.410s] Level 1:colcon.colcon_core.package_discovery:discover_packages(path) discover
[0.410s] Level 1:colcon.colcon_core.package_discovery:discover_packages(path) using defaults
[0.450s] Level 1:colcon.colcon_core.package_discovery:discover_packages(prefix_path) check parameters
[0.450s] Level 1:colcon.colcon_core.package_discovery:discover_packages(prefix_path) discover
[0.452s] WARNING:colcon.colcon_ros.prefix_path.ament:The path '/home/user/arm_ros2/install/robot_description' in the environment variable AMENT_PREFIX_PATH doesn't exist
[0.452s] WARNING:colcon.colcon_ros.prefix_path.ament:The path '/home/user/arm_ros2/install/localizer_server' in the environment variable AMENT_PREFIX_PATH doesn't exist
[0.452s] WARNING:colcon.colcon_ros.prefix_path.ament:The path '/home/user/arm_ros2/install/arm_state' in the environment variable AMENT_PREFIX_PATH doesn't exist
[0.453s] WARNING:colcon.colcon_ros.prefix_path.catkin:The path '/home/user/arm_ros2/install/robot_description' in the environment variable CMAKE_PREFIX_PATH doesn't exist
[0.453s] WARNING:colcon.colcon_ros.prefix_path.catkin:The path '/home/user/arm_ros2/install/localizer_server' in the environment variable CMAKE_PREFIX_PATH doesn't exist
[0.453s] WARNING:colcon.colcon_ros.prefix_path.catkin:The path '/home/user/arm_ros2/install/arm_state' in the environment variable CMAKE_PREFIX_PATH doesn't exist
[0.461s] DEBUG:colcon.colcon_installed_package_information.package_discovery:Found 0 installed packages in /home/user/arm_ros2/install
[0.465s] DEBUG:colcon.colcon_installed_package_information.package_discovery:Found 12 installed packages in /home/user/turtlebot3_ws/install
[0.471s] DEBUG:colcon.colcon_installed_package_information.package_discovery:Found 459 installed packages in /opt/ros/jazzy
[0.477s] Level 1:colcon.colcon_core.package_discovery:discover_packages(prefix_path) using defaults
[0.585s] Level 5:colcon.colcon_core.verb:set package 'arm_state' build argument 'cmake_args' from command line to 'None'
[0.585s] Level 5:colcon.colcon_core.verb:set package 'arm_state' build argument 'cmake_target' from command line to 'None'
[0.585s] Level 5:colcon.colcon_core.verb:set package 'arm_state' build argument 'cmake_target_skip_unavailable' from command line to 'False'
[0.585s] Level 5:colcon.colcon_core.verb:set package 'arm_state' build argument 'cmake_clean_cache' from command line to 'False'
[0.585s] Level 5:colcon.colcon_core.verb:set package 'arm_state' build argument 'cmake_clean_first' from command line to 'False'
[0.585s] Level 5:colcon.colcon_core.verb:set package 'arm_state' build argument 'cmake_force_configure' from command line to 'False'
[0.585s] Level 5:colcon.colcon_core.verb:set package 'arm_state' build argument 'ament_cmake_args' from command line to 'None'
[0.585s] Level 5:colcon.colcon_core.verb:set package 'arm_state' build argument 'catkin_cmake_args' from command line to 'None'
[0.585s] Level 5:colcon.colcon_core.verb:set package 'arm_state' build argument 'catkin_skip_building_tests' from command line to 'False'
[0.586s] DEBUG:colcon.colcon_core.verb:Building package 'arm_state' with the following arguments: {'ament_cmake_args': None, 'build_base': '/home/user/arm_ros2/build/arm_state', 'catkin_cmake_args': None, 'catkin_skip_building_tests': False, 'cmake_args': None, 'cmake_clean_cache': False, 'cmake_clean_first': False, 'cmake_force_configure': False, 'cmake_target': None, 'cmake_target_skip_unavailable': False, 'install_base': '/home/user/arm_ros2/install/arm_state', 'merge_install': False, 'path': '/home/user/arm_ros2/src/arm_state', 'symlink_install': False, 'test_result_base': None}
[0.586s] Level 5:colcon.colcon_core.verb:set package 'localizer_server' build argument 'cmake_args' from command line to 'None'
[0.586s] Level 5:colcon.colcon_core.verb:set package 'localizer_server' build argument 'cmake_target' from command line to 'None'
[0.586s] Level 5:colcon.colcon_core.verb:set package 'localizer_server' build argument 'cmake_target_skip_unavailable' from command line to 'False'
[0.586s] Level 5:colcon.colcon_core.verb:set package 'localizer_server' build argument 'cmake_clean_cache' from command line to 'False'
[0.586s] Level 5:colcon.colcon_core.verb:set package 'localizer_server' build argument 'cmake_clean_first' from command line to 'False'
[0.586s] Level 5:colcon.colcon_core.verb:set package 'localizer_server' build argument 'cmake_force_configure' from command line to 'False'
[0.586s] Level 5:colcon.colcon_core.verb:set package 'localizer_server' build argument 'ament_cmake_args' from command line to 'None'
[0.586s] Level 5:colcon.colcon_core.verb:set package 'localizer_server' build argument 'catkin_cmake_args' from command line to 'None'
[0.586s] Level 5:colcon.colcon_core.verb:set package 'localizer_server' build argument 'catkin_skip_building_tests' from command line to 'False'
[0.587s] DEBUG:colcon.colcon_core.verb:Building package 'localizer_server' with the following arguments: {'ament_cmake_args': None, 'build_base': '/home/user/arm_ros2/build/localizer_server', 'catkin_cmake_args': None, 'catkin_skip_building_tests': False, 'cmake_args': None, 'cmake_clean_cache': False, 'cmake_clean_first': False, 'cmake_force_configure': False, 'cmake_target': None, 'cmake_target_skip_unavailable': False, 'install_base': '/home/user/arm_ros2/install/localizer_server', 'merge_install': False, 'path': '/home/user/arm_ros2/src/localizer_server', 'symlink_install': False, 'test_result_base': None}
[0.587s] Level 5:colcon.colcon_core.verb:set package 'robot_description' build argument 'cmake_args' from command line to 'None'
[0.587s] Level 5:colcon.colcon_core.verb:set package 'robot_description' build argument 'cmake_target' from command line to 'None'
[0.587s] Level 5:colcon.colcon_core.verb:set package 'robot_description' build argument 'cmake_target_skip_unavailable' from command line to 'False'
[0.587s] Level 5:colcon.colcon_core.verb:set package 'robot_description' build argument 'cmake_clean_cache' from command line to 'False'
[0.587s] Level 5:colcon.colcon_core.verb:set package 'robot_description' build argument 'cmake_clean_first' from command line to 'False'
[0.587s] Level 5:colcon.colcon_core.verb:set package 'robot_description' build argument 'cmake_force_configure' from command line to 'False'
[0.587s] Level 5:colcon.colcon_core.verb:set package 'robot_description' build argument 'ament_cmake_args' from command line to 'None'
[0.587s] Level 5:colcon.colcon_core.verb:set package 'robot_description' build argument 'catkin_cmake_args' from command line to 'None'
[0.587s] Level 5:colcon.colcon_core.verb:set package 'robot_description' build argument 'catkin_skip_building_tests' from command line to 'False'
[0.587s] DEBUG:colcon.colcon_core.verb:Building package 'robot_description' with the following arguments: {'ament_cmake_args': None, 'build_base': '/home/user/arm_ros2/build/robot_description', 'catkin_cmake_args': None, 'catkin_skip_building_tests': False, 'cmake_args': None, 'cmake_clean_cache': False, 'cmake_clean_first': False, 'cmake_force_configure': False, 'cmake_target': None, 'cmake_target_skip_unavailable': False, 'install_base': '/home/user/arm_ros2/install/robot_description', 'merge_install': False, 'path': '/home/user/arm_ros2/src/robot_description', 'symlink_install': False, 'test_result_base': None}
[0.588s] INFO:colcon.colcon_core.executor:Executing jobs using 'parallel' executor
[0.591s] DEBUG:colcon.colcon_parallel_executor.executor.parallel:run_until_complete
[0.591s] INFO:colcon.colcon_ros.task.ament_cmake.build:Building ROS package in '/home/user/arm_ros2/src/arm_state' with build type 'ament_cmake'
[0.591s] INFO:colcon.colcon_cmake.task.cmake.build:Building CMake package in '/home/user/arm_ros2/src/arm_state'
[0.596s] INFO:colcon.colcon_core.plugin_system:Skipping extension 'colcon_core.shell.bat': Not used on non-Windows systems
[0.596s] INFO:colcon.colcon_core.shell:Skip shell extension 'powershell' for command environment: Not usable outside of PowerShell
[0.596s] DEBUG:colcon.colcon_core.shell:Skip shell extension 'dsv' for command environment
[0.606s] INFO:colcon.colcon_ros.task.ament_cmake.build:Building ROS package in '/home/user/arm_ros2/src/localizer_server' with build type 'ament_cmake'
[0.607s] INFO:colcon.colcon_cmake.task.cmake.build:Building CMake package in '/home/user/arm_ros2/src/localizer_server'
[0.607s] INFO:colcon.colcon_core.shell:Skip shell extension 'powershell' for command environment: Not usable outside of PowerShell
[0.607s] DEBUG:colcon.colcon_core.shell:Skip shell extension 'dsv' for command environment
[0.618s] INFO:colcon.colcon_ros.task.ament_cmake.build:Building ROS package in '/home/user/arm_ros2/src/robot_description' with build type 'ament_cmake'
[0.618s] INFO:colcon.colcon_cmake.task.cmake.build:Building CMake package in '/home/user/arm_ros2/src/robot_description'
[0.618s] INFO:colcon.colcon_core.shell:Skip shell extension 'powershell' for command environment: Not usable outside of PowerShell
[0.618s] DEBUG:colcon.colcon_core.shell:Skip shell extension 'dsv' for command environment
[0.643s] DEBUG:colcon.colcon_core.event_handler.log_command:Invoking command in '/home/user/arm_ros2/build/arm_state': CMAKE_PREFIX_PATH=${CMAKE_PREFIX_PATH}:/home/user/turtlebot3_ws/install/turtlebot3_teleop:/home/user/turtlebot3_ws/install/turtlebot3_example DEBUGINFOD_URLS=https://debuginfod.ubuntu.com /usr/bin/cmake /home/user/arm_ros2/src/arm_state -DCMAKE_INSTALL_PREFIX=/home/user/arm_ros2/install/arm_state
[0.657s] DEBUG:colcon.colcon_core.event_handler.log_command:Invoking command in '/home/user/arm_ros2/build/localizer_server': CMAKE_PREFIX_PATH=${CMAKE_PREFIX_PATH}:/home/user/turtlebot3_ws/install/turtlebot3_teleop:/home/user/turtlebot3_ws/install/turtlebot3_example DEBUGINFOD_URLS=https://debuginfod.ubuntu.com /usr/bin/cmake /home/user/arm_ros2/src/localizer_server -DCMAKE_INSTALL_PREFIX=/home/user/arm_ros2/install/localizer_server
[0.660s] DEBUG:colcon.colcon_core.event_handler.log_command:Invoking command in '/home/user/arm_ros2/build/robot_description': CMAKE_PREFIX_PATH=${CMAKE_PREFIX_PATH}:/home/user/turtlebot3_ws/install/turtlebot3_teleop:/home/user/turtlebot3_ws/install/turtlebot3_example DEBUGINFOD_URLS=https://debuginfod.ubuntu.com /usr/bin/cmake /home/user/arm_ros2/src/robot_description -DCMAKE_INSTALL_PREFIX=/home/user/arm_ros2/install/robot_description
[4.193s] DEBUG:colcon.colcon_core.event_handler.log_command:Invoked command in '/home/user/arm_ros2/build/robot_description' returned '0': CMAKE_PREFIX_PATH=${CMAKE_PREFIX_PATH}:/home/user/turtlebot3_ws/install/turtlebot3_teleop:/home/user/turtlebot3_ws/install/turtlebot3_example DEBUGINFOD_URLS=https://debuginfod.ubuntu.com /usr/bin/cmake /home/user/arm_ros2/src/robot_description -DCMAKE_INSTALL_PREFIX=/home/user/arm_ros2/install/robot_description
[4.196s] DEBUG:colcon.colcon_core.event_handler.log_command:Invoking command in '/home/user/arm_ros2/build/robot_description': CMAKE_PREFIX_PATH=${CMAKE_PREFIX_PATH}:/home/user/turtlebot3_ws/install/turtlebot3_teleop:/home/user/turtlebot3_ws/install/turtlebot3_example DEBUGINFOD_URLS=https://debuginfod.ubuntu.com /usr/bin/cmake --build /home/user/arm_ros2/build/robot_description -- -j12 -l12
[4.324s] DEBUG:colcon.colcon_core.event_handler.log_command:Invoked command in '/home/user/arm_ros2/build/robot_description' returned '0': CMAKE_PREFIX_PATH=${CMAKE_PREFIX_PATH}:/home/user/turtlebot3_ws/install/turtlebot3_teleop:/home/user/turtlebot3_ws/install/turtlebot3_example DEBUGINFOD_URLS=https://debuginfod.ubuntu.com /usr/bin/cmake --build /home/user/arm_ros2/build/robot_description -- -j12 -l12
[4.356s] DEBUG:colcon.colcon_core.event_handler.log_command:Invoking command in '/home/user/arm_ros2/build/robot_description': CMAKE_PREFIX_PATH=${CMAKE_PREFIX_PATH}:/home/user/turtlebot3_ws/install/turtlebot3_teleop:/home/user/turtlebot3_ws/install/turtlebot3_example DEBUGINFOD_URLS=https://debuginfod.ubuntu.com /usr/bin/cmake --install /home/user/arm_ros2/build/robot_description
[4.383s] Level 1:colcon.colcon_core.environment:create_environment_scripts_only(robot_description)
[4.384s] DEBUG:colcon.colcon_core.event_handler.log_command:Invoked command in '/home/user/arm_ros2/build/robot_description' returned '0': CMAKE_PREFIX_PATH=${CMAKE_PREFIX_PATH}:/home/user/turtlebot3_ws/install/turtlebot3_teleop:/home/user/turtlebot3_ws/install/turtlebot3_example DEBUGINFOD_URLS=https://debuginfod.ubuntu.com /usr/bin/cmake --install /home/user/arm_ros2/build/robot_description
[4.389s] Level 1:colcon.colcon_core.environment:checking '/home/user/arm_ros2/install/robot_description' for CMake module files
[4.390s] Level 1:colcon.colcon_core.environment:checking '/home/user/arm_ros2/install/robot_description' for CMake config files
[4.390s] Level 1:colcon.colcon_core.shell:create_environment_hook('robot_description', 'cmake_prefix_path')
[4.390s] INFO:colcon.colcon_core.shell:Creating environment hook '/home/user/arm_ros2/install/robot_description/share/robot_description/hook/cmake_prefix_path.ps1'
[4.391s] INFO:colcon.colcon_core.shell:Creating environment descriptor '/home/user/arm_ros2/install/robot_description/share/robot_description/hook/cmake_prefix_path.dsv'
[4.392s] INFO:colcon.colcon_core.shell:Creating environment hook '/home/user/arm_ros2/install/robot_description/share/robot_description/hook/cmake_prefix_path.sh'
[4.394s] Level 1:colcon.colcon_core.environment:checking '/home/user/arm_ros2/install/robot_description/bin'
[4.394s] Level 1:colcon.colcon_core.environment:checking '/home/user/arm_ros2/install/robot_description/lib/pkgconfig/robot_description.pc'
[4.396s] Level 1:colcon.colcon_core.environment:checking '/home/user/arm_ros2/install/robot_description/lib/python3.12/site-packages'
[4.398s] Level 1:colcon.colcon_core.environment:checking '/home/user/arm_ros2/install/robot_description/bin'
[4.400s] INFO:colcon.colcon_core.shell:Creating package script '/home/user/arm_ros2/install/robot_description/share/robot_description/package.ps1'
[4.406s] INFO:colcon.colcon_core.shell:Creating package descriptor '/home/user/arm_ros2/install/robot_description/share/robot_description/package.dsv'
[4.410s] INFO:colcon.colcon_core.shell:Creating package script '/home/user/arm_ros2/install/robot_description/share/robot_description/package.sh'
[4.416s] INFO:colcon.colcon_core.shell:Creating package script '/home/user/arm_ros2/install/robot_description/share/robot_description/package.bash'
[4.420s] INFO:colcon.colcon_core.shell:Creating package script '/home/user/arm_ros2/install/robot_description/share/robot_description/package.zsh'
[4.424s] Level 1:colcon.colcon_core.environment:create_file_with_runtime_dependencies(/home/user/arm_ros2/install/robot_description/share/colcon-core/packages/robot_description)
[4.429s] Level 1:colcon.colcon_core.environment:create_environment_scripts_only(robot_description)
[4.430s] Level 1:colcon.colcon_core.environment:checking '/home/user/arm_ros2/install/robot_description' for CMake module files
[4.435s] Level 1:colcon.colcon_core.environment:checking '/home/user/arm_ros2/install/robot_description' for CMake config files
[4.436s] Level 1:colcon.colcon_core.shell:create_environment_hook('robot_description', 'cmake_prefix_path')
[4.438s] INFO:colcon.colcon_core.shell:Creating environment hook '/home/user/arm_ros2/install/robot_description/share/robot_description/hook/cmake_prefix_path.ps1'
[4.441s] INFO:colcon.colcon_core.shell:Creating environment descriptor '/home/user/arm_ros2/install/robot_description/share/robot_description/hook/cmake_prefix_path.dsv'
[4.443s] INFO:colcon.colcon_core.shell:Creating environment hook '/home/user/arm_ros2/install/robot_description/share/robot_description/hook/cmake_prefix_path.sh'
[4.446s] Level 1:colcon.colcon_core.environment:checking '/home/user/arm_ros2/install/robot_description/bin'
[4.446s] Level 1:colcon.colcon_core.environment:checking '/home/user/arm_ros2/install/robot_description/lib/pkgconfig/robot_description.pc'
[4.447s] Level 1:colcon.colcon_core.environment:checking '/home/user/arm_ros2/install/robot_description/lib/python3.12/site-packages'
[4.447s] Level 1:colcon.colcon_core.environment:checking '/home/user/arm_ros2/install/robot_description/bin'
[4.448s] INFO:colcon.colcon_core.shell:Creating package script '/home/user/arm_ros2/install/robot_description/share/robot_description/package.ps1'
[4.449s] INFO:colcon.colcon_core.shell:Creating package descriptor '/home/user/arm_ros2/install/robot_description/share/robot_description/package.dsv'
[4.450s] INFO:colcon.colcon_core.shell:Creating package script '/home/user/arm_ros2/install/robot_description/share/robot_description/package.sh'
[4.450s] INFO:colcon.colcon_core.shell:Creating package script '/home/user/arm_ros2/install/robot_description/share/robot_description/package.bash'
[4.451s] INFO:colcon.colcon_core.shell:Creating package script '/home/user/arm_ros2/install/robot_description/share/robot_description/package.zsh'
[4.452s] Level 1:colcon.colcon_core.environment:create_file_with_runtime_dependencies(/home/user/arm_ros2/install/robot_description/share/colcon-core/packages/robot_description)
[5.770s] DEBUG:colcon.colcon_core.event_handler.log_command:Invoked command in '/home/user/arm_ros2/build/arm_state' returned '0': CMAKE_PREFIX_PATH=${CMAKE_PREFIX_PATH}:/home/user/turtlebot3_ws/install/turtlebot3_teleop:/home/user/turtlebot3_ws/install/turtlebot3_example DEBUGINFOD_URLS=https://debuginfod.ubuntu.com /usr/bin/cmake /home/user/arm_ros2/src/arm_state -DCMAKE_INSTALL_PREFIX=/home/user/arm_ros2/install/arm_state
[5.775s] DEBUG:colcon.colcon_core.event_handler.log_command:Invoking command in '/home/user/arm_ros2/build/arm_state': CMAKE_PREFIX_PATH=${CMAKE_PREFIX_PATH}:/home/user/turtlebot3_ws/install/turtlebot3_teleop:/home/user/turtlebot3_ws/install/turtlebot3_example DEBUGINFOD_URLS=https://debuginfod.ubuntu.com /usr/bin/cmake --build /home/user/arm_ros2/build/arm_state -- -j12 -l12
[8.910s] DEBUG:colcon.colcon_core.event_handler.log_command:Invoked command in '/home/user/arm_ros2/build/localizer_server' returned '0': CMAKE_PREFIX_PATH=${CMAKE_PREFIX_PATH}:/home/user/turtlebot3_ws/install/turtlebot3_teleop:/home/user/turtlebot3_ws/install/turtlebot3_example DEBUGINFOD_URLS=https://debuginfod.ubuntu.com /usr/bin/cmake /home/user/arm_ros2/src/localizer_server -DCMAKE_INSTALL_PREFIX=/home/user/arm_ros2/install/localizer_server
[8.913s] DEBUG:colcon.colcon_core.event_handler.log_command:Invoking command in '/home/user/arm_ros2/build/localizer_server': CMAKE_PREFIX_PATH=${CMAKE_PREFIX_PATH}:/home/user/turtlebot3_ws/install/turtlebot3_teleop:/home/user/turtlebot3_ws/install/turtlebot3_example DEBUGINFOD_URLS=https://debuginfod.ubuntu.com /usr/bin/cmake --build /home/user/arm_ros2/build/localizer_server -- -j12 -l12
[52.669s] DEBUG:colcon.colcon_core.event_handler.log_command:Invoked command in '/home/user/arm_ros2/build/localizer_server' returned '0': CMAKE_PREFIX_PATH=${CMAKE_PREFIX_PATH}:/home/user/turtlebot3_ws/install/turtlebot3_teleop:/home/user/turtlebot3_ws/install/turtlebot3_example DEBUGINFOD_URLS=https://debuginfod.ubuntu.com /usr/bin/cmake --build /home/user/arm_ros2/build/localizer_server -- -j12 -l12
[52.673s] DEBUG:colcon.colcon_core.event_handler.log_command:Invoking command in '/home/user/arm_ros2/build/localizer_server': CMAKE_PREFIX_PATH=${CMAKE_PREFIX_PATH}:/home/user/turtlebot3_ws/install/turtlebot3_teleop:/home/user/turtlebot3_ws/install/turtlebot3_example DEBUGINFOD_URLS=https://debuginfod.ubuntu.com /usr/bin/cmake --install /home/user/arm_ros2/build/localizer_server
[52.714s] Level 1:colcon.colcon_core.environment:create_environment_scripts_only(localizer_server)
[52.716s] Level 1:colcon.colcon_core.environment:checking '/home/user/arm_ros2/install/localizer_server' for CMake module files
[52.727s] DEBUG:colcon.colcon_core.event_handler.log_command:Invoked command in '/home/user/arm_ros2/build/localizer_server' returned '0': CMAKE_PREFIX_PATH=${CMAKE_PREFIX_PATH}:/home/user/turtlebot3_ws/install/turtlebot3_teleop:/home/user/turtlebot3_ws/install/turtlebot3_example DEBUGINFOD_URLS=https://debuginfod.ubuntu.com /usr/bin/cmake --install /home/user/arm_ros2/build/localizer_server
[52.730s] Level 1:colcon.colcon_core.environment:checking '/home/user/arm_ros2/install/localizer_server' for CMake config files
[52.731s] Level 1:colcon.colcon_core.shell:create_environment_hook('localizer_server', 'cmake_prefix_path')
[52.733s] INFO:colcon.colcon_core.shell:Creating environment hook '/home/user/arm_ros2/install/localizer_server/share/localizer_server/hook/cmake_prefix_path.ps1'
[52.737s] INFO:colcon.colcon_core.shell:Creating environment descriptor '/home/user/arm_ros2/install/localizer_server/share/localizer_server/hook/cmake_prefix_path.dsv'
[52.740s] INFO:colcon.colcon_core.shell:Creating environment hook '/home/user/arm_ros2/install/localizer_server/share/localizer_server/hook/cmake_prefix_path.sh'
[52.744s] Level 1:colcon.colcon_core.environment:checking '/home/user/arm_ros2/install/localizer_server/lib'
[52.746s] Level 1:colcon.colcon_core.environment:checking '/home/user/arm_ros2/install/localizer_server/bin'
[52.746s] Level 1:colcon.colcon_core.environment:checking '/home/user/arm_ros2/install/localizer_server/lib/pkgconfig/localizer_server.pc'
[52.748s] Level 1:colcon.colcon_core.environment:checking '/home/user/arm_ros2/install/localizer_server/lib/python3.12/site-packages'
[52.750s] Level 1:colcon.colcon_core.environment:checking '/home/user/arm_ros2/install/localizer_server/bin'
[52.752s] INFO:colcon.colcon_core.shell:Creating package script '/home/user/arm_ros2/install/localizer_server/share/localizer_server/package.ps1'
[52.756s] INFO:colcon.colcon_core.shell:Creating package descriptor '/home/user/arm_ros2/install/localizer_server/share/localizer_server/package.dsv'
[52.760s] INFO:colcon.colcon_core.shell:Creating package script '/home/user/arm_ros2/install/localizer_server/share/localizer_server/package.sh'
[52.763s] INFO:colcon.colcon_core.shell:Creating package script '/home/user/arm_ros2/install/localizer_server/share/localizer_server/package.bash'
[52.766s] INFO:colcon.colcon_core.shell:Creating package script '/home/user/arm_ros2/install/localizer_server/share/localizer_server/package.zsh'
[52.768s] Level 1:colcon.colcon_core.environment:create_file_with_runtime_dependencies(/home/user/arm_ros2/install/localizer_server/share/colcon-core/packages/localizer_server)
[52.772s] Level 1:colcon.colcon_core.environment:create_environment_scripts_only(localizer_server)
[52.773s] Level 1:colcon.colcon_core.environment:checking '/home/user/arm_ros2/install/localizer_server' for CMake module files
[52.774s] Level 1:colcon.colcon_core.environment:checking '/home/user/arm_ros2/install/localizer_server' for CMake config files
[52.774s] Level 1:colcon.colcon_core.shell:create_environment_hook('localizer_server', 'cmake_prefix_path')
[52.775s] INFO:colcon.colcon_core.shell:Creating environment hook '/home/user/arm_ros2/install/localizer_server/share/localizer_server/hook/cmake_prefix_path.ps1'
[52.776s] INFO:colcon.colcon_core.shell:Creating environment descriptor '/home/user/arm_ros2/install/localizer_server/share/localizer_server/hook/cmake_prefix_path.dsv'
[52.776s] INFO:colcon.colcon_core.shell:Creating environment hook '/home/user/arm_ros2/install/localizer_server/share/localizer_server/hook/cmake_prefix_path.sh'
[52.777s] Level 1:colcon.colcon_core.environment:checking '/home/user/arm_ros2/install/localizer_server/lib'
[52.777s] Level 1:colcon.colcon_core.environment:checking '/home/user/arm_ros2/install/localizer_server/bin'
[52.778s] Level 1:colcon.colcon_core.environment:checking '/home/user/arm_ros2/install/localizer_server/lib/pkgconfig/localizer_server.pc'
[52.778s] Level 1:colcon.colcon_core.environment:checking '/home/user/arm_ros2/install/localizer_server/lib/python3.12/site-packages'
[52.778s] Level 1:colcon.colcon_core.environment:checking '/home/user/arm_ros2/install/localizer_server/bin'
[52.779s] INFO:colcon.colcon_core.shell:Creating package script '/home/user/arm_ros2/install/localizer_server/share/localizer_server/package.ps1'
[52.780s] INFO:colcon.colcon_core.shell:Creating package descriptor '/home/user/arm_ros2/install/localizer_server/share/localizer_server/package.dsv'
[52.780s] INFO:colcon.colcon_core.shell:Creating package script '/home/user/arm_ros2/install/localizer_server/share/localizer_server/package.sh'
[52.781s] INFO:colcon.colcon_core.shell:Creating package script '/home/user/arm_ros2/install/localizer_server/share/localizer_server/package.bash'
[52.782s] INFO:colcon.colcon_core.shell:Creating package script '/home/user/arm_ros2/install/localizer_server/share/localizer_server/package.zsh'
[52.782s] Level 1:colcon.colcon_core.environment:create_file_with_runtime_dependencies(/home/user/arm_ros2/install/localizer_server/share/colcon-core/packages/localizer_server)
[53.745s] DEBUG:colcon.colcon_core.event_handler.log_command:Invoked command in '/home/user/arm_ros2/build/arm_state' returned '0': CMAKE_PREFIX_PATH=${CMAKE_PREFIX_PATH}:/home/user/turtlebot3_ws/install/turtlebot3_teleop:/home/user/turtlebot3_ws/install/turtlebot3_example DEBUGINFOD_URLS=https://debuginfod.ubuntu.com /usr/bin/cmake --build /home/user/arm_ros2/build/arm_state -- -j12 -l12
[53.750s] DEBUG:colcon.colcon_core.event_handler.log_command:Invoking command in '/home/user/arm_ros2/build/arm_state': CMAKE_PREFIX_PATH=${CMAKE_PREFIX_PATH}:/home/user/turtlebot3_ws/install/turtlebot3_teleop:/home/user/turtlebot3_ws/install/turtlebot3_example DEBUGINFOD_URLS=https://debuginfod.ubuntu.com /usr/bin/cmake --install /home/user/arm_ros2/build/arm_state
[53.804s] Level 1:colcon.colcon_core.environment:create_environment_scripts_only(arm_state)
[53.804s] Level 1:colcon.colcon_core.environment:checking '/home/user/arm_ros2/install/arm_state' for CMake module files
[53.809s] Level 1:colcon.colcon_core.environment:checking '/home/user/arm_ros2/install/arm_state' for CMake config files
[53.815s] DEBUG:colcon.colcon_core.event_handler.log_command:Invoked command in '/home/user/arm_ros2/build/arm_state' returned '0': CMAKE_PREFIX_PATH=${CMAKE_PREFIX_PATH}:/home/user/turtlebot3_ws/install/turtlebot3_teleop:/home/user/turtlebot3_ws/install/turtlebot3_example DEBUGINFOD_URLS=https://debuginfod.ubuntu.com /usr/bin/cmake --install /home/user/arm_ros2/build/arm_state
[53.815s] Level 1:colcon.colcon_core.shell:create_environment_hook('arm_state', 'cmake_prefix_path')
[53.816s] INFO:colcon.colcon_core.shell:Creating environment hook '/home/user/arm_ros2/install/arm_state/share/arm_state/hook/cmake_prefix_path.ps1'
[53.817s] INFO:colcon.colcon_core.shell:Creating environment descriptor '/home/user/arm_ros2/install/arm_state/share/arm_state/hook/cmake_prefix_path.dsv'
[53.817s] INFO:colcon.colcon_core.shell:Creating environment hook '/home/user/arm_ros2/install/arm_state/share/arm_state/hook/cmake_prefix_path.sh'
[53.819s] Level 1:colcon.colcon_core.environment:checking '/home/user/arm_ros2/install/arm_state/lib'
[53.819s] Level 1:colcon.colcon_core.environment:checking '/home/user/arm_ros2/install/arm_state/bin'
[53.819s] Level 1:colcon.colcon_core.environment:checking '/home/user/arm_ros2/install/arm_state/lib/pkgconfig/arm_state.pc'
[53.820s] Level 1:colcon.colcon_core.environment:checking '/home/user/arm_ros2/install/arm_state/lib/python3.12/site-packages'
[53.820s] Level 1:colcon.colcon_core.environment:checking '/home/user/arm_ros2/install/arm_state/bin'
[53.821s] INFO:colcon.colcon_core.shell:Creating package script '/home/user/arm_ros2/install/arm_state/share/arm_state/package.ps1'
[53.822s] INFO:colcon.colcon_core.shell:Creating package descriptor '/home/user/arm_ros2/install/arm_state/share/arm_state/package.dsv'
[53.823s] INFO:colcon.colcon_core.shell:Creating package script '/home/user/arm_ros2/install/arm_state/share/arm_state/package.sh'
[53.823s] INFO:colcon.colcon_core.shell:Creating package script '/home/user/arm_ros2/install/arm_state/share/arm_state/package.bash'
[53.824s] INFO:colcon.colcon_core.shell:Creating package script '/home/user/arm_ros2/install/arm_state/share/arm_state/package.zsh'
[53.824s] Level 1:colcon.colcon_core.environment:create_file_with_runtime_dependencies(/home/user/arm_ros2/install/arm_state/share/colcon-core/packages/arm_state)
[53.825s] Level 1:colcon.colcon_core.environment:create_environment_scripts_only(arm_state)
[53.825s] Level 1:colcon.colcon_core.environment:checking '/home/user/arm_ros2/install/arm_state' for CMake module files
[53.826s] Level 1:colcon.colcon_core.environment:checking '/home/user/arm_ros2/install/arm_state' for CMake config files
[53.827s] Level 1:colcon.colcon_core.shell:create_environment_hook('arm_state', 'cmake_prefix_path')
[53.827s] INFO:colcon.colcon_core.shell:Creating environment hook '/home/user/arm_ros2/install/arm_state/share/arm_state/hook/cmake_prefix_path.ps1'
[53.828s] INFO:colcon.colcon_core.shell:Creating environment descriptor '/home/user/arm_ros2/install/arm_state/share/arm_state/hook/cmake_prefix_path.dsv'
[53.828s] INFO:colcon.colcon_core.shell:Creating environment hook '/home/user/arm_ros2/install/arm_state/share/arm_state/hook/cmake_prefix_path.sh'
[53.830s] Level 1:colcon.colcon_core.environment:checking '/home/user/arm_ros2/install/arm_state/lib'
[53.830s] Level 1:colcon.colcon_core.environment:checking '/home/user/arm_ros2/install/arm_state/bin'
[53.830s] Level 1:colcon.colcon_core.environment:checking '/home/user/arm_ros2/install/arm_state/lib/pkgconfig/arm_state.pc'
[53.830s] Level 1:colcon.colcon_core.environment:checking '/home/user/arm_ros2/install/arm_state/lib/python3.12/site-packages'
[53.831s] Level 1:colcon.colcon_core.environment:checking '/home/user/arm_ros2/install/arm_state/bin'
[53.831s] INFO:colcon.colcon_core.shell:Creating package script '/home/user/arm_ros2/install/arm_state/share/arm_state/package.ps1'
[53.832s] INFO:colcon.colcon_core.shell:Creating package descriptor '/home/user/arm_ros2/install/arm_state/share/arm_state/package.dsv'
[53.833s] INFO:colcon.colcon_core.shell:Creating package script '/home/user/arm_ros2/install/arm_state/share/arm_state/package.sh'
[53.856s] INFO:colcon.colcon_core.shell:Creating package script '/home/user/arm_ros2/install/arm_state/share/arm_state/package.bash'
[53.857s] INFO:colcon.colcon_core.shell:Creating package script '/home/user/arm_ros2/install/arm_state/share/arm_state/package.zsh'
[53.857s] Level 1:colcon.colcon_core.environment:create_file_with_runtime_dependencies(/home/user/arm_ros2/install/arm_state/share/colcon-core/packages/arm_state)
[53.858s] DEBUG:colcon.colcon_parallel_executor.executor.parallel:closing loop
[53.858s] DEBUG:colcon.colcon_parallel_executor.executor.parallel:loop closed
[53.858s] DEBUG:colcon.colcon_parallel_executor.executor.parallel:run_until_complete finished with '0'
[53.858s] DEBUG:colcon.colcon_core.event_reactor:joining thread
[53.870s] INFO:colcon.colcon_core.plugin_system:Skipping extension 'colcon_notification.desktop_notification.terminal_notifier': Not used on non-Darwin systems
[53.870s] INFO:colcon.colcon_core.plugin_system:Skipping extension 'colcon_notification.desktop_notification.win32': Not used on non-Windows systems
[53.870s] INFO:colcon.colcon_notification.desktop_notification:Sending desktop notification using 'notify2'
[53.912s] DEBUG:colcon.colcon_core.event_reactor:joined thread
[53.913s] INFO:colcon.colcon_core.shell:Creating prefix script '/home/user/arm_ros2/install/local_setup.ps1'
[53.914s] INFO:colcon.colcon_core.shell:Creating prefix util module '/home/user/arm_ros2/install/_local_setup_util_ps1.py'
[53.916s] INFO:colcon.colcon_core.shell:Creating prefix chain script '/home/user/arm_ros2/install/setup.ps1'
[53.919s] INFO:colcon.colcon_core.shell:Creating prefix script '/home/user/arm_ros2/install/local_setup.sh'
[53.921s] INFO:colcon.colcon_core.shell:Creating prefix util module '/home/user/arm_ros2/install/_local_setup_util_sh.py'
[53.922s] INFO:colcon.colcon_core.shell:Creating prefix chain script '/home/user/arm_ros2/install/setup.sh'
[53.925s] INFO:colcon.colcon_core.shell:Creating prefix script '/home/user/arm_ros2/install/local_setup.bash'
[53.927s] INFO:colcon.colcon_core.shell:Creating prefix chain script '/home/user/arm_ros2/install/setup.bash'
[53.930s] INFO:colcon.colcon_core.shell:Creating prefix script '/home/user/arm_ros2/install/local_setup.zsh'
[53.931s] INFO:colcon.colcon_core.shell:Creating prefix chain script '/home/user/arm_ros2/install/setup.zsh'
