[0.063s] Invoking command in '/home/user/arm_ros2/build/arm_state': CMAKE_PREFIX_PATH=${CMAKE_PREFIX_PATH}:/home/user/turtlebot3_ws/install/turtlebot3_teleop:/home/user/turtlebot3_ws/install/turtlebot3_example DEBUGINFOD_URLS=https://debuginfod.ubuntu.com /usr/bin/cmake --build /home/user/arm_ros2/build/arm_state -- -j12 -l12
[0.382s] [ 12%] Built target client
[0.382s] [ 25%] Built target start
[0.383s] [ 37%] Built target server
[0.387s] [ 50%] Built target save
[0.397s] [ 62%] Built target ard_pubser
[0.407s] [ 75%] Built target arduino
[0.409s] [ 87%] Built target com
[0.448s] [100%] Built target stop
[0.490s] Invoked command in '/home/user/arm_ros2/build/arm_state' returned '0': CMAKE_PREFIX_PATH=${CMAKE_PREFIX_PATH}:/home/user/turtlebot3_ws/install/turtlebot3_teleop:/home/user/turtlebot3_ws/install/turtlebot3_example DEBUGINFOD_URLS=https://debuginfod.ubuntu.com /usr/bin/cmake --build /home/user/arm_ros2/build/arm_state -- -j12 -l12
[0.497s] Invoking command in '/home/user/arm_ros2/build/arm_state': CMAKE_PREFIX_PATH=${CMAKE_PREFIX_PATH}:/home/user/turtlebot3_ws/install/turtlebot3_teleop:/home/user/turtlebot3_ws/install/turtlebot3_example DEBUGINFOD_URLS=https://debuginfod.ubuntu.com /usr/bin/cmake --install /home/user/arm_ros2/build/arm_state
[0.532s] -- Install configuration: ""
[0.533s] -- Up-to-date: /home/user/arm_ros2/install/arm_state/lib/arm_state/com
[0.535s] -- Up-to-date: /home/user/arm_ros2/install/arm_state/lib/arm_state/arduino
[0.538s] -- Up-to-date: /home/user/arm_ros2/install/arm_state/lib/arm_state/client
[0.540s] -- Up-to-date: /home/user/arm_ros2/install/arm_state/lib/arm_state/server
[0.547s] -- Up-to-date: /home/user/arm_ros2/install/arm_state/lib/arm_state/ard_pubser
[0.548s] -- Up-to-date: /home/user/arm_ros2/install/arm_state/lib/arm_state/save
[0.551s] -- Up-to-date: /home/user/arm_ros2/install/arm_state/lib/arm_state/start
[0.553s] -- Up-to-date: /home/user/arm_ros2/install/arm_state/lib/arm_state/stop
[0.556s] -- Up-to-date: /home/user/arm_ros2/install/arm_state/share/ament_index/resource_index/package_run_dependencies/arm_state
[0.557s] -- Up-to-date: /home/user/arm_ros2/install/arm_state/share/ament_index/resource_index/parent_prefix_path/arm_state
[0.557s] -- Up-to-date: /home/user/arm_ros2/install/arm_state/share/arm_state/environment/ament_prefix_path.sh
[0.557s] -- Up-to-date: /home/user/arm_ros2/install/arm_state/share/arm_state/environment/ament_prefix_path.dsv
[0.557s] -- Up-to-date: /home/user/arm_ros2/install/arm_state/share/arm_state/environment/path.sh
[0.558s] -- Up-to-date: /home/user/arm_ros2/install/arm_state/share/arm_state/environment/path.dsv
[0.558s] -- Up-to-date: /home/user/arm_ros2/install/arm_state/share/arm_state/local_setup.bash
[0.559s] -- Up-to-date: /home/user/arm_ros2/install/arm_state/share/arm_state/local_setup.sh
[0.560s] -- Up-to-date: /home/user/arm_ros2/install/arm_state/share/arm_state/local_setup.zsh
[0.560s] -- Up-to-date: /home/user/arm_ros2/install/arm_state/share/arm_state/local_setup.dsv
[0.560s] -- Installing: /home/user/arm_ros2/install/arm_state/share/arm_state/package.dsv
[0.560s] -- Up-to-date: /home/user/arm_ros2/install/arm_state/share/ament_index/resource_index/packages/arm_state
[0.560s] -- Up-to-date: /home/user/arm_ros2/install/arm_state/share/arm_state/cmake/arm_stateConfig.cmake
[0.561s] -- Up-to-date: /home/user/arm_ros2/install/arm_state/share/arm_state/cmake/arm_stateConfig-version.cmake
[0.561s] -- Up-to-date: /home/user/arm_ros2/install/arm_state/share/arm_state/package.xml
[0.587s] Invoked command in '/home/user/arm_ros2/build/arm_state' returned '0': CMAKE_PREFIX_PATH=${CMAKE_PREFIX_PATH}:/home/user/turtlebot3_ws/install/turtlebot3_teleop:/home/user/turtlebot3_ws/install/turtlebot3_example DEBUGINFOD_URLS=https://debuginfod.ubuntu.com /usr/bin/cmake --install /home/user/arm_ros2/build/arm_state
