-- The C compiler identification is GNU 13.3.0
-- The CXX compiler identification is GNU 13.3.0
-- Detecting C compiler ABI info
-- Detecting C compiler ABI info - done
-- Check for working C compiler: /usr/bin/cc - skipped
-- Detecting C compile features
-- Detecting C compile features - done
-- Detecting CXX compiler ABI info
-- Detecting CXX compiler ABI info - done
-- Check for working CXX compiler: /usr/bin/c++ - skipped
-- Detecting CXX compile features
-- Detecting CXX compile features - done
-- Found ament_cmake: 2.5.3 (/opt/ros/jazzy/share/ament_cmake/cmake)
-- Found Python3: /usr/bin/python3 (found version "3.12.3") found components: Interpreter 
-- Found rclcpp: 28.1.6 (/opt/ros/jazzy/share/rclcpp/cmake)
-- Found rosidl_generator_c: 4.6.5 (/opt/ros/jazzy/share/rosidl_generator_c/cmake)
-- Found rosidl_generator_cpp: 4.6.5 (/opt/ros/jazzy/share/rosidl_generator_cpp/cmake)
-- Using all available rosidl_typesupport_c: rosidl_typesupport_fastrtps_c;rosidl_typesupport_introspection_c
-- Using all available rosidl_typesupport_cpp: rosidl_typesupport_fastrtps_cpp;rosidl_typesupport_introspection_cpp
-- Found rmw_implementation_cmake: 7.3.1 (/opt/ros/jazzy/share/rmw_implementation_cmake/cmake)
-- Found rmw_fastrtps_cpp: 8.4.1 (/opt/ros/jazzy/share/rmw_fastrtps_cpp/cmake)
-- Found OpenSSL: /usr/lib/x86_64-linux-gnu/libcrypto.so (found version "3.0.13")  
-- Found FastRTPS: /opt/ros/jazzy/include (Required is at least version "2.13") 
-- Using RMW implementation 'rmw_fastrtps_cpp' as default
-- Found geometry_msgs: 5.3.5 (/opt/ros/jazzy/share/geometry_msgs/cmake)
-- Found tf2: 0.36.8 (/opt/ros/jazzy/share/tf2/cmake)
-- Found tf2_geometry_msgs: 0.36.8 (/opt/ros/jazzy/share/tf2_geometry_msgs/cmake)
-- Found eigen3_cmake_module: 0.3.0 (/opt/ros/jazzy/share/eigen3_cmake_module/cmake)
-- Found Eigen3: TRUE (found version "3.4.0") 
-- Ensuring Eigen3 include directory is part of orocos-kdl CMake target
-- Found std_srvs: 5.3.5 (/opt/ros/jazzy/share/std_srvs/cmake)
-- Found ament_lint_auto: 0.17.1 (/opt/ros/jazzy/share/ament_lint_auto/cmake)
-- Added test 'cppcheck' to perform static code analysis on C / C++ code
-- Configured cppcheck include dirs: 
-- Configured cppcheck exclude dirs and/or files: 
-- Added test 'lint_cmake' to check CMake code style
-- Added test 'uncrustify' to check C / C++ code style
-- Configured uncrustify additional arguments: 
-- Added test 'xmllint' to check XML markup files
-- Configuring done (8.0s)
-- Generating done (0.1s)
-- Build files have been written to: /home/user/arm_ros2/build/localizer_server
[ 25%] [32mBuilding CXX object CMakeFiles/global_localization.dir/src/global_localization.cpp.o[0m
[ 50%] [32mBuilding CXX object CMakeFiles/init_pose_pub.dir/src/init_robot.cpp.o[0m
[ 75%] [32m[1mLinking CXX executable global_localization[0m
[ 75%] Built target global_localization
[100%] [32m[1mLinking CXX executable init_pose_pub[0m
[100%] Built target init_pose_pub
-- Install configuration: ""
-- Installing: /home/user/arm_ros2/install/localizer_server/lib/localizer_server/init_pose_pub
-- Set non-toolchain portion of runtime path of "/home/user/arm_ros2/install/localizer_server/lib/localizer_server/init_pose_pub" to ""
-- Installing: /home/user/arm_ros2/install/localizer_server/lib/localizer_server/global_localization
-- Set non-toolchain portion of runtime path of "/home/user/arm_ros2/install/localizer_server/lib/localizer_server/global_localization" to ""
-- Installing: /home/user/arm_ros2/install/localizer_server/share/ament_index/resource_index/package_run_dependencies/localizer_server
-- Installing: /home/user/arm_ros2/install/localizer_server/share/ament_index/resource_index/parent_prefix_path/localizer_server
-- Installing: /home/user/arm_ros2/install/localizer_server/share/localizer_server/environment/ament_prefix_path.sh
-- Installing: /home/user/arm_ros2/install/localizer_server/share/localizer_server/environment/ament_prefix_path.dsv
-- Installing: /home/user/arm_ros2/install/localizer_server/share/localizer_server/environment/path.sh
-- Installing: /home/user/arm_ros2/install/localizer_server/share/localizer_server/environment/path.dsv
-- Installing: /home/user/arm_ros2/install/localizer_server/share/localizer_server/local_setup.bash
-- Installing: /home/user/arm_ros2/install/localizer_server/share/localizer_server/local_setup.sh
-- Installing: /home/user/arm_ros2/install/localizer_server/share/localizer_server/local_setup.zsh
-- Installing: /home/user/arm_ros2/install/localizer_server/share/localizer_server/local_setup.dsv
-- Installing: /home/user/arm_ros2/install/localizer_server/share/localizer_server/package.dsv
-- Installing: /home/user/arm_ros2/install/localizer_server/share/ament_index/resource_index/packages/localizer_server
-- Installing: /home/user/arm_ros2/install/localizer_server/share/localizer_server/cmake/localizer_serverConfig.cmake
-- Installing: /home/user/arm_ros2/install/localizer_server/share/localizer_server/cmake/localizer_serverConfig-version.cmake
-- Installing: /home/user/arm_ros2/install/localizer_server/share/localizer_server/package.xml
