[0.049s] Invoking command in '/home/user/arm_ros2/build/localizer_server': CMAKE_PREFIX_PATH=${CMAKE_PREFIX_PATH}:/home/user/turtlebot3_ws/install/turtlebot3_teleop:/home/user/turtlebot3_ws/install/turtlebot3_example DEBUGINFOD_URLS=https://debuginfod.ubuntu.com /usr/bin/cmake /home/user/arm_ros2/src/localizer_server -DCMAKE_INSTALL_PREFIX=/home/user/arm_ros2/install/localizer_server
[0.331s] -- The C compiler identification is GNU 13.3.0
[0.759s] -- The CXX compiler identification is GNU 13.3.0
[0.852s] -- Detecting C compiler ABI info
[1.255s] -- Detecting C compiler ABI info - done
[1.348s] -- Check for working C compiler: /usr/bin/cc - skipped
[1.350s] -- Detecting C compile features
[1.354s] -- Detecting C compile features - done
[1.412s] -- Detecting CXX compiler ABI info
[1.861s] -- Detecting CXX compiler ABI info - done
[1.881s] -- Check for working CXX compiler: /usr/bin/c++ - skipped
[1.883s] -- Detecting CXX compile features
[1.883s] -- Detecting CXX compile features - done
[1.889s] -- Found ament_cmake: 2.5.3 (/opt/ros/jazzy/share/ament_cmake/cmake)
[2.769s] -- Found Python3: /usr/bin/python3 (found version "3.12.3") found components: Interpreter 
[3.068s] -- Found rclcpp: 28.1.6 (/opt/ros/jazzy/share/rclcpp/cmake)
[3.245s] -- Found rosidl_generator_c: 4.6.5 (/opt/ros/jazzy/share/rosidl_generator_c/cmake)
[3.307s] -- Found rosidl_generator_cpp: 4.6.5 (/opt/ros/jazzy/share/rosidl_generator_cpp/cmake)
[3.478s] -- Using all available rosidl_typesupport_c: rosidl_typesupport_fastrtps_c;rosidl_typesupport_introspection_c
[3.667s] -- Using all available rosidl_typesupport_cpp: rosidl_typesupport_fastrtps_cpp;rosidl_typesupport_introspection_cpp
[4.071s] -- Found rmw_implementation_cmake: 7.3.1 (/opt/ros/jazzy/share/rmw_implementation_cmake/cmake)
[4.080s] -- Found rmw_fastrtps_cpp: 8.4.1 (/opt/ros/jazzy/share/rmw_fastrtps_cpp/cmake)
[4.468s] -- Found OpenSSL: /usr/lib/x86_64-linux-gnu/libcrypto.so (found version "3.0.13")  
[4.596s] -- Found FastRTPS: /opt/ros/jazzy/include (Required is at least version "2.13") 
[4.704s] -- Using RMW implementation 'rmw_fastrtps_cpp' as default
[4.984s] -- Found geometry_msgs: 5.3.5 (/opt/ros/jazzy/share/geometry_msgs/cmake)
[5.062s] -- Found tf2: 0.36.8 (/opt/ros/jazzy/share/tf2/cmake)
[5.087s] -- Found tf2_geometry_msgs: 0.36.8 (/opt/ros/jazzy/share/tf2_geometry_msgs/cmake)
[5.218s] -- Found eigen3_cmake_module: 0.3.0 (/opt/ros/jazzy/share/eigen3_cmake_module/cmake)
[5.229s] -- Found Eigen3: TRUE (found version "3.4.0") 
[5.230s] -- Ensuring Eigen3 include directory is part of orocos-kdl CMake target
[6.715s] -- Found std_srvs: 5.3.5 (/opt/ros/jazzy/share/std_srvs/cmake)
[6.968s] -- Found ament_lint_auto: 0.17.1 (/opt/ros/jazzy/share/ament_lint_auto/cmake)
[7.988s] -- Added test 'cppcheck' to perform static code analysis on C / C++ code
[7.998s] -- Configured cppcheck include dirs: 
[7.999s] -- Configured cppcheck exclude dirs and/or files: 
[8.001s] -- Added test 'lint_cmake' to check CMake code style
[8.006s] -- Added test 'uncrustify' to check C / C++ code style
[8.007s] -- Configured uncrustify additional arguments: 
[8.013s] -- Added test 'xmllint' to check XML markup files
[8.037s] -- Configuring done (8.0s)
[8.177s] -- Generating done (0.1s)
[8.229s] -- Build files have been written to: /home/user/arm_ros2/build/localizer_server
[8.302s] Invoked command in '/home/user/arm_ros2/build/localizer_server' returned '0': CMAKE_PREFIX_PATH=${CMAKE_PREFIX_PATH}:/home/user/turtlebot3_ws/install/turtlebot3_teleop:/home/user/turtlebot3_ws/install/turtlebot3_example DEBUGINFOD_URLS=https://debuginfod.ubuntu.com /usr/bin/cmake /home/user/arm_ros2/src/localizer_server -DCMAKE_INSTALL_PREFIX=/home/user/arm_ros2/install/localizer_server
[8.305s] Invoking command in '/home/user/arm_ros2/build/localizer_server': CMAKE_PREFIX_PATH=${CMAKE_PREFIX_PATH}:/home/user/turtlebot3_ws/install/turtlebot3_teleop:/home/user/turtlebot3_ws/install/turtlebot3_example DEBUGINFOD_URLS=https://debuginfod.ubuntu.com /usr/bin/cmake --build /home/user/arm_ros2/build/localizer_server -- -j12 -l12
[8.492s] [ 25%] [32mBuilding CXX object CMakeFiles/global_localization.dir/src/global_localization.cpp.o[0m
[8.538s] [ 50%] [32mBuilding CXX object CMakeFiles/init_pose_pub.dir/src/init_robot.cpp.o[0m
[25.106s] [ 75%] [32m[1mLinking CXX executable global_localization[0m
[25.716s] [ 75%] Built target global_localization
[50.926s] [100%] [32m[1mLinking CXX executable init_pose_pub[0m
[52.024s] [100%] Built target init_pose_pub
[52.061s] Invoked command in '/home/user/arm_ros2/build/localizer_server' returned '0': CMAKE_PREFIX_PATH=${CMAKE_PREFIX_PATH}:/home/user/turtlebot3_ws/install/turtlebot3_teleop:/home/user/turtlebot3_ws/install/turtlebot3_example DEBUGINFOD_URLS=https://debuginfod.ubuntu.com /usr/bin/cmake --build /home/user/arm_ros2/build/localizer_server -- -j12 -l12
[52.065s] Invoking command in '/home/user/arm_ros2/build/localizer_server': CMAKE_PREFIX_PATH=${CMAKE_PREFIX_PATH}:/home/user/turtlebot3_ws/install/turtlebot3_teleop:/home/user/turtlebot3_ws/install/turtlebot3_example DEBUGINFOD_URLS=https://debuginfod.ubuntu.com /usr/bin/cmake --install /home/user/arm_ros2/build/localizer_server
[52.085s] -- Install configuration: ""
[52.085s] -- Installing: /home/user/arm_ros2/install/localizer_server/lib/localizer_server/init_pose_pub
[52.094s] -- Set non-toolchain portion of runtime path of "/home/user/arm_ros2/install/localizer_server/lib/localizer_server/init_pose_pub" to ""
[52.094s] -- Installing: /home/user/arm_ros2/install/localizer_server/lib/localizer_server/global_localization
[52.097s] -- Set non-toolchain portion of runtime path of "/home/user/arm_ros2/install/localizer_server/lib/localizer_server/global_localization" to ""
[52.098s] -- Installing: /home/user/arm_ros2/install/localizer_server/share/ament_index/resource_index/package_run_dependencies/localizer_server
[52.098s] -- Installing: /home/user/arm_ros2/install/localizer_server/share/ament_index/resource_index/parent_prefix_path/localizer_server
[52.100s] -- Installing: /home/user/arm_ros2/install/localizer_server/share/localizer_server/environment/ament_prefix_path.sh
[52.101s] -- Installing: /home/user/arm_ros2/install/localizer_server/share/localizer_server/environment/ament_prefix_path.dsv
[52.102s] -- Installing: /home/user/arm_ros2/install/localizer_server/share/localizer_server/environment/path.sh
[52.104s] -- Installing: /home/user/arm_ros2/install/localizer_server/share/localizer_server/environment/path.dsv
[52.111s] -- Installing: /home/user/arm_ros2/install/localizer_server/share/localizer_server/local_setup.bash
[52.112s] -- Installing: /home/user/arm_ros2/install/localizer_server/share/localizer_server/local_setup.sh
[52.112s] -- Installing: /home/user/arm_ros2/install/localizer_server/share/localizer_server/local_setup.zsh
[52.114s] -- Installing: /home/user/arm_ros2/install/localizer_server/share/localizer_server/local_setup.dsv
[52.115s] -- Installing: /home/user/arm_ros2/install/localizer_server/share/localizer_server/package.dsv
[52.116s] -- Installing: /home/user/arm_ros2/install/localizer_server/share/ament_index/resource_index/packages/localizer_server
[52.116s] -- Installing: /home/user/arm_ros2/install/localizer_server/share/localizer_server/cmake/localizer_serverConfig.cmake
[52.117s] -- Installing: /home/user/arm_ros2/install/localizer_server/share/localizer_server/cmake/localizer_serverConfig-version.cmake
[52.118s] -- Installing: /home/user/arm_ros2/install/localizer_server/share/localizer_server/package.xml
[52.119s] Invoked command in '/home/user/arm_ros2/build/localizer_server' returned '0': CMAKE_PREFIX_PATH=${CMAKE_PREFIX_PATH}:/home/user/turtlebot3_ws/install/turtlebot3_teleop:/home/user/turtlebot3_ws/install/turtlebot3_example DEBUGINFOD_URLS=https://debuginfod.ubuntu.com /usr/bin/cmake --install /home/user/arm_ros2/build/localizer_server
