[0.032s] Invoking command in '/home/user/arm_ros2/build/arm_state': DEBUGINFOD_URLS=https://debuginfod.ubuntu.com /usr/bin/cmake --build /home/user/arm_ros2/build/arm_state -- -j12 -l12
[0.198s] [ 12%] Built target arduino
[0.201s] [ 25%] Built target save
[0.275s] [ 37%] Built target stop
[0.276s] [ 50%] Built target ard_pubser
[0.277s] [ 62%] Built target client
[0.310s] [ 75%] Built target start
[0.321s] [ 87%] Built target server
[0.333s] [100%] Built target com
[0.366s] Invoked command in '/home/user/arm_ros2/build/arm_state' returned '0': DEBUGINFOD_URLS=https://debuginfod.ubuntu.com /usr/bin/cmake --build /home/user/arm_ros2/build/arm_state -- -j12 -l12
[0.369s] Invoking command in '/home/user/arm_ros2/build/arm_state': DEBUGINFOD_URLS=https://debuginfod.ubuntu.com /usr/bin/cmake --install /home/user/arm_ros2/build/arm_state
[0.384s] -- Install configuration: ""
[0.386s] -- Up-to-date: /home/user/arm_ros2/install/arm_state/lib/arm_state/com
[0.387s] -- Up-to-date: /home/user/arm_ros2/install/arm_state/lib/arm_state/arduino
[0.388s] -- Up-to-date: /home/user/arm_ros2/install/arm_state/lib/arm_state/client
[0.389s] -- Up-to-date: /home/user/arm_ros2/install/arm_state/lib/arm_state/server
[0.391s] -- Up-to-date: /home/user/arm_ros2/install/arm_state/lib/arm_state/ard_pubser
[0.392s] -- Up-to-date: /home/user/arm_ros2/install/arm_state/lib/arm_state/save
[0.393s] -- Up-to-date: /home/user/arm_ros2/install/arm_state/lib/arm_state/start
[0.394s] -- Up-to-date: /home/user/arm_ros2/install/arm_state/lib/arm_state/stop
[0.395s] -- Up-to-date: /home/user/arm_ros2/install/arm_state/share/ament_index/resource_index/package_run_dependencies/arm_state
[0.395s] -- Up-to-date: /home/user/arm_ros2/install/arm_state/share/ament_index/resource_index/parent_prefix_path/arm_state
[0.396s] -- Up-to-date: /home/user/arm_ros2/install/arm_state/share/arm_state/environment/ament_prefix_path.sh
[0.397s] -- Up-to-date: /home/user/arm_ros2/install/arm_state/share/arm_state/environment/ament_prefix_path.dsv
[0.398s] -- Up-to-date: /home/user/arm_ros2/install/arm_state/share/arm_state/environment/path.sh
[0.398s] -- Up-to-date: /home/user/arm_ros2/install/arm_state/share/arm_state/environment/path.dsv
[0.400s] -- Up-to-date: /home/user/arm_ros2/install/arm_state/share/arm_state/local_setup.bash
[0.404s] -- Up-to-date: /home/user/arm_ros2/install/arm_state/share/arm_state/local_setup.sh
[0.405s] -- Up-to-date: /home/user/arm_ros2/install/arm_state/share/arm_state/local_setup.zsh
[0.407s] -- Up-to-date: /home/user/arm_ros2/install/arm_state/share/arm_state/local_setup.dsv
[0.408s] -- Installing: /home/user/arm_ros2/install/arm_state/share/arm_state/package.dsv
[0.409s] -- Up-to-date: /home/user/arm_ros2/install/arm_state/share/ament_index/resource_index/packages/arm_state
[0.412s] -- Up-to-date: /home/user/arm_ros2/install/arm_state/share/arm_state/cmake/arm_stateConfig.cmake
[0.414s] -- Up-to-date: /home/user/arm_ros2/install/arm_state/share/arm_state/cmake/arm_stateConfig-version.cmake
[0.417s] -- Up-to-date: /home/user/arm_ros2/install/arm_state/share/arm_state/package.xml
[0.419s] Invoked command in '/home/user/arm_ros2/build/arm_state' returned '0': DEBUGINFOD_URLS=https://debuginfod.ubuntu.com /usr/bin/cmake --install /home/user/arm_ros2/build/arm_state
