[0.041s] Invoking command in '/home/user/arm_ros2/build/robot_description': CMAKE_PREFIX_PATH=${CMAKE_PREFIX_PATH}:/home/user/turtlebot3_ws/install/turtlebot3_teleop:/home/user/turtlebot3_ws/install/turtlebot3_example DEBUGINFOD_URLS=https://debuginfod.ubuntu.com /usr/bin/cmake /home/user/arm_ros2/src/robot_description -DCMAKE_INSTALL_PREFIX=/home/user/arm_ros2/install/robot_description
[0.253s] -- The C compiler identification is GNU 13.3.0
[0.622s] -- The CXX compiler identification is GNU 13.3.0
[0.722s] -- Detecting C compiler ABI info
[1.168s] -- Detecting C compiler ABI info - done
[1.245s] -- Check for working C compiler: /usr/bin/cc - skipped
[1.245s] -- Detecting C compile features
[1.246s] -- Detecting C compile features - done
[1.287s] -- Detecting CXX compiler ABI info
[1.766s] -- Detecting CXX compiler ABI info - done
[1.834s] -- Check for working CXX compiler: /usr/bin/c++ - skipped
[1.836s] -- Detecting CXX compile features
[1.837s] -- Detecting CXX compile features - done
[1.844s] -- Found ament_cmake: 2.5.3 (/opt/ros/jazzy/share/ament_cmake/cmake)
[2.502s] -- Found Python3: /usr/bin/python3 (found version "3.12.3") found components: Interpreter 
[2.835s] -- Found ament_lint_auto: 0.17.1 (/opt/ros/jazzy/share/ament_lint_auto/cmake)
[3.455s] -- Added test 'flake8' to check Python code syntax and style conventions
[3.456s] -- Configured 'flake8' exclude dirs and/or files: 
[3.467s] -- Added test 'lint_cmake' to check CMake code style
[3.477s] -- Added test 'pep257' to check Python code against some of the docstring style conventions in PEP 257
[3.522s] -- Added test 'xmllint' to check XML markup files
[3.526s] -- Configuring done (3.4s)
[3.531s] -- Generating done (0.0s)
[3.543s] -- Build files have been written to: /home/user/arm_ros2/build/robot_description
[3.573s] Invoked command in '/home/user/arm_ros2/build/robot_description' returned '0': CMAKE_PREFIX_PATH=${CMAKE_PREFIX_PATH}:/home/user/turtlebot3_ws/install/turtlebot3_teleop:/home/user/turtlebot3_ws/install/turtlebot3_example DEBUGINFOD_URLS=https://debuginfod.ubuntu.com /usr/bin/cmake /home/user/arm_ros2/src/robot_description -DCMAKE_INSTALL_PREFIX=/home/user/arm_ros2/install/robot_description
[3.577s] Invoking command in '/home/user/arm_ros2/build/robot_description': CMAKE_PREFIX_PATH=${CMAKE_PREFIX_PATH}:/home/user/turtlebot3_ws/install/turtlebot3_teleop:/home/user/turtlebot3_ws/install/turtlebot3_example DEBUGINFOD_URLS=https://debuginfod.ubuntu.com /usr/bin/cmake --build /home/user/arm_ros2/build/robot_description -- -j12 -l12
[3.705s] Invoked command in '/home/user/arm_ros2/build/robot_description' returned '0': CMAKE_PREFIX_PATH=${CMAKE_PREFIX_PATH}:/home/user/turtlebot3_ws/install/turtlebot3_teleop:/home/user/turtlebot3_ws/install/turtlebot3_example DEBUGINFOD_URLS=https://debuginfod.ubuntu.com /usr/bin/cmake --build /home/user/arm_ros2/build/robot_description -- -j12 -l12
[3.737s] Invoking command in '/home/user/arm_ros2/build/robot_description': CMAKE_PREFIX_PATH=${CMAKE_PREFIX_PATH}:/home/user/turtlebot3_ws/install/turtlebot3_teleop:/home/user/turtlebot3_ws/install/turtlebot3_example DEBUGINFOD_URLS=https://debuginfod.ubuntu.com /usr/bin/cmake --install /home/user/arm_ros2/build/robot_description
[3.752s] -- Install configuration: ""
[3.753s] -- Installing: /home/user/arm_ros2/install/robot_description/share/robot_description/urdf
[3.753s] -- Installing: /home/user/arm_ros2/install/robot_description/share/robot_description/urdf/robot_core.xacro
[3.753s] -- Installing: /home/user/arm_ros2/install/robot_description/share/robot_description/urdf/camera.xacro
[3.754s] -- Installing: /home/user/arm_ros2/install/robot_description/share/robot_description/urdf/robot.urdf.xacro
[3.754s] -- Installing: /home/user/arm_ros2/install/robot_description/share/robot_description/urdf/gazebo_control.xacro
[3.755s] -- Installing: /home/user/arm_ros2/install/robot_description/share/robot_description/urdf/lidar.xacro
[3.755s] -- Installing: /home/user/arm_ros2/install/robot_description/share/robot_description/rviz
[3.756s] -- Installing: /home/user/arm_ros2/install/robot_description/share/robot_description/launch
[3.756s] -- Installing: /home/user/arm_ros2/install/robot_description/share/robot_description/launch/localization.launch.py
[3.757s] -- Installing: /home/user/arm_ros2/install/robot_description/share/robot_description/launch/launch_sim.launch.py
[3.757s] -- Installing: /home/user/arm_ros2/install/robot_description/share/robot_description/launch/upload.launch.py
[3.757s] -- Installing: /home/user/arm_ros2/install/robot_description/share/robot_description/launch/map_building.launch.py
[3.757s] -- Installing: /home/user/arm_ros2/install/robot_description/share/robot_description/launch/nav2_bringup.launch.py
[3.758s] -- Installing: /home/user/arm_ros2/install/robot_description/share/robot_description/launch/nav2_with_slam.launch.py
[3.758s] -- Installing: /home/user/arm_ros2/install/robot_description/share/robot_description/launch/display.launch.py
[3.758s] -- Installing: /home/user/arm_ros2/install/robot_description/share/robot_description/config
[3.758s] -- Installing: /home/user/arm_ros2/install/robot_description/share/robot_description/config/amcl.yaml
[3.758s] -- Installing: /home/user/arm_ros2/install/robot_description/share/robot_description/config/navigation.yaml
[3.758s] -- Installing: /home/user/arm_ros2/install/robot_description/share/robot_description/config/gz_bridge.yaml
[3.759s] -- Installing: /home/user/arm_ros2/install/robot_description/share/robot_description/config/waypoint.yaml
[3.759s] -- Installing: /home/user/arm_ros2/install/robot_description/share/robot_description/config/mapper_params.yaml
[3.759s] -- Installing: /home/user/arm_ros2/install/robot_description/share/ament_index/resource_index/package_run_dependencies/robot_description
[3.759s] -- Installing: /home/user/arm_ros2/install/robot_description/share/ament_index/resource_index/parent_prefix_path/robot_description
[3.759s] -- Installing: /home/user/arm_ros2/install/robot_description/share/robot_description/environment/ament_prefix_path.sh
[3.759s] -- Installing: /home/user/arm_ros2/install/robot_description/share/robot_description/environment/ament_prefix_path.dsv
[3.759s] -- Installing: /home/user/arm_ros2/install/robot_description/share/robot_description/environment/path.sh
[3.760s] -- Installing: /home/user/arm_ros2/install/robot_description/share/robot_description/environment/path.dsv
[3.760s] -- Installing: /home/user/arm_ros2/install/robot_description/share/robot_description/local_setup.bash
[3.760s] -- Installing: /home/user/arm_ros2/install/robot_description/share/robot_description/local_setup.sh
[3.760s] -- Installing: /home/user/arm_ros2/install/robot_description/share/robot_description/local_setup.zsh
[3.761s] -- Installing: /home/user/arm_ros2/install/robot_description/share/robot_description/local_setup.dsv
[3.761s] -- Installing: /home/user/arm_ros2/install/robot_description/share/robot_description/package.dsv
[3.761s] -- Installing: /home/user/arm_ros2/install/robot_description/share/ament_index/resource_index/packages/robot_description
[3.762s] -- Installing: /home/user/arm_ros2/install/robot_description/share/robot_description/cmake/robot_descriptionConfig.cmake
[3.762s] -- Installing: /home/user/arm_ros2/install/robot_description/share/robot_description/cmake/robot_descriptionConfig-version.cmake
[3.762s] -- Installing: /home/user/arm_ros2/install/robot_description/share/robot_description/package.xml
[3.765s] Invoked command in '/home/user/arm_ros2/build/robot_description' returned '0': CMAKE_PREFIX_PATH=${CMAKE_PREFIX_PATH}:/home/user/turtlebot3_ws/install/turtlebot3_teleop:/home/user/turtlebot3_ws/install/turtlebot3_example DEBUGINFOD_URLS=https://debuginfod.ubuntu.com /usr/bin/cmake --install /home/user/arm_ros2/build/robot_description
