-- Install configuration: ""
-- Up-to-date: /home/user/arm_ros2/install/robot_description/share/robot_description/urdf
-- Up-to-date: /home/user/arm_ros2/install/robot_description/share/robot_description/urdf/arm.urdf
-- Up-to-date: /home/user/arm_ros2/install/robot_description/share/robot_description/urdf/robot_core.xacro
-- Up-to-date: /home/user/arm_ros2/install/robot_description/share/robot_description/urdf/camera.xacro
-- Up-to-date: /home/user/arm_ros2/install/robot_description/share/robot_description/urdf/robot.urdf.xacro
-- Up-to-date: /home/user/arm_ros2/install/robot_description/share/robot_description/urdf/gazebo_control.xacro
-- Installing: /home/user/arm_ros2/install/robot_description/share/robot_description/urdf/lidar.xacro
-- Up-to-date: /home/user/arm_ros2/install/robot_description/share/robot_description/rviz
-- Up-to-date: /home/user/arm_ros2/install/robot_description/share/robot_description/launch
-- Up-to-date: /home/user/arm_ros2/install/robot_description/share/robot_description/launch/ready.py
-- Up-to-date: /home/user/arm_ros2/install/robot_description/share/robot_description/launch/launch_sim2.launch.py
-- Up-to-date: /home/user/arm_ros2/install/robot_description/share/robot_description/launch/launch_sim.launch.py
-- Up-to-date: /home/user/arm_ros2/install/robot_description/share/robot_description/launch/upload.launch.py
-- Up-to-date: /home/user/arm_ros2/install/robot_description/share/robot_description/launch/map_building.launch.py
-- Up-to-date: /home/user/arm_ros2/install/robot_description/share/robot_description/launch/display.launch.py
-- Up-to-date: /home/user/arm_ros2/install/robot_description/share/robot_description/config
-- Up-to-date: /home/user/arm_ros2/install/robot_description/share/robot_description/config/amcl.yaml
-- Up-to-date: /home/user/arm_ros2/install/robot_description/share/robot_description/config/gz_bridge.yaml
-- Up-to-date: /home/user/arm_ros2/install/robot_description/share/robot_description/config/rosgraph.png
-- Up-to-date: /home/user/arm_ros2/install/robot_description/share/robot_description/config/mapper_params.yaml
-- Up-to-date: /home/user/arm_ros2/install/robot_description/share/robot_description/config/gaz_ros2_ctl_use_sim.yaml
-- Up-to-date: /home/user/arm_ros2/install/robot_description/share/ament_index/resource_index/package_run_dependencies/robot_description
-- Up-to-date: /home/user/arm_ros2/install/robot_description/share/ament_index/resource_index/parent_prefix_path/robot_description
-- Up-to-date: /home/user/arm_ros2/install/robot_description/share/robot_description/environment/ament_prefix_path.sh
-- Up-to-date: /home/user/arm_ros2/install/robot_description/share/robot_description/environment/ament_prefix_path.dsv
-- Up-to-date: /home/user/arm_ros2/install/robot_description/share/robot_description/environment/path.sh
-- Up-to-date: /home/user/arm_ros2/install/robot_description/share/robot_description/environment/path.dsv
-- Up-to-date: /home/user/arm_ros2/install/robot_description/share/robot_description/local_setup.bash
-- Up-to-date: /home/user/arm_ros2/install/robot_description/share/robot_description/local_setup.sh
-- Up-to-date: /home/user/arm_ros2/install/robot_description/share/robot_description/local_setup.zsh
-- Up-to-date: /home/user/arm_ros2/install/robot_description/share/robot_description/local_setup.dsv
-- Installing: /home/user/arm_ros2/install/robot_description/share/robot_description/package.dsv
-- Up-to-date: /home/user/arm_ros2/install/robot_description/share/ament_index/resource_index/packages/robot_description
-- Up-to-date: /home/user/arm_ros2/install/robot_description/share/robot_description/cmake/robot_descriptionConfig.cmake
-- Up-to-date: /home/user/arm_ros2/install/robot_description/share/robot_description/cmake/robot_descriptionConfig-version.cmake
-- Up-to-date: /home/user/arm_ros2/install/robot_description/share/robot_description/package.xml
