[0.044s] Invoking command in '/home/user/arm_ros2/build/arm_state': CMAKE_PREFIX_PATH=${CMAKE_PREFIX_PATH}:/home/user/turtlebot3_ws/install/turtlebot3_teleop:/home/user/turtlebot3_ws/install/turtlebot3_example DEBUGINFOD_URLS=https://debuginfod.ubuntu.com /usr/bin/cmake --build /home/user/arm_ros2/build/arm_state -- -j12 -l12
[0.375s] [ 12%] Built target save
[0.375s] [ 25%] Built target arduino
[0.375s] [ 37%] Built target server
[0.375s] [ 50%] Built target com
[0.375s] [ 62%] Built target client
[0.384s] [ 75%] Built target stop
[0.423s] [ 87%] Built target start
[0.473s] [100%] Built target ard_pubser
[0.524s] Invoked command in '/home/user/arm_ros2/build/arm_state' returned '0': CMAKE_PREFIX_PATH=${CMAKE_PREFIX_PATH}:/home/user/turtlebot3_ws/install/turtlebot3_teleop:/home/user/turtlebot3_ws/install/turtlebot3_example DEBUGINFOD_URLS=https://debuginfod.ubuntu.com /usr/bin/cmake --build /home/user/arm_ros2/build/arm_state -- -j12 -l12
[0.537s] Invoking command in '/home/user/arm_ros2/build/arm_state': CMAKE_PREFIX_PATH=${CMAKE_PREFIX_PATH}:/home/user/turtlebot3_ws/install/turtlebot3_teleop:/home/user/turtlebot3_ws/install/turtlebot3_example DEBUGINFOD_URLS=https://debuginfod.ubuntu.com /usr/bin/cmake --install /home/user/arm_ros2/build/arm_state
[0.576s] -- Install configuration: ""
[0.577s] -- Up-to-date: /home/user/arm_ros2/install/arm_state/lib/arm_state/com
[0.580s] -- Up-to-date: /home/user/arm_ros2/install/arm_state/lib/arm_state/arduino
[0.583s] -- Up-to-date: /home/user/arm_ros2/install/arm_state/lib/arm_state/client
[0.585s] -- Up-to-date: /home/user/arm_ros2/install/arm_state/lib/arm_state/server
[0.587s] -- Up-to-date: /home/user/arm_ros2/install/arm_state/lib/arm_state/ard_pubser
[0.591s] -- Up-to-date: /home/user/arm_ros2/install/arm_state/lib/arm_state/save
[0.592s] -- Up-to-date: /home/user/arm_ros2/install/arm_state/lib/arm_state/start
[0.594s] -- Up-to-date: /home/user/arm_ros2/install/arm_state/lib/arm_state/stop
[0.598s] -- Up-to-date: /home/user/arm_ros2/install/arm_state/share/ament_index/resource_index/package_run_dependencies/arm_state
[0.602s] -- Up-to-date: /home/user/arm_ros2/install/arm_state/share/ament_index/resource_index/parent_prefix_path/arm_state
[0.602s] -- Up-to-date: /home/user/arm_ros2/install/arm_state/share/arm_state/environment/ament_prefix_path.sh
[0.603s] -- Up-to-date: /home/user/arm_ros2/install/arm_state/share/arm_state/environment/ament_prefix_path.dsv
[0.603s] -- Up-to-date: /home/user/arm_ros2/install/arm_state/share/arm_state/environment/path.sh
[0.603s] -- Up-to-date: /home/user/arm_ros2/install/arm_state/share/arm_state/environment/path.dsv
[0.604s] -- Up-to-date: /home/user/arm_ros2/install/arm_state/share/arm_state/local_setup.bash
[0.604s] -- Up-to-date: /home/user/arm_ros2/install/arm_state/share/arm_state/local_setup.sh
[0.608s] -- Up-to-date: /home/user/arm_ros2/install/arm_state/share/arm_state/local_setup.zsh
[0.609s] -- Up-to-date: /home/user/arm_ros2/install/arm_state/share/arm_state/local_setup.dsv
[0.610s] -- Installing: /home/user/arm_ros2/install/arm_state/share/arm_state/package.dsv
[0.611s] -- Up-to-date: /home/user/arm_ros2/install/arm_state/share/ament_index/resource_index/packages/arm_state
[0.611s] -- Up-to-date: /home/user/arm_ros2/install/arm_state/share/arm_state/cmake/arm_stateConfig.cmake
[0.612s] -- Up-to-date: /home/user/arm_ros2/install/arm_state/share/arm_state/cmake/arm_stateConfig-version.cmake
[0.613s] -- Up-to-date: /home/user/arm_ros2/install/arm_state/share/arm_state/package.xml
[0.641s] Invoked command in '/home/user/arm_ros2/build/arm_state' returned '0': CMAKE_PREFIX_PATH=${CMAKE_PREFIX_PATH}:/home/user/turtlebot3_ws/install/turtlebot3_teleop:/home/user/turtlebot3_ws/install/turtlebot3_example DEBUGINFOD_URLS=https://debuginfod.ubuntu.com /usr/bin/cmake --install /home/user/arm_ros2/build/arm_state
