[0.057s] Invoking command in '/home/user/arm_ros2/build/arm_state': CMAKE_PREFIX_PATH=${CMAKE_PREFIX_PATH}:/home/user/turtlebot3_ws/install/turtlebot3_teleop:/home/user/turtlebot3_ws/install/turtlebot3_example DEBUGINFOD_URLS=https://debuginfod.ubuntu.com /usr/bin/cmake --build /home/user/arm_ros2/build/arm_state -- -j12 -l12
[0.286s] [ 12%] Built target save
[0.314s] [ 25%] Built target arduino
[0.315s] [ 37%] Built target start
[0.323s] [ 50%] Built target ard_pubser
[0.339s] [ 62%] Built target server
[0.340s] [ 75%] Built target client
[0.388s] [ 87%] Built target stop
[0.450s] [100%] Built target com
[0.496s] Invoked command in '/home/user/arm_ros2/build/arm_state' returned '0': CMAKE_PREFIX_PATH=${CMAKE_PREFIX_PATH}:/home/user/turtlebot3_ws/install/turtlebot3_teleop:/home/user/turtlebot3_ws/install/turtlebot3_example DEBUGINFOD_URLS=https://debuginfod.ubuntu.com /usr/bin/cmake --build /home/user/arm_ros2/build/arm_state -- -j12 -l12
[0.500s] Invoking command in '/home/user/arm_ros2/build/arm_state': CMAKE_PREFIX_PATH=${CMAKE_PREFIX_PATH}:/home/user/turtlebot3_ws/install/turtlebot3_teleop:/home/user/turtlebot3_ws/install/turtlebot3_example DEBUGINFOD_URLS=https://debuginfod.ubuntu.com /usr/bin/cmake --install /home/user/arm_ros2/build/arm_state
[0.520s] -- Install configuration: ""
[0.520s] -- Up-to-date: /home/user/arm_ros2/install/arm_state/lib/arm_state/com
[0.521s] -- Up-to-date: /home/user/arm_ros2/install/arm_state/lib/arm_state/arduino
[0.521s] -- Up-to-date: /home/user/arm_ros2/install/arm_state/lib/arm_state/client
[0.523s] -- Up-to-date: /home/user/arm_ros2/install/arm_state/lib/arm_state/server
[0.524s] -- Up-to-date: /home/user/arm_ros2/install/arm_state/lib/arm_state/ard_pubser
[0.526s] -- Up-to-date: /home/user/arm_ros2/install/arm_state/lib/arm_state/save
[0.528s] -- Up-to-date: /home/user/arm_ros2/install/arm_state/lib/arm_state/start
[0.530s] -- Up-to-date: /home/user/arm_ros2/install/arm_state/lib/arm_state/stop
[0.532s] -- Up-to-date: /home/user/arm_ros2/install/arm_state/share/ament_index/resource_index/package_run_dependencies/arm_state
[0.533s] -- Up-to-date: /home/user/arm_ros2/install/arm_state/share/ament_index/resource_index/parent_prefix_path/arm_state
[0.534s] -- Up-to-date: /home/user/arm_ros2/install/arm_state/share/arm_state/environment/ament_prefix_path.sh
[0.535s] -- Up-to-date: /home/user/arm_ros2/install/arm_state/share/arm_state/environment/ament_prefix_path.dsv
[0.536s] -- Up-to-date: /home/user/arm_ros2/install/arm_state/share/arm_state/environment/path.sh
[0.537s] -- Up-to-date: /home/user/arm_ros2/install/arm_state/share/arm_state/environment/path.dsv
[0.537s] -- Up-to-date: /home/user/arm_ros2/install/arm_state/share/arm_state/local_setup.bash
[0.538s] -- Up-to-date: /home/user/arm_ros2/install/arm_state/share/arm_state/local_setup.sh
[0.539s] -- Up-to-date: /home/user/arm_ros2/install/arm_state/share/arm_state/local_setup.zsh
[0.540s] -- Up-to-date: /home/user/arm_ros2/install/arm_state/share/arm_state/local_setup.dsv
[0.540s] -- Installing: /home/user/arm_ros2/install/arm_state/share/arm_state/package.dsv
[0.541s] -- Up-to-date: /home/user/arm_ros2/install/arm_state/share/ament_index/resource_index/packages/arm_state
[0.542s] -- Up-to-date: /home/user/arm_ros2/install/arm_state/share/arm_state/cmake/arm_stateConfig.cmake
[0.542s] -- Up-to-date: /home/user/arm_ros2/install/arm_state/share/arm_state/cmake/arm_stateConfig-version.cmake
[0.543s] -- Up-to-date: /home/user/arm_ros2/install/arm_state/share/arm_state/package.xml
[0.548s] Invoked command in '/home/user/arm_ros2/build/arm_state' returned '0': CMAKE_PREFIX_PATH=${CMAKE_PREFIX_PATH}:/home/user/turtlebot3_ws/install/turtlebot3_teleop:/home/user/turtlebot3_ws/install/turtlebot3_example DEBUGINFOD_URLS=https://debuginfod.ubuntu.com /usr/bin/cmake --install /home/user/arm_ros2/build/arm_state
