[ 50%] Built target global_localization
[100%] Built target init_pose_pub
-- Install configuration: ""
-- Up-to-date: /home/user/arm_ros2/install/localizer_server/lib/localizer_server/init_pose_pub
-- Up-to-date: /home/user/arm_ros2/install/localizer_server/lib/localizer_server/global_localization
-- Up-to-date: /home/user/arm_ros2/install/localizer_server/share/ament_index/resource_index/package_run_dependencies/localizer_server
-- Up-to-date: /home/user/arm_ros2/install/localizer_server/share/ament_index/resource_index/parent_prefix_path/localizer_server
-- Up-to-date: /home/user/arm_ros2/install/localizer_server/share/localizer_server/environment/ament_prefix_path.sh
-- Up-to-date: /home/user/arm_ros2/install/localizer_server/share/localizer_server/environment/ament_prefix_path.dsv
-- Up-to-date: /home/user/arm_ros2/install/localizer_server/share/localizer_server/environment/path.sh
-- Up-to-date: /home/user/arm_ros2/install/localizer_server/share/localizer_server/environment/path.dsv
-- Up-to-date: /home/user/arm_ros2/install/localizer_server/share/localizer_server/local_setup.bash
-- Up-to-date: /home/user/arm_ros2/install/localizer_server/share/localizer_server/local_setup.sh
-- Up-to-date: /home/user/arm_ros2/install/localizer_server/share/localizer_server/local_setup.zsh
-- Up-to-date: /home/user/arm_ros2/install/localizer_server/share/localizer_server/local_setup.dsv
-- Installing: /home/user/arm_ros2/install/localizer_server/share/localizer_server/package.dsv
-- Up-to-date: /home/user/arm_ros2/install/localizer_server/share/ament_index/resource_index/packages/localizer_server
-- Up-to-date: /home/user/arm_ros2/install/localizer_server/share/localizer_server/cmake/localizer_serverConfig.cmake
-- Up-to-date: /home/user/arm_ros2/install/localizer_server/share/localizer_server/cmake/localizer_serverConfig-version.cmake
-- Up-to-date: /home/user/arm_ros2/install/localizer_server/share/localizer_server/package.xml
