[ 12%] Built target save
[ 25%] Built target start
[ 37%] Built target ard_pubser
[ 50%] Built target client
[ 62%] Built target stop
[ 75%] Built target arduino
[ 87%] Built target com
[100%] Built target server
-- Install configuration: ""
-- Up-to-date: /home/user/arm_ros2/install/arm_state/lib/arm_state/com
-- Up-to-date: /home/user/arm_ros2/install/arm_state/lib/arm_state/arduino
-- Up-to-date: /home/user/arm_ros2/install/arm_state/lib/arm_state/client
-- Up-to-date: /home/user/arm_ros2/install/arm_state/lib/arm_state/server
-- Up-to-date: /home/user/arm_ros2/install/arm_state/lib/arm_state/ard_pubser
-- Up-to-date: /home/user/arm_ros2/install/arm_state/lib/arm_state/save
-- Up-to-date: /home/user/arm_ros2/install/arm_state/lib/arm_state/start
-- Up-to-date: /home/user/arm_ros2/install/arm_state/lib/arm_state/stop
-- Up-to-date: /home/user/arm_ros2/install/arm_state/share/ament_index/resource_index/package_run_dependencies/arm_state
-- Up-to-date: /home/user/arm_ros2/install/arm_state/share/ament_index/resource_index/parent_prefix_path/arm_state
-- Up-to-date: /home/user/arm_ros2/install/arm_state/share/arm_state/environment/ament_prefix_path.sh
-- Up-to-date: /home/user/arm_ros2/install/arm_state/share/arm_state/environment/ament_prefix_path.dsv
-- Up-to-date: /home/user/arm_ros2/install/arm_state/share/arm_state/environment/path.sh
-- Up-to-date: /home/user/arm_ros2/install/arm_state/share/arm_state/environment/path.dsv
-- Up-to-date: /home/user/arm_ros2/install/arm_state/share/arm_state/local_setup.bash
-- Up-to-date: /home/user/arm_ros2/install/arm_state/share/arm_state/local_setup.sh
-- Up-to-date: /home/user/arm_ros2/install/arm_state/share/arm_state/local_setup.zsh
-- Up-to-date: /home/user/arm_ros2/install/arm_state/share/arm_state/local_setup.dsv
-- Installing: /home/user/arm_ros2/install/arm_state/share/arm_state/package.dsv
-- Up-to-date: /home/user/arm_ros2/install/arm_state/share/ament_index/resource_index/packages/arm_state
-- Up-to-date: /home/user/arm_ros2/install/arm_state/share/arm_state/cmake/arm_stateConfig.cmake
-- Up-to-date: /home/user/arm_ros2/install/arm_state/share/arm_state/cmake/arm_stateConfig-version.cmake
-- Up-to-date: /home/user/arm_ros2/install/arm_state/share/arm_state/package.xml
