[0.056s] Invoking command in '/home/user/arm_ros2/build/arm_state': CMAKE_PREFIX_PATH=${CMAKE_PREFIX_PATH}:/home/user/turtlebot3_ws/install/turtlebot3_teleop:/home/user/turtlebot3_ws/install/turtlebot3_example DEBUGINFOD_URLS=https://debuginfod.ubuntu.com /usr/bin/cmake --build /home/user/arm_ros2/build/arm_state -- -j12 -l12
[0.285s] [ 12%] Built target arduino
[0.286s] [ 25%] Built target client
[0.327s] [ 37%] Built target save
[0.389s] [ 50%] Built target ard_pubser
[0.392s] [ 62%] Built target stop
[0.401s] [ 75%] Built target start
[0.453s] [ 87%] Built target server
[0.470s] [100%] Built target com
[0.507s] Invoked command in '/home/user/arm_ros2/build/arm_state' returned '0': CMAKE_PREFIX_PATH=${CMAKE_PREFIX_PATH}:/home/user/turtlebot3_ws/install/turtlebot3_teleop:/home/user/turtlebot3_ws/install/turtlebot3_example DEBUGINFOD_URLS=https://debuginfod.ubuntu.com /usr/bin/cmake --build /home/user/arm_ros2/build/arm_state -- -j12 -l12
[0.512s] Invoking command in '/home/user/arm_ros2/build/arm_state': CMAKE_PREFIX_PATH=${CMAKE_PREFIX_PATH}:/home/user/turtlebot3_ws/install/turtlebot3_teleop:/home/user/turtlebot3_ws/install/turtlebot3_example DEBUGINFOD_URLS=https://debuginfod.ubuntu.com /usr/bin/cmake --install /home/user/arm_ros2/build/arm_state
[0.541s] -- Install configuration: ""
[0.542s] -- Up-to-date: /home/user/arm_ros2/install/arm_state/lib/arm_state/com
[0.544s] -- Up-to-date: /home/user/arm_ros2/install/arm_state/lib/arm_state/arduino
[0.545s] -- Up-to-date: /home/user/arm_ros2/install/arm_state/lib/arm_state/client
[0.546s] -- Up-to-date: /home/user/arm_ros2/install/arm_state/lib/arm_state/server
[0.547s] -- Up-to-date: /home/user/arm_ros2/install/arm_state/lib/arm_state/ard_pubser
[0.548s] -- Up-to-date: /home/user/arm_ros2/install/arm_state/lib/arm_state/save
[0.549s] -- Up-to-date: /home/user/arm_ros2/install/arm_state/lib/arm_state/start
[0.551s] -- Up-to-date: /home/user/arm_ros2/install/arm_state/lib/arm_state/stop
[0.553s] -- Up-to-date: /home/user/arm_ros2/install/arm_state/share/ament_index/resource_index/package_run_dependencies/arm_state
[0.558s] -- Up-to-date: /home/user/arm_ros2/install/arm_state/share/ament_index/resource_index/parent_prefix_path/arm_state
[0.560s] -- Up-to-date: /home/user/arm_ros2/install/arm_state/share/arm_state/environment/ament_prefix_path.sh
[0.563s] -- Up-to-date: /home/user/arm_ros2/install/arm_state/share/arm_state/environment/ament_prefix_path.dsv
[0.565s] -- Up-to-date: /home/user/arm_ros2/install/arm_state/share/arm_state/environment/path.sh
[0.566s] -- Up-to-date: /home/user/arm_ros2/install/arm_state/share/arm_state/environment/path.dsv
[0.567s] -- Up-to-date: /home/user/arm_ros2/install/arm_state/share/arm_state/local_setup.bash
[0.568s] -- Up-to-date: /home/user/arm_ros2/install/arm_state/share/arm_state/local_setup.sh
[0.569s] -- Up-to-date: /home/user/arm_ros2/install/arm_state/share/arm_state/local_setup.zsh
[0.571s] -- Up-to-date: /home/user/arm_ros2/install/arm_state/share/arm_state/local_setup.dsv
[0.572s] -- Installing: /home/user/arm_ros2/install/arm_state/share/arm_state/package.dsv
[0.572s] -- Up-to-date: /home/user/arm_ros2/install/arm_state/share/ament_index/resource_index/packages/arm_state
[0.573s] -- Up-to-date: /home/user/arm_ros2/install/arm_state/share/arm_state/cmake/arm_stateConfig.cmake
[0.574s] -- Up-to-date: /home/user/arm_ros2/install/arm_state/share/arm_state/cmake/arm_stateConfig-version.cmake
[0.575s] -- Up-to-date: /home/user/arm_ros2/install/arm_state/share/arm_state/package.xml
[0.576s] Invoked command in '/home/user/arm_ros2/build/arm_state' returned '0': CMAKE_PREFIX_PATH=${CMAKE_PREFIX_PATH}:/home/user/turtlebot3_ws/install/turtlebot3_teleop:/home/user/turtlebot3_ws/install/turtlebot3_example DEBUGINFOD_URLS=https://debuginfod.ubuntu.com /usr/bin/cmake --install /home/user/arm_ros2/build/arm_state
