[0.094s] Invoking command in '/home/user/arm_ros2/build/arm_state': CMAKE_PREFIX_PATH=${CMAKE_PREFIX_PATH}:/home/user/turtlebot3_ws/install/turtlebot3_teleop:/home/user/turtlebot3_ws/install/turtlebot3_example DEBUGINFOD_URLS=https://debuginfod.ubuntu.com /usr/bin/cmake --build /home/user/arm_ros2/build/arm_state -- -j12 -l12
[0.328s] [ 12%] Built target save
[0.329s] [ 25%] Built target stop
[0.393s] [ 37%] Built target ard_pubser
[0.410s] [ 50%] Built target arduino
[0.419s] [ 62%] Built target client
[0.431s] [ 75%] Built target server
[0.434s] [ 87%] Built target start
[0.464s] [100%] Built target com
[0.666s] Invoked command in '/home/user/arm_ros2/build/arm_state' returned '0': CMAKE_PREFIX_PATH=${CMAKE_PREFIX_PATH}:/home/user/turtlebot3_ws/install/turtlebot3_teleop:/home/user/turtlebot3_ws/install/turtlebot3_example DEBUGINFOD_URLS=https://debuginfod.ubuntu.com /usr/bin/cmake --build /home/user/arm_ros2/build/arm_state -- -j12 -l12
[0.668s] Invoking command in '/home/user/arm_ros2/build/arm_state': CMAKE_PREFIX_PATH=${CMAKE_PREFIX_PATH}:/home/user/turtlebot3_ws/install/turtlebot3_teleop:/home/user/turtlebot3_ws/install/turtlebot3_example DEBUGINFOD_URLS=https://debuginfod.ubuntu.com /usr/bin/cmake --install /home/user/arm_ros2/build/arm_state
[0.697s] -- Install configuration: ""
[0.697s] -- Up-to-date: /home/user/arm_ros2/install/arm_state/lib/arm_state/com
[0.697s] -- Up-to-date: /home/user/arm_ros2/install/arm_state/lib/arm_state/arduino
[0.698s] -- Up-to-date: /home/user/arm_ros2/install/arm_state/lib/arm_state/client
[0.699s] -- Up-to-date: /home/user/arm_ros2/install/arm_state/lib/arm_state/server
[0.699s] -- Up-to-date: /home/user/arm_ros2/install/arm_state/lib/arm_state/ard_pubser
[0.699s] -- Up-to-date: /home/user/arm_ros2/install/arm_state/lib/arm_state/save
[0.699s] -- Up-to-date: /home/user/arm_ros2/install/arm_state/lib/arm_state/start
[0.700s] -- Up-to-date: /home/user/arm_ros2/install/arm_state/lib/arm_state/stop
[0.700s] -- Up-to-date: /home/user/arm_ros2/install/arm_state/share/ament_index/resource_index/package_run_dependencies/arm_state
[0.700s] -- Up-to-date: /home/user/arm_ros2/install/arm_state/share/ament_index/resource_index/parent_prefix_path/arm_state
[0.700s] -- Up-to-date: /home/user/arm_ros2/install/arm_state/share/arm_state/environment/ament_prefix_path.sh
[0.701s] -- Up-to-date: /home/user/arm_ros2/install/arm_state/share/arm_state/environment/ament_prefix_path.dsv
[0.701s] -- Up-to-date: /home/user/arm_ros2/install/arm_state/share/arm_state/environment/path.sh
[0.701s] -- Up-to-date: /home/user/arm_ros2/install/arm_state/share/arm_state/environment/path.dsv
[0.701s] -- Up-to-date: /home/user/arm_ros2/install/arm_state/share/arm_state/local_setup.bash
[0.701s] -- Up-to-date: /home/user/arm_ros2/install/arm_state/share/arm_state/local_setup.sh
[0.701s] -- Up-to-date: /home/user/arm_ros2/install/arm_state/share/arm_state/local_setup.zsh
[0.701s] -- Up-to-date: /home/user/arm_ros2/install/arm_state/share/arm_state/local_setup.dsv
[0.702s] -- Installing: /home/user/arm_ros2/install/arm_state/share/arm_state/package.dsv
[0.702s] -- Up-to-date: /home/user/arm_ros2/install/arm_state/share/ament_index/resource_index/packages/arm_state
[0.702s] -- Up-to-date: /home/user/arm_ros2/install/arm_state/share/arm_state/cmake/arm_stateConfig.cmake
[0.702s] -- Up-to-date: /home/user/arm_ros2/install/arm_state/share/arm_state/cmake/arm_stateConfig-version.cmake
[0.702s] -- Up-to-date: /home/user/arm_ros2/install/arm_state/share/arm_state/package.xml
[0.708s] Invoked command in '/home/user/arm_ros2/build/arm_state' returned '0': CMAKE_PREFIX_PATH=${CMAKE_PREFIX_PATH}:/home/user/turtlebot3_ws/install/turtlebot3_teleop:/home/user/turtlebot3_ws/install/turtlebot3_example DEBUGINFOD_URLS=https://debuginfod.ubuntu.com /usr/bin/cmake --install /home/user/arm_ros2/build/arm_state
