[0.039s] Invoking command in '/home/user/arm_ros2/build/localizer_server': CMAKE_PREFIX_PATH=${CMAKE_PREFIX_PATH}:/home/user/turtlebot3_ws/install/turtlebot3_teleop:/home/user/turtlebot3_ws/install/turtlebot3_example DEBUGINFOD_URLS=https://debuginfod.ubuntu.com /usr/bin/cmake --build /home/user/arm_ros2/build/localizer_server -- -j12 -l12
[0.301s] [ 50%] Built target global_localization
[0.411s] [100%] Built target init_pose_pub
[0.546s] Invoked command in '/home/user/arm_ros2/build/localizer_server' returned '0': CMAKE_PREFIX_PATH=${CMAKE_PREFIX_PATH}:/home/user/turtlebot3_ws/install/turtlebot3_teleop:/home/user/turtlebot3_ws/install/turtlebot3_example DEBUGINFOD_URLS=https://debuginfod.ubuntu.com /usr/bin/cmake --build /home/user/arm_ros2/build/localizer_server -- -j12 -l12
[0.549s] Invoking command in '/home/user/arm_ros2/build/localizer_server': CMAKE_PREFIX_PATH=${CMAKE_PREFIX_PATH}:/home/user/turtlebot3_ws/install/turtlebot3_teleop:/home/user/turtlebot3_ws/install/turtlebot3_example DEBUGINFOD_URLS=https://debuginfod.ubuntu.com /usr/bin/cmake --install /home/user/arm_ros2/build/localizer_server
[0.611s] -- Install configuration: ""
[0.613s] -- Up-to-date: /home/user/arm_ros2/install/localizer_server/lib/localizer_server/init_pose_pub
[0.618s] -- Up-to-date: /home/user/arm_ros2/install/localizer_server/lib/localizer_server/global_localization
[0.619s] -- Up-to-date: /home/user/arm_ros2/install/localizer_server/share/ament_index/resource_index/package_run_dependencies/localizer_server
[0.621s] -- Up-to-date: /home/user/arm_ros2/install/localizer_server/share/ament_index/resource_index/parent_prefix_path/localizer_server
[0.622s] -- Up-to-date: /home/user/arm_ros2/install/localizer_server/share/localizer_server/environment/ament_prefix_path.sh
[0.629s] -- Up-to-date: /home/user/arm_ros2/install/localizer_server/share/localizer_server/environment/ament_prefix_path.dsv
[0.630s] -- Up-to-date: /home/user/arm_ros2/install/localizer_server/share/localizer_server/environment/path.sh
[0.631s] -- Up-to-date: /home/user/arm_ros2/install/localizer_server/share/localizer_server/environment/path.dsv
[0.632s] -- Up-to-date: /home/user/arm_ros2/install/localizer_server/share/localizer_server/local_setup.bash
[0.639s] -- Up-to-date: /home/user/arm_ros2/install/localizer_server/share/localizer_server/local_setup.sh
[0.640s] -- Up-to-date: /home/user/arm_ros2/install/localizer_server/share/localizer_server/local_setup.zsh
[0.643s] -- Up-to-date: /home/user/arm_ros2/install/localizer_server/share/localizer_server/local_setup.dsv
[0.644s] -- Installing: /home/user/arm_ros2/install/localizer_server/share/localizer_server/package.dsv
[0.647s] -- Up-to-date: /home/user/arm_ros2/install/localizer_server/share/ament_index/resource_index/packages/localizer_server
[0.648s] -- Up-to-date: /home/user/arm_ros2/install/localizer_server/share/localizer_server/cmake/localizer_serverConfig.cmake
[0.649s] -- Up-to-date: /home/user/arm_ros2/install/localizer_server/share/localizer_server/cmake/localizer_serverConfig-version.cmake
[0.649s] -- Up-to-date: /home/user/arm_ros2/install/localizer_server/share/localizer_server/package.xml
[0.675s] Invoked command in '/home/user/arm_ros2/build/localizer_server' returned '0': CMAKE_PREFIX_PATH=${CMAKE_PREFIX_PATH}:/home/user/turtlebot3_ws/install/turtlebot3_teleop:/home/user/turtlebot3_ws/install/turtlebot3_example DEBUGINFOD_URLS=https://debuginfod.ubuntu.com /usr/bin/cmake --install /home/user/arm_ros2/build/localizer_server
