[0.235s] DEBUG:colcon:Command line arguments: ['/usr/bin/colcon', 'build']
[0.235s] DEBUG:colcon:Parsed command line arguments: Namespace(log_base=None, log_level=None, verb_name='build', build_base='build', install_base='install', merge_install=False, symlink_install=False, test_result_base=None, continue_on_error=False, executor='parallel', parallel_workers=12, event_handlers=None, ignore_user_meta=False, metas=['./colcon.meta'], base_paths=['.'], packages_ignore=None, packages_ignore_regex=None, paths=None, packages_up_to=None, packages_up_to_regex=None, packages_above=None, packages_above_and_dependencies=None, packages_above_depth=None, packages_select_by_dep=None, packages_skip_by_dep=None, packages_skip_up_to=None, packages_select_build_failed=False, packages_skip_build_finished=False, packages_select_test_failures=False, packages_skip_test_passed=False, packages_select=None, packages_skip=None, packages_select_regex=None, packages_skip_regex=None, packages_start=None, packages_end=None, allow_overriding=[], cmake_args=None, cmake_target=None, cmake_target_skip_unavailable=False, cmake_clean_cache=False, cmake_clean_first=False, cmake_force_configure=False, ament_cmake_args=None, catkin_cmake_args=None, catkin_skip_building_tests=False, mixin_files=None, mixin=None, verb_parser=<colcon_mixin.mixin.mixin_argument.MixinArgumentDecorator object at 0x78fe5d8a22a0>, verb_extension=<colcon_core.verb.build.BuildVerb object at 0x78fe5d8a1ee0>, main=<bound method BuildVerb.main of <colcon_core.verb.build.BuildVerb object at 0x78fe5d8a1ee0>>, mixin_verb=('build',))
[0.311s] Level 1:colcon.colcon_core.package_discovery:discover_packages(colcon_meta) check parameters
[0.311s] Level 1:colcon.colcon_core.package_discovery:discover_packages(recursive) check parameters
[0.311s] Level 1:colcon.colcon_core.package_discovery:discover_packages(ignore) check parameters
[0.311s] Level 1:colcon.colcon_core.package_discovery:discover_packages(path) check parameters
[0.311s] Level 1:colcon.colcon_core.package_discovery:discover_packages(colcon_meta) discover
[0.312s] Level 1:colcon.colcon_core.package_discovery:discover_packages(recursive) discover
[0.312s] INFO:colcon.colcon_core.package_discovery:Crawling recursively for packages in '/home/user/arm_ros2'
[0.312s] Level 1:colcon.colcon_core.package_identification:_identify(.) by extensions ['ignore', 'ignore_ament_install']
[0.312s] Level 1:colcon.colcon_core.package_identification:_identify(.) by extension 'ignore'
[0.312s] Level 1:colcon.colcon_core.package_identification:_identify(.) by extension 'ignore_ament_install'
[0.313s] Level 1:colcon.colcon_core.package_identification:_identify(.) by extensions ['colcon_pkg']
[0.313s] Level 1:colcon.colcon_core.package_identification:_identify(.) by extension 'colcon_pkg'
[0.313s] Level 1:colcon.colcon_core.package_identification:_identify(.) by extensions ['colcon_meta']
[0.313s] Level 1:colcon.colcon_core.package_identification:_identify(.) by extension 'colcon_meta'
[0.313s] Level 1:colcon.colcon_core.package_identification:_identify(.) by extensions ['ros']
[0.313s] Level 1:colcon.colcon_core.package_identification:_identify(.) by extension 'ros'
[0.366s] Level 1:colcon.colcon_core.package_identification:_identify(.) by extensions ['cmake', 'python']
[0.366s] Level 1:colcon.colcon_core.package_identification:_identify(.) by extension 'cmake'
[0.366s] Level 1:colcon.colcon_core.package_identification:_identify(.) by extension 'python'
[0.366s] Level 1:colcon.colcon_core.package_identification:_identify(.) by extensions ['python_setup_py']
[0.366s] Level 1:colcon.colcon_core.package_identification:_identify(.) by extension 'python_setup_py'
[0.367s] Level 1:colcon.colcon_core.package_identification:_identify(build) by extensions ['ignore', 'ignore_ament_install']
[0.367s] Level 1:colcon.colcon_core.package_identification:_identify(build) by extension 'ignore'
[0.367s] Level 1:colcon.colcon_core.package_identification:_identify(build) ignored
[0.367s] Level 1:colcon.colcon_core.package_identification:_identify(install) by extensions ['ignore', 'ignore_ament_install']
[0.367s] Level 1:colcon.colcon_core.package_identification:_identify(install) by extension 'ignore'
[0.367s] Level 1:colcon.colcon_core.package_identification:_identify(install) ignored
[0.368s] Level 1:colcon.colcon_core.package_identification:_identify(log) by extensions ['ignore', 'ignore_ament_install']
[0.368s] Level 1:colcon.colcon_core.package_identification:_identify(log) by extension 'ignore'
[0.368s] Level 1:colcon.colcon_core.package_identification:_identify(log) ignored
[0.368s] Level 1:colcon.colcon_core.package_identification:_identify(src) by extensions ['ignore', 'ignore_ament_install']
[0.368s] Level 1:colcon.colcon_core.package_identification:_identify(src) by extension 'ignore'
[0.368s] Level 1:colcon.colcon_core.package_identification:_identify(src) by extension 'ignore_ament_install'
[0.368s] Level 1:colcon.colcon_core.package_identification:_identify(src) by extensions ['colcon_pkg']
[0.368s] Level 1:colcon.colcon_core.package_identification:_identify(src) by extension 'colcon_pkg'
[0.368s] Level 1:colcon.colcon_core.package_identification:_identify(src) by extensions ['colcon_meta']
[0.368s] Level 1:colcon.colcon_core.package_identification:_identify(src) by extension 'colcon_meta'
[0.368s] Level 1:colcon.colcon_core.package_identification:_identify(src) by extensions ['ros']
[0.369s] Level 1:colcon.colcon_core.package_identification:_identify(src) by extension 'ros'
[0.369s] Level 1:colcon.colcon_core.package_identification:_identify(src) by extensions ['cmake', 'python']
[0.369s] Level 1:colcon.colcon_core.package_identification:_identify(src) by extension 'cmake'
[0.369s] Level 1:colcon.colcon_core.package_identification:_identify(src) by extension 'python'
[0.369s] Level 1:colcon.colcon_core.package_identification:_identify(src) by extensions ['python_setup_py']
[0.369s] Level 1:colcon.colcon_core.package_identification:_identify(src) by extension 'python_setup_py'
[0.369s] Level 1:colcon.colcon_core.package_identification:_identify(src/arm_state) by extensions ['ignore', 'ignore_ament_install']
[0.369s] Level 1:colcon.colcon_core.package_identification:_identify(src/arm_state) by extension 'ignore'
[0.369s] Level 1:colcon.colcon_core.package_identification:_identify(src/arm_state) by extension 'ignore_ament_install'
[0.369s] Level 1:colcon.colcon_core.package_identification:_identify(src/arm_state) by extensions ['colcon_pkg']
[0.369s] Level 1:colcon.colcon_core.package_identification:_identify(src/arm_state) by extension 'colcon_pkg'
[0.370s] Level 1:colcon.colcon_core.package_identification:_identify(src/arm_state) by extensions ['colcon_meta']
[0.370s] Level 1:colcon.colcon_core.package_identification:_identify(src/arm_state) by extension 'colcon_meta'
[0.370s] Level 1:colcon.colcon_core.package_identification:_identify(src/arm_state) by extensions ['ros']
[0.370s] Level 1:colcon.colcon_core.package_identification:_identify(src/arm_state) by extension 'ros'
[0.374s] DEBUG:colcon.colcon_core.package_identification:Package 'src/arm_state' with type 'ros.ament_cmake' and name 'arm_state'
[0.375s] Level 1:colcon.colcon_core.package_identification:_identify(src/localizer_server) by extensions ['ignore', 'ignore_ament_install']
[0.375s] Level 1:colcon.colcon_core.package_identification:_identify(src/localizer_server) by extension 'ignore'
[0.375s] Level 1:colcon.colcon_core.package_identification:_identify(src/localizer_server) by extension 'ignore_ament_install'
[0.375s] Level 1:colcon.colcon_core.package_identification:_identify(src/localizer_server) by extensions ['colcon_pkg']
[0.375s] Level 1:colcon.colcon_core.package_identification:_identify(src/localizer_server) by extension 'colcon_pkg'
[0.375s] Level 1:colcon.colcon_core.package_identification:_identify(src/localizer_server) by extensions ['colcon_meta']
[0.375s] Level 1:colcon.colcon_core.package_identification:_identify(src/localizer_server) by extension 'colcon_meta'
[0.375s] Level 1:colcon.colcon_core.package_identification:_identify(src/localizer_server) by extensions ['ros']
[0.375s] Level 1:colcon.colcon_core.package_identification:_identify(src/localizer_server) by extension 'ros'
[0.377s] DEBUG:colcon.colcon_core.package_identification:Package 'src/localizer_server' with type 'ros.ament_cmake' and name 'localizer_server'
[0.377s] Level 1:colcon.colcon_core.package_identification:_identify(src/robot_description) by extensions ['ignore', 'ignore_ament_install']
[0.377s] Level 1:colcon.colcon_core.package_identification:_identify(src/robot_description) by extension 'ignore'
[0.377s] Level 1:colcon.colcon_core.package_identification:_identify(src/robot_description) by extension 'ignore_ament_install'
[0.377s] Level 1:colcon.colcon_core.package_identification:_identify(src/robot_description) by extensions ['colcon_pkg']
[0.377s] Level 1:colcon.colcon_core.package_identification:_identify(src/robot_description) by extension 'colcon_pkg'
[0.377s] Level 1:colcon.colcon_core.package_identification:_identify(src/robot_description) by extensions ['colcon_meta']
[0.378s] Level 1:colcon.colcon_core.package_identification:_identify(src/robot_description) by extension 'colcon_meta'
[0.378s] Level 1:colcon.colcon_core.package_identification:_identify(src/robot_description) by extensions ['ros']
[0.378s] Level 1:colcon.colcon_core.package_identification:_identify(src/robot_description) by extension 'ros'
[0.378s] DEBUG:colcon.colcon_core.package_identification:Package 'src/robot_description' with type 'ros.ament_cmake' and name 'robot_description'
[0.379s] Level 1:colcon.colcon_core.package_discovery:discover_packages(recursive) using defaults
[0.379s] Level 1:colcon.colcon_core.package_discovery:discover_packages(ignore) discover
[0.379s] Level 1:colcon.colcon_core.package_discovery:discover_packages(ignore) using defaults
[0.379s] Level 1:colcon.colcon_core.package_discovery:discover_packages(path) discover
[0.379s] Level 1:colcon.colcon_core.package_discovery:discover_packages(path) using defaults
[0.415s] Level 1:colcon.colcon_core.package_discovery:discover_packages(prefix_path) check parameters
[0.415s] Level 1:colcon.colcon_core.package_discovery:discover_packages(prefix_path) discover
[0.419s] DEBUG:colcon.colcon_installed_package_information.package_discovery:Found 3 installed packages in /home/user/arm_ros2/install
[0.420s] DEBUG:colcon.colcon_installed_package_information.package_discovery:Found 12 installed packages in /home/user/turtlebot3_ws/install
[0.424s] DEBUG:colcon.colcon_installed_package_information.package_discovery:Found 459 installed packages in /opt/ros/jazzy
[0.428s] Level 1:colcon.colcon_core.package_discovery:discover_packages(prefix_path) using defaults
[0.531s] Level 5:colcon.colcon_core.verb:set package 'arm_state' build argument 'cmake_args' from command line to 'None'
[0.531s] Level 5:colcon.colcon_core.verb:set package 'arm_state' build argument 'cmake_target' from command line to 'None'
[0.531s] Level 5:colcon.colcon_core.verb:set package 'arm_state' build argument 'cmake_target_skip_unavailable' from command line to 'False'
[0.531s] Level 5:colcon.colcon_core.verb:set package 'arm_state' build argument 'cmake_clean_cache' from command line to 'False'
[0.531s] Level 5:colcon.colcon_core.verb:set package 'arm_state' build argument 'cmake_clean_first' from command line to 'False'
[0.531s] Level 5:colcon.colcon_core.verb:set package 'arm_state' build argument 'cmake_force_configure' from command line to 'False'
[0.531s] Level 5:colcon.colcon_core.verb:set package 'arm_state' build argument 'ament_cmake_args' from command line to 'None'
[0.531s] Level 5:colcon.colcon_core.verb:set package 'arm_state' build argument 'catkin_cmake_args' from command line to 'None'
[0.531s] Level 5:colcon.colcon_core.verb:set package 'arm_state' build argument 'catkin_skip_building_tests' from command line to 'False'
[0.531s] DEBUG:colcon.colcon_core.verb:Building package 'arm_state' with the following arguments: {'ament_cmake_args': None, 'build_base': '/home/user/arm_ros2/build/arm_state', 'catkin_cmake_args': None, 'catkin_skip_building_tests': False, 'cmake_args': None, 'cmake_clean_cache': False, 'cmake_clean_first': False, 'cmake_force_configure': False, 'cmake_target': None, 'cmake_target_skip_unavailable': False, 'install_base': '/home/user/arm_ros2/install/arm_state', 'merge_install': False, 'path': '/home/user/arm_ros2/src/arm_state', 'symlink_install': False, 'test_result_base': None}
[0.532s] Level 5:colcon.colcon_core.verb:set package 'localizer_server' build argument 'cmake_args' from command line to 'None'
[0.532s] Level 5:colcon.colcon_core.verb:set package 'localizer_server' build argument 'cmake_target' from command line to 'None'
[0.532s] Level 5:colcon.colcon_core.verb:set package 'localizer_server' build argument 'cmake_target_skip_unavailable' from command line to 'False'
[0.532s] Level 5:colcon.colcon_core.verb:set package 'localizer_server' build argument 'cmake_clean_cache' from command line to 'False'
[0.532s] Level 5:colcon.colcon_core.verb:set package 'localizer_server' build argument 'cmake_clean_first' from command line to 'False'
[0.532s] Level 5:colcon.colcon_core.verb:set package 'localizer_server' build argument 'cmake_force_configure' from command line to 'False'
[0.532s] Level 5:colcon.colcon_core.verb:set package 'localizer_server' build argument 'ament_cmake_args' from command line to 'None'
[0.532s] Level 5:colcon.colcon_core.verb:set package 'localizer_server' build argument 'catkin_cmake_args' from command line to 'None'
[0.532s] Level 5:colcon.colcon_core.verb:set package 'localizer_server' build argument 'catkin_skip_building_tests' from command line to 'False'
[0.532s] DEBUG:colcon.colcon_core.verb:Building package 'localizer_server' with the following arguments: {'ament_cmake_args': None, 'build_base': '/home/user/arm_ros2/build/localizer_server', 'catkin_cmake_args': None, 'catkin_skip_building_tests': False, 'cmake_args': None, 'cmake_clean_cache': False, 'cmake_clean_first': False, 'cmake_force_configure': False, 'cmake_target': None, 'cmake_target_skip_unavailable': False, 'install_base': '/home/user/arm_ros2/install/localizer_server', 'merge_install': False, 'path': '/home/user/arm_ros2/src/localizer_server', 'symlink_install': False, 'test_result_base': None}
[0.533s] Level 5:colcon.colcon_core.verb:set package 'robot_description' build argument 'cmake_args' from command line to 'None'
[0.533s] Level 5:colcon.colcon_core.verb:set package 'robot_description' build argument 'cmake_target' from command line to 'None'
[0.533s] Level 5:colcon.colcon_core.verb:set package 'robot_description' build argument 'cmake_target_skip_unavailable' from command line to 'False'
[0.533s] Level 5:colcon.colcon_core.verb:set package 'robot_description' build argument 'cmake_clean_cache' from command line to 'False'
[0.533s] Level 5:colcon.colcon_core.verb:set package 'robot_description' build argument 'cmake_clean_first' from command line to 'False'
[0.533s] Level 5:colcon.colcon_core.verb:set package 'robot_description' build argument 'cmake_force_configure' from command line to 'False'
[0.533s] Level 5:colcon.colcon_core.verb:set package 'robot_description' build argument 'ament_cmake_args' from command line to 'None'
[0.533s] Level 5:colcon.colcon_core.verb:set package 'robot_description' build argument 'catkin_cmake_args' from command line to 'None'
[0.533s] Level 5:colcon.colcon_core.verb:set package 'robot_description' build argument 'catkin_skip_building_tests' from command line to 'False'
[0.533s] DEBUG:colcon.colcon_core.verb:Building package 'robot_description' with the following arguments: {'ament_cmake_args': None, 'build_base': '/home/user/arm_ros2/build/robot_description', 'catkin_cmake_args': None, 'catkin_skip_building_tests': False, 'cmake_args': None, 'cmake_clean_cache': False, 'cmake_clean_first': False, 'cmake_force_configure': False, 'cmake_target': None, 'cmake_target_skip_unavailable': False, 'install_base': '/home/user/arm_ros2/install/robot_description', 'merge_install': False, 'path': '/home/user/arm_ros2/src/robot_description', 'symlink_install': False, 'test_result_base': None}
[0.533s] INFO:colcon.colcon_core.executor:Executing jobs using 'parallel' executor
[0.536s] DEBUG:colcon.colcon_parallel_executor.executor.parallel:run_until_complete
[0.536s] INFO:colcon.colcon_ros.task.ament_cmake.build:Building ROS package in '/home/user/arm_ros2/src/arm_state' with build type 'ament_cmake'
[0.536s] INFO:colcon.colcon_cmake.task.cmake.build:Building CMake package in '/home/user/arm_ros2/src/arm_state'
[0.542s] INFO:colcon.colcon_core.plugin_system:Skipping extension 'colcon_core.shell.bat': Not used on non-Windows systems
[0.542s] INFO:colcon.colcon_core.shell:Skip shell extension 'powershell' for command environment: Not usable outside of PowerShell
[0.542s] DEBUG:colcon.colcon_core.shell:Skip shell extension 'dsv' for command environment
[0.552s] INFO:colcon.colcon_ros.task.ament_cmake.build:Building ROS package in '/home/user/arm_ros2/src/localizer_server' with build type 'ament_cmake'
[0.552s] INFO:colcon.colcon_cmake.task.cmake.build:Building CMake package in '/home/user/arm_ros2/src/localizer_server'
[0.552s] INFO:colcon.colcon_core.shell:Skip shell extension 'powershell' for command environment: Not usable outside of PowerShell
[0.553s] DEBUG:colcon.colcon_core.shell:Skip shell extension 'dsv' for command environment
[0.575s] INFO:colcon.colcon_ros.task.ament_cmake.build:Building ROS package in '/home/user/arm_ros2/src/robot_description' with build type 'ament_cmake'
[0.575s] INFO:colcon.colcon_cmake.task.cmake.build:Building CMake package in '/home/user/arm_ros2/src/robot_description'
[0.576s] INFO:colcon.colcon_core.shell:Skip shell extension 'powershell' for command environment: Not usable outside of PowerShell
[0.576s] DEBUG:colcon.colcon_core.shell:Skip shell extension 'dsv' for command environment
[0.634s] DEBUG:colcon.colcon_core.event_handler.log_command:Invoking command in '/home/user/arm_ros2/build/arm_state': CMAKE_PREFIX_PATH=${CMAKE_PREFIX_PATH}:/home/user/turtlebot3_ws/install/turtlebot3_teleop:/home/user/turtlebot3_ws/install/turtlebot3_example DEBUGINFOD_URLS=https://debuginfod.ubuntu.com /usr/bin/cmake --build /home/user/arm_ros2/build/arm_state -- -j12 -l12
[0.652s] DEBUG:colcon.colcon_core.event_handler.log_command:Invoking command in '/home/user/arm_ros2/build/localizer_server': CMAKE_PREFIX_PATH=${CMAKE_PREFIX_PATH}:/home/user/turtlebot3_ws/install/turtlebot3_teleop:/home/user/turtlebot3_ws/install/turtlebot3_example DEBUGINFOD_URLS=https://debuginfod.ubuntu.com /usr/bin/cmake --build /home/user/arm_ros2/build/localizer_server -- -j12 -l12
[0.662s] DEBUG:colcon.colcon_core.event_handler.log_command:Invoking command in '/home/user/arm_ros2/build/robot_description': CMAKE_PREFIX_PATH=${CMAKE_PREFIX_PATH}:/home/user/turtlebot3_ws/install/turtlebot3_teleop:/home/user/turtlebot3_ws/install/turtlebot3_example DEBUGINFOD_URLS=https://debuginfod.ubuntu.com /usr/bin/cmake --build /home/user/arm_ros2/build/robot_description -- -j12 -l12
[0.888s] DEBUG:colcon.colcon_core.event_handler.log_command:Invoked command in '/home/user/arm_ros2/build/robot_description' returned '0': CMAKE_PREFIX_PATH=${CMAKE_PREFIX_PATH}:/home/user/turtlebot3_ws/install/turtlebot3_teleop:/home/user/turtlebot3_ws/install/turtlebot3_example DEBUGINFOD_URLS=https://debuginfod.ubuntu.com /usr/bin/cmake --build /home/user/arm_ros2/build/robot_description -- -j12 -l12
[0.970s] DEBUG:colcon.colcon_core.event_handler.log_command:Invoking command in '/home/user/arm_ros2/build/robot_description': CMAKE_PREFIX_PATH=${CMAKE_PREFIX_PATH}:/home/user/turtlebot3_ws/install/turtlebot3_teleop:/home/user/turtlebot3_ws/install/turtlebot3_example DEBUGINFOD_URLS=https://debuginfod.ubuntu.com /usr/bin/cmake --install /home/user/arm_ros2/build/robot_description
[1.024s] DEBUG:colcon.colcon_core.event_handler.log_command:Invoked command in '/home/user/arm_ros2/build/localizer_server' returned '0': CMAKE_PREFIX_PATH=${CMAKE_PREFIX_PATH}:/home/user/turtlebot3_ws/install/turtlebot3_teleop:/home/user/turtlebot3_ws/install/turtlebot3_example DEBUGINFOD_URLS=https://debuginfod.ubuntu.com /usr/bin/cmake --build /home/user/arm_ros2/build/localizer_server -- -j12 -l12
[1.032s] Level 1:colcon.colcon_core.environment:create_environment_scripts_only(robot_description)
[1.061s] DEBUG:colcon.colcon_core.event_handler.log_command:Invoking command in '/home/user/arm_ros2/build/localizer_server': CMAKE_PREFIX_PATH=${CMAKE_PREFIX_PATH}:/home/user/turtlebot3_ws/install/turtlebot3_teleop:/home/user/turtlebot3_ws/install/turtlebot3_example DEBUGINFOD_URLS=https://debuginfod.ubuntu.com /usr/bin/cmake --install /home/user/arm_ros2/build/localizer_server
[1.094s] DEBUG:colcon.colcon_core.event_handler.log_command:Invoked command in '/home/user/arm_ros2/build/robot_description' returned '0': CMAKE_PREFIX_PATH=${CMAKE_PREFIX_PATH}:/home/user/turtlebot3_ws/install/turtlebot3_teleop:/home/user/turtlebot3_ws/install/turtlebot3_example DEBUGINFOD_URLS=https://debuginfod.ubuntu.com /usr/bin/cmake --install /home/user/arm_ros2/build/robot_description
[1.115s] Level 1:colcon.colcon_core.environment:checking '/home/user/arm_ros2/install/robot_description' for CMake module files
[1.116s] Level 1:colcon.colcon_core.environment:checking '/home/user/arm_ros2/install/robot_description' for CMake config files
[1.117s] Level 1:colcon.colcon_core.shell:create_environment_hook('robot_description', 'cmake_prefix_path')
[1.117s] INFO:colcon.colcon_core.shell:Creating environment hook '/home/user/arm_ros2/install/robot_description/share/robot_description/hook/cmake_prefix_path.ps1'
[1.118s] INFO:colcon.colcon_core.shell:Creating environment descriptor '/home/user/arm_ros2/install/robot_description/share/robot_description/hook/cmake_prefix_path.dsv'
[1.119s] INFO:colcon.colcon_core.shell:Creating environment hook '/home/user/arm_ros2/install/robot_description/share/robot_description/hook/cmake_prefix_path.sh'
[1.121s] Level 1:colcon.colcon_core.environment:checking '/home/user/arm_ros2/install/robot_description/bin'
[1.121s] Level 1:colcon.colcon_core.environment:checking '/home/user/arm_ros2/install/robot_description/lib/pkgconfig/robot_description.pc'
[1.122s] Level 1:colcon.colcon_core.environment:checking '/home/user/arm_ros2/install/robot_description/lib/python3.12/site-packages'
[1.122s] Level 1:colcon.colcon_core.environment:checking '/home/user/arm_ros2/install/robot_description/bin'
[1.122s] INFO:colcon.colcon_core.shell:Creating package script '/home/user/arm_ros2/install/robot_description/share/robot_description/package.ps1'
[1.124s] INFO:colcon.colcon_core.shell:Creating package descriptor '/home/user/arm_ros2/install/robot_description/share/robot_description/package.dsv'
[1.125s] INFO:colcon.colcon_core.shell:Creating package script '/home/user/arm_ros2/install/robot_description/share/robot_description/package.sh'
[1.126s] INFO:colcon.colcon_core.shell:Creating package script '/home/user/arm_ros2/install/robot_description/share/robot_description/package.bash'
[1.127s] INFO:colcon.colcon_core.shell:Creating package script '/home/user/arm_ros2/install/robot_description/share/robot_description/package.zsh'
[1.128s] Level 1:colcon.colcon_core.environment:create_file_with_runtime_dependencies(/home/user/arm_ros2/install/robot_description/share/colcon-core/packages/robot_description)
[1.129s] Level 1:colcon.colcon_core.environment:create_environment_scripts_only(robot_description)
[1.129s] Level 1:colcon.colcon_core.environment:checking '/home/user/arm_ros2/install/robot_description' for CMake module files
[1.130s] Level 1:colcon.colcon_core.environment:checking '/home/user/arm_ros2/install/robot_description' for CMake config files
[1.130s] Level 1:colcon.colcon_core.shell:create_environment_hook('robot_description', 'cmake_prefix_path')
[1.131s] INFO:colcon.colcon_core.shell:Creating environment hook '/home/user/arm_ros2/install/robot_description/share/robot_description/hook/cmake_prefix_path.ps1'
[1.132s] INFO:colcon.colcon_core.shell:Creating environment descriptor '/home/user/arm_ros2/install/robot_description/share/robot_description/hook/cmake_prefix_path.dsv'
[1.133s] INFO:colcon.colcon_core.shell:Creating environment hook '/home/user/arm_ros2/install/robot_description/share/robot_description/hook/cmake_prefix_path.sh'
[1.134s] Level 1:colcon.colcon_core.environment:checking '/home/user/arm_ros2/install/robot_description/bin'
[1.134s] Level 1:colcon.colcon_core.environment:checking '/home/user/arm_ros2/install/robot_description/lib/pkgconfig/robot_description.pc'
[1.134s] Level 1:colcon.colcon_core.environment:checking '/home/user/arm_ros2/install/robot_description/lib/python3.12/site-packages'
[1.135s] Level 1:colcon.colcon_core.environment:checking '/home/user/arm_ros2/install/robot_description/bin'
[1.135s] INFO:colcon.colcon_core.shell:Creating package script '/home/user/arm_ros2/install/robot_description/share/robot_description/package.ps1'
[1.136s] INFO:colcon.colcon_core.shell:Creating package descriptor '/home/user/arm_ros2/install/robot_description/share/robot_description/package.dsv'
[1.137s] INFO:colcon.colcon_core.shell:Creating package script '/home/user/arm_ros2/install/robot_description/share/robot_description/package.sh'
[1.138s] INFO:colcon.colcon_core.shell:Creating package script '/home/user/arm_ros2/install/robot_description/share/robot_description/package.bash'
[1.138s] INFO:colcon.colcon_core.shell:Creating package script '/home/user/arm_ros2/install/robot_description/share/robot_description/package.zsh'
[1.139s] Level 1:colcon.colcon_core.environment:create_file_with_runtime_dependencies(/home/user/arm_ros2/install/robot_description/share/colcon-core/packages/robot_description)
[1.146s] Level 1:colcon.colcon_core.environment:create_environment_scripts_only(localizer_server)
[1.147s] Level 1:colcon.colcon_core.environment:checking '/home/user/arm_ros2/install/localizer_server' for CMake module files
[1.150s] DEBUG:colcon.colcon_core.event_handler.log_command:Invoked command in '/home/user/arm_ros2/build/localizer_server' returned '0': CMAKE_PREFIX_PATH=${CMAKE_PREFIX_PATH}:/home/user/turtlebot3_ws/install/turtlebot3_teleop:/home/user/turtlebot3_ws/install/turtlebot3_example DEBUGINFOD_URLS=https://debuginfod.ubuntu.com /usr/bin/cmake --install /home/user/arm_ros2/build/localizer_server
[1.153s] Level 1:colcon.colcon_core.environment:checking '/home/user/arm_ros2/install/localizer_server' for CMake config files
[1.155s] Level 1:colcon.colcon_core.shell:create_environment_hook('localizer_server', 'cmake_prefix_path')
[1.156s] INFO:colcon.colcon_core.shell:Creating environment hook '/home/user/arm_ros2/install/localizer_server/share/localizer_server/hook/cmake_prefix_path.ps1'
[1.160s] INFO:colcon.colcon_core.shell:Creating environment descriptor '/home/user/arm_ros2/install/localizer_server/share/localizer_server/hook/cmake_prefix_path.dsv'
[1.163s] INFO:colcon.colcon_core.shell:Creating environment hook '/home/user/arm_ros2/install/localizer_server/share/localizer_server/hook/cmake_prefix_path.sh'
[1.167s] Level 1:colcon.colcon_core.environment:checking '/home/user/arm_ros2/install/localizer_server/lib'
[1.168s] Level 1:colcon.colcon_core.environment:checking '/home/user/arm_ros2/install/localizer_server/bin'
[1.169s] Level 1:colcon.colcon_core.environment:checking '/home/user/arm_ros2/install/localizer_server/lib/pkgconfig/localizer_server.pc'
[1.169s] Level 1:colcon.colcon_core.environment:checking '/home/user/arm_ros2/install/localizer_server/lib/python3.12/site-packages'
[1.169s] Level 1:colcon.colcon_core.environment:checking '/home/user/arm_ros2/install/localizer_server/bin'
[1.170s] INFO:colcon.colcon_core.shell:Creating package script '/home/user/arm_ros2/install/localizer_server/share/localizer_server/package.ps1'
[1.171s] INFO:colcon.colcon_core.shell:Creating package descriptor '/home/user/arm_ros2/install/localizer_server/share/localizer_server/package.dsv'
[1.172s] INFO:colcon.colcon_core.shell:Creating package script '/home/user/arm_ros2/install/localizer_server/share/localizer_server/package.sh'
[1.172s] INFO:colcon.colcon_core.shell:Creating package script '/home/user/arm_ros2/install/localizer_server/share/localizer_server/package.bash'
[1.173s] INFO:colcon.colcon_core.shell:Creating package script '/home/user/arm_ros2/install/localizer_server/share/localizer_server/package.zsh'
[1.174s] Level 1:colcon.colcon_core.environment:create_file_with_runtime_dependencies(/home/user/arm_ros2/install/localizer_server/share/colcon-core/packages/localizer_server)
[1.175s] Level 1:colcon.colcon_core.environment:create_environment_scripts_only(localizer_server)
[1.176s] Level 1:colcon.colcon_core.environment:checking '/home/user/arm_ros2/install/localizer_server' for CMake module files
[1.177s] Level 1:colcon.colcon_core.environment:checking '/home/user/arm_ros2/install/localizer_server' for CMake config files
[1.177s] Level 1:colcon.colcon_core.shell:create_environment_hook('localizer_server', 'cmake_prefix_path')
[1.177s] INFO:colcon.colcon_core.shell:Creating environment hook '/home/user/arm_ros2/install/localizer_server/share/localizer_server/hook/cmake_prefix_path.ps1'
[1.178s] INFO:colcon.colcon_core.shell:Creating environment descriptor '/home/user/arm_ros2/install/localizer_server/share/localizer_server/hook/cmake_prefix_path.dsv'
[1.179s] INFO:colcon.colcon_core.shell:Creating environment hook '/home/user/arm_ros2/install/localizer_server/share/localizer_server/hook/cmake_prefix_path.sh'
[1.181s] Level 1:colcon.colcon_core.environment:checking '/home/user/arm_ros2/install/localizer_server/lib'
[1.181s] Level 1:colcon.colcon_core.environment:checking '/home/user/arm_ros2/install/localizer_server/bin'
[1.181s] Level 1:colcon.colcon_core.environment:checking '/home/user/arm_ros2/install/localizer_server/lib/pkgconfig/localizer_server.pc'
[1.183s] Level 1:colcon.colcon_core.environment:checking '/home/user/arm_ros2/install/localizer_server/lib/python3.12/site-packages'
[1.184s] Level 1:colcon.colcon_core.environment:checking '/home/user/arm_ros2/install/localizer_server/bin'
[1.186s] INFO:colcon.colcon_core.shell:Creating package script '/home/user/arm_ros2/install/localizer_server/share/localizer_server/package.ps1'
[1.190s] INFO:colcon.colcon_core.shell:Creating package descriptor '/home/user/arm_ros2/install/localizer_server/share/localizer_server/package.dsv'
[1.194s] INFO:colcon.colcon_core.shell:Creating package script '/home/user/arm_ros2/install/localizer_server/share/localizer_server/package.sh'
[1.197s] INFO:colcon.colcon_core.shell:Creating package script '/home/user/arm_ros2/install/localizer_server/share/localizer_server/package.bash'
[1.201s] INFO:colcon.colcon_core.shell:Creating package script '/home/user/arm_ros2/install/localizer_server/share/localizer_server/package.zsh'
[1.203s] Level 1:colcon.colcon_core.environment:create_file_with_runtime_dependencies(/home/user/arm_ros2/install/localizer_server/share/colcon-core/packages/localizer_server)
[1.205s] DEBUG:colcon.colcon_core.event_handler.log_command:Invoked command in '/home/user/arm_ros2/build/arm_state' returned '0': CMAKE_PREFIX_PATH=${CMAKE_PREFIX_PATH}:/home/user/turtlebot3_ws/install/turtlebot3_teleop:/home/user/turtlebot3_ws/install/turtlebot3_example DEBUGINFOD_URLS=https://debuginfod.ubuntu.com /usr/bin/cmake --build /home/user/arm_ros2/build/arm_state -- -j12 -l12
[1.207s] DEBUG:colcon.colcon_core.event_handler.log_command:Invoking command in '/home/user/arm_ros2/build/arm_state': CMAKE_PREFIX_PATH=${CMAKE_PREFIX_PATH}:/home/user/turtlebot3_ws/install/turtlebot3_teleop:/home/user/turtlebot3_ws/install/turtlebot3_example DEBUGINFOD_URLS=https://debuginfod.ubuntu.com /usr/bin/cmake --install /home/user/arm_ros2/build/arm_state
[1.244s] Level 1:colcon.colcon_core.environment:create_environment_scripts_only(arm_state)
[1.244s] Level 1:colcon.colcon_core.environment:checking '/home/user/arm_ros2/install/arm_state' for CMake module files
[1.248s] DEBUG:colcon.colcon_core.event_handler.log_command:Invoked command in '/home/user/arm_ros2/build/arm_state' returned '0': CMAKE_PREFIX_PATH=${CMAKE_PREFIX_PATH}:/home/user/turtlebot3_ws/install/turtlebot3_teleop:/home/user/turtlebot3_ws/install/turtlebot3_example DEBUGINFOD_URLS=https://debuginfod.ubuntu.com /usr/bin/cmake --install /home/user/arm_ros2/build/arm_state
[1.252s] Level 1:colcon.colcon_core.environment:checking '/home/user/arm_ros2/install/arm_state' for CMake config files
[1.253s] Level 1:colcon.colcon_core.shell:create_environment_hook('arm_state', 'cmake_prefix_path')
[1.253s] INFO:colcon.colcon_core.shell:Creating environment hook '/home/user/arm_ros2/install/arm_state/share/arm_state/hook/cmake_prefix_path.ps1'
[1.254s] INFO:colcon.colcon_core.shell:Creating environment descriptor '/home/user/arm_ros2/install/arm_state/share/arm_state/hook/cmake_prefix_path.dsv'
[1.255s] INFO:colcon.colcon_core.shell:Creating environment hook '/home/user/arm_ros2/install/arm_state/share/arm_state/hook/cmake_prefix_path.sh'
[1.256s] Level 1:colcon.colcon_core.environment:checking '/home/user/arm_ros2/install/arm_state/lib'
[1.256s] Level 1:colcon.colcon_core.environment:checking '/home/user/arm_ros2/install/arm_state/bin'
[1.256s] Level 1:colcon.colcon_core.environment:checking '/home/user/arm_ros2/install/arm_state/lib/pkgconfig/arm_state.pc'
[1.256s] Level 1:colcon.colcon_core.environment:checking '/home/user/arm_ros2/install/arm_state/lib/python3.12/site-packages'
[1.257s] Level 1:colcon.colcon_core.environment:checking '/home/user/arm_ros2/install/arm_state/bin'
[1.257s] INFO:colcon.colcon_core.shell:Creating package script '/home/user/arm_ros2/install/arm_state/share/arm_state/package.ps1'
[1.258s] INFO:colcon.colcon_core.shell:Creating package descriptor '/home/user/arm_ros2/install/arm_state/share/arm_state/package.dsv'
[1.259s] INFO:colcon.colcon_core.shell:Creating package script '/home/user/arm_ros2/install/arm_state/share/arm_state/package.sh'
[1.259s] INFO:colcon.colcon_core.shell:Creating package script '/home/user/arm_ros2/install/arm_state/share/arm_state/package.bash'
[1.260s] INFO:colcon.colcon_core.shell:Creating package script '/home/user/arm_ros2/install/arm_state/share/arm_state/package.zsh'
[1.261s] Level 1:colcon.colcon_core.environment:create_file_with_runtime_dependencies(/home/user/arm_ros2/install/arm_state/share/colcon-core/packages/arm_state)
[1.262s] Level 1:colcon.colcon_core.environment:create_environment_scripts_only(arm_state)
[1.262s] Level 1:colcon.colcon_core.environment:checking '/home/user/arm_ros2/install/arm_state' for CMake module files
[1.263s] Level 1:colcon.colcon_core.environment:checking '/home/user/arm_ros2/install/arm_state' for CMake config files
[1.263s] Level 1:colcon.colcon_core.shell:create_environment_hook('arm_state', 'cmake_prefix_path')
[1.263s] INFO:colcon.colcon_core.shell:Creating environment hook '/home/user/arm_ros2/install/arm_state/share/arm_state/hook/cmake_prefix_path.ps1'
[1.264s] INFO:colcon.colcon_core.shell:Creating environment descriptor '/home/user/arm_ros2/install/arm_state/share/arm_state/hook/cmake_prefix_path.dsv'
[1.265s] INFO:colcon.colcon_core.shell:Creating environment hook '/home/user/arm_ros2/install/arm_state/share/arm_state/hook/cmake_prefix_path.sh'
[1.266s] Level 1:colcon.colcon_core.environment:checking '/home/user/arm_ros2/install/arm_state/lib'
[1.266s] Level 1:colcon.colcon_core.environment:checking '/home/user/arm_ros2/install/arm_state/bin'
[1.266s] Level 1:colcon.colcon_core.environment:checking '/home/user/arm_ros2/install/arm_state/lib/pkgconfig/arm_state.pc'
[1.267s] Level 1:colcon.colcon_core.environment:checking '/home/user/arm_ros2/install/arm_state/lib/python3.12/site-packages'
[1.267s] Level 1:colcon.colcon_core.environment:checking '/home/user/arm_ros2/install/arm_state/bin'
[1.268s] INFO:colcon.colcon_core.shell:Creating package script '/home/user/arm_ros2/install/arm_state/share/arm_state/package.ps1'
[1.290s] INFO:colcon.colcon_core.shell:Creating package descriptor '/home/user/arm_ros2/install/arm_state/share/arm_state/package.dsv'
[1.291s] INFO:colcon.colcon_core.shell:Creating package script '/home/user/arm_ros2/install/arm_state/share/arm_state/package.sh'
[1.292s] INFO:colcon.colcon_core.shell:Creating package script '/home/user/arm_ros2/install/arm_state/share/arm_state/package.bash'
[1.292s] INFO:colcon.colcon_core.shell:Creating package script '/home/user/arm_ros2/install/arm_state/share/arm_state/package.zsh'
[1.293s] Level 1:colcon.colcon_core.environment:create_file_with_runtime_dependencies(/home/user/arm_ros2/install/arm_state/share/colcon-core/packages/arm_state)
[1.293s] DEBUG:colcon.colcon_parallel_executor.executor.parallel:closing loop
[1.294s] DEBUG:colcon.colcon_parallel_executor.executor.parallel:loop closed
[1.294s] DEBUG:colcon.colcon_parallel_executor.executor.parallel:run_until_complete finished with '0'
[1.294s] DEBUG:colcon.colcon_core.event_reactor:joining thread
[1.308s] INFO:colcon.colcon_core.plugin_system:Skipping extension 'colcon_notification.desktop_notification.terminal_notifier': Not used on non-Darwin systems
[1.308s] INFO:colcon.colcon_core.plugin_system:Skipping extension 'colcon_notification.desktop_notification.win32': Not used on non-Windows systems
[1.308s] INFO:colcon.colcon_notification.desktop_notification:Sending desktop notification using 'notify2'
[1.351s] DEBUG:colcon.colcon_core.event_reactor:joined thread
[1.352s] INFO:colcon.colcon_core.shell:Creating prefix script '/home/user/arm_ros2/install/local_setup.ps1'
[1.354s] INFO:colcon.colcon_core.shell:Creating prefix util module '/home/user/arm_ros2/install/_local_setup_util_ps1.py'
[1.356s] INFO:colcon.colcon_core.shell:Creating prefix chain script '/home/user/arm_ros2/install/setup.ps1'
[1.358s] INFO:colcon.colcon_core.shell:Creating prefix script '/home/user/arm_ros2/install/local_setup.sh'
[1.359s] INFO:colcon.colcon_core.shell:Creating prefix util module '/home/user/arm_ros2/install/_local_setup_util_sh.py'
[1.360s] INFO:colcon.colcon_core.shell:Creating prefix chain script '/home/user/arm_ros2/install/setup.sh'
[1.363s] INFO:colcon.colcon_core.shell:Creating prefix script '/home/user/arm_ros2/install/local_setup.bash'
[1.364s] INFO:colcon.colcon_core.shell:Creating prefix chain script '/home/user/arm_ros2/install/setup.bash'
[1.366s] INFO:colcon.colcon_core.shell:Creating prefix script '/home/user/arm_ros2/install/local_setup.zsh'
[1.367s] INFO:colcon.colcon_core.shell:Creating prefix chain script '/home/user/arm_ros2/install/setup.zsh'
