[0.054s] Invoking command in '/home/user/arm_ros2/build/localizer_server': CMAKE_PREFIX_PATH=${CMAKE_PREFIX_PATH}:/home/user/turtlebot3_ws/install/turtlebot3_teleop:/home/user/turtlebot3_ws/install/turtlebot3_example DEBUGINFOD_URLS=https://debuginfod.ubuntu.com /usr/bin/cmake --build /home/user/arm_ros2/build/localizer_server -- -j12 -l12
[0.277s] [ 50%] Built target global_localization
[0.306s] [100%] Built target init_pose_pub
[0.380s] Invoked command in '/home/user/arm_ros2/build/localizer_server' returned '0': CMAKE_PREFIX_PATH=${CMAKE_PREFIX_PATH}:/home/user/turtlebot3_ws/install/turtlebot3_teleop:/home/user/turtlebot3_ws/install/turtlebot3_example DEBUGINFOD_URLS=https://debuginfod.ubuntu.com /usr/bin/cmake --build /home/user/arm_ros2/build/localizer_server -- -j12 -l12
[0.390s] Invoking command in '/home/user/arm_ros2/build/localizer_server': CMAKE_PREFIX_PATH=${CMAKE_PREFIX_PATH}:/home/user/turtlebot3_ws/install/turtlebot3_teleop:/home/user/turtlebot3_ws/install/turtlebot3_example DEBUGINFOD_URLS=https://debuginfod.ubuntu.com /usr/bin/cmake --install /home/user/arm_ros2/build/localizer_server
[0.446s] -- Install configuration: ""
[0.448s] -- Up-to-date: /home/user/arm_ros2/install/localizer_server/lib/localizer_server/init_pose_pub
[0.452s] -- Up-to-date: /home/user/arm_ros2/install/localizer_server/lib/localizer_server/global_localization
[0.457s] -- Up-to-date: /home/user/arm_ros2/install/localizer_server/share/ament_index/resource_index/package_run_dependencies/localizer_server
[0.458s] -- Up-to-date: /home/user/arm_ros2/install/localizer_server/share/ament_index/resource_index/parent_prefix_path/localizer_server
[0.459s] -- Up-to-date: /home/user/arm_ros2/install/localizer_server/share/localizer_server/environment/ament_prefix_path.sh
[0.460s] -- Up-to-date: /home/user/arm_ros2/install/localizer_server/share/localizer_server/environment/ament_prefix_path.dsv
[0.461s] -- Up-to-date: /home/user/arm_ros2/install/localizer_server/share/localizer_server/environment/path.sh
[0.462s] -- Up-to-date: /home/user/arm_ros2/install/localizer_server/share/localizer_server/environment/path.dsv
[0.462s] -- Up-to-date: /home/user/arm_ros2/install/localizer_server/share/localizer_server/local_setup.bash
[0.463s] -- Up-to-date: /home/user/arm_ros2/install/localizer_server/share/localizer_server/local_setup.sh
[0.464s] -- Up-to-date: /home/user/arm_ros2/install/localizer_server/share/localizer_server/local_setup.zsh
[0.465s] -- Up-to-date: /home/user/arm_ros2/install/localizer_server/share/localizer_server/local_setup.dsv
[0.470s] -- Installing: /home/user/arm_ros2/install/localizer_server/share/localizer_server/package.dsv
[0.471s] -- Up-to-date: /home/user/arm_ros2/install/localizer_server/share/ament_index/resource_index/packages/localizer_server
[0.476s] -- Up-to-date: /home/user/arm_ros2/install/localizer_server/share/localizer_server/cmake/localizer_serverConfig.cmake
[0.477s] -- Up-to-date: /home/user/arm_ros2/install/localizer_server/share/localizer_server/cmake/localizer_serverConfig-version.cmake
[0.480s] -- Up-to-date: /home/user/arm_ros2/install/localizer_server/share/localizer_server/package.xml
[0.514s] Invoked command in '/home/user/arm_ros2/build/localizer_server' returned '0': CMAKE_PREFIX_PATH=${CMAKE_PREFIX_PATH}:/home/user/turtlebot3_ws/install/turtlebot3_teleop:/home/user/turtlebot3_ws/install/turtlebot3_example DEBUGINFOD_URLS=https://debuginfod.ubuntu.com /usr/bin/cmake --install /home/user/arm_ros2/build/localizer_server
