[0.215s] DEBUG:colcon:Command line arguments: ['/usr/bin/colcon', 'build']
[0.215s] DEBUG:colcon:Parsed command line arguments: Namespace(log_base=None, log_level=None, verb_name='build', build_base='build', install_base='install', merge_install=False, symlink_install=False, test_result_base=None, continue_on_error=False, executor='parallel', parallel_workers=12, event_handlers=None, ignore_user_meta=False, metas=['./colcon.meta'], base_paths=['.'], packages_ignore=None, packages_ignore_regex=None, paths=None, packages_up_to=None, packages_up_to_regex=None, packages_above=None, packages_above_and_dependencies=None, packages_above_depth=None, packages_select_by_dep=None, packages_skip_by_dep=None, packages_skip_up_to=None, packages_select_build_failed=False, packages_skip_build_finished=False, packages_select_test_failures=False, packages_skip_test_passed=False, packages_select=None, packages_skip=None, packages_select_regex=None, packages_skip_regex=None, packages_start=None, packages_end=None, allow_overriding=[], cmake_args=None, cmake_target=None, cmake_target_skip_unavailable=False, cmake_clean_cache=False, cmake_clean_first=False, cmake_force_configure=False, ament_cmake_args=None, catkin_cmake_args=None, catkin_skip_building_tests=False, mixin_files=None, mixin=None, verb_parser=<colcon_mixin.mixin.mixin_argument.MixinArgumentDecorator object at 0x762640da5520>, verb_extension=<colcon_core.verb.build.BuildVerb object at 0x762640da5310>, main=<bound method BuildVerb.main of <colcon_core.verb.build.BuildVerb object at 0x762640da5310>>, mixin_verb=('build',))
[0.292s] Level 1:colcon.colcon_core.package_discovery:discover_packages(colcon_meta) check parameters
[0.292s] Level 1:colcon.colcon_core.package_discovery:discover_packages(recursive) check parameters
[0.292s] Level 1:colcon.colcon_core.package_discovery:discover_packages(ignore) check parameters
[0.292s] Level 1:colcon.colcon_core.package_discovery:discover_packages(path) check parameters
[0.292s] Level 1:colcon.colcon_core.package_discovery:discover_packages(colcon_meta) discover
[0.293s] Level 1:colcon.colcon_core.package_discovery:discover_packages(recursive) discover
[0.293s] INFO:colcon.colcon_core.package_discovery:Crawling recursively for packages in '/home/user/arm_ros2'
[0.293s] Level 1:colcon.colcon_core.package_identification:_identify(.) by extensions ['ignore', 'ignore_ament_install']
[0.293s] Level 1:colcon.colcon_core.package_identification:_identify(.) by extension 'ignore'
[0.293s] Level 1:colcon.colcon_core.package_identification:_identify(.) by extension 'ignore_ament_install'
[0.293s] Level 1:colcon.colcon_core.package_identification:_identify(.) by extensions ['colcon_pkg']
[0.293s] Level 1:colcon.colcon_core.package_identification:_identify(.) by extension 'colcon_pkg'
[0.294s] Level 1:colcon.colcon_core.package_identification:_identify(.) by extensions ['colcon_meta']
[0.294s] Level 1:colcon.colcon_core.package_identification:_identify(.) by extension 'colcon_meta'
[0.294s] Level 1:colcon.colcon_core.package_identification:_identify(.) by extensions ['ros']
[0.294s] Level 1:colcon.colcon_core.package_identification:_identify(.) by extension 'ros'
[0.358s] Level 1:colcon.colcon_core.package_identification:_identify(.) by extensions ['cmake', 'python']
[0.358s] Level 1:colcon.colcon_core.package_identification:_identify(.) by extension 'cmake'
[0.358s] Level 1:colcon.colcon_core.package_identification:_identify(.) by extension 'python'
[0.358s] Level 1:colcon.colcon_core.package_identification:_identify(.) by extensions ['python_setup_py']
[0.358s] Level 1:colcon.colcon_core.package_identification:_identify(.) by extension 'python_setup_py'
[0.359s] Level 1:colcon.colcon_core.package_identification:_identify(build) by extensions ['ignore', 'ignore_ament_install']
[0.359s] Level 1:colcon.colcon_core.package_identification:_identify(build) by extension 'ignore'
[0.359s] Level 1:colcon.colcon_core.package_identification:_identify(build) ignored
[0.359s] Level 1:colcon.colcon_core.package_identification:_identify(install) by extensions ['ignore', 'ignore_ament_install']
[0.359s] Level 1:colcon.colcon_core.package_identification:_identify(install) by extension 'ignore'
[0.359s] Level 1:colcon.colcon_core.package_identification:_identify(install) ignored
[0.359s] Level 1:colcon.colcon_core.package_identification:_identify(log) by extensions ['ignore', 'ignore_ament_install']
[0.360s] Level 1:colcon.colcon_core.package_identification:_identify(log) by extension 'ignore'
[0.360s] Level 1:colcon.colcon_core.package_identification:_identify(log) ignored
[0.360s] Level 1:colcon.colcon_core.package_identification:_identify(src) by extensions ['ignore', 'ignore_ament_install']
[0.360s] Level 1:colcon.colcon_core.package_identification:_identify(src) by extension 'ignore'
[0.360s] Level 1:colcon.colcon_core.package_identification:_identify(src) by extension 'ignore_ament_install'
[0.360s] Level 1:colcon.colcon_core.package_identification:_identify(src) by extensions ['colcon_pkg']
[0.360s] Level 1:colcon.colcon_core.package_identification:_identify(src) by extension 'colcon_pkg'
[0.360s] Level 1:colcon.colcon_core.package_identification:_identify(src) by extensions ['colcon_meta']
[0.360s] Level 1:colcon.colcon_core.package_identification:_identify(src) by extension 'colcon_meta'
[0.360s] Level 1:colcon.colcon_core.package_identification:_identify(src) by extensions ['ros']
[0.360s] Level 1:colcon.colcon_core.package_identification:_identify(src) by extension 'ros'
[0.361s] Level 1:colcon.colcon_core.package_identification:_identify(src) by extensions ['cmake', 'python']
[0.361s] Level 1:colcon.colcon_core.package_identification:_identify(src) by extension 'cmake'
[0.361s] Level 1:colcon.colcon_core.package_identification:_identify(src) by extension 'python'
[0.361s] Level 1:colcon.colcon_core.package_identification:_identify(src) by extensions ['python_setup_py']
[0.361s] Level 1:colcon.colcon_core.package_identification:_identify(src) by extension 'python_setup_py'
[0.361s] Level 1:colcon.colcon_core.package_identification:_identify(src/arm_state) by extensions ['ignore', 'ignore_ament_install']
[0.362s] Level 1:colcon.colcon_core.package_identification:_identify(src/arm_state) by extension 'ignore'
[0.363s] Level 1:colcon.colcon_core.package_identification:_identify(src/arm_state) by extension 'ignore_ament_install'
[0.363s] Level 1:colcon.colcon_core.package_identification:_identify(src/arm_state) by extensions ['colcon_pkg']
[0.364s] Level 1:colcon.colcon_core.package_identification:_identify(src/arm_state) by extension 'colcon_pkg'
[0.364s] Level 1:colcon.colcon_core.package_identification:_identify(src/arm_state) by extensions ['colcon_meta']
[0.364s] Level 1:colcon.colcon_core.package_identification:_identify(src/arm_state) by extension 'colcon_meta'
[0.365s] Level 1:colcon.colcon_core.package_identification:_identify(src/arm_state) by extensions ['ros']
[0.365s] Level 1:colcon.colcon_core.package_identification:_identify(src/arm_state) by extension 'ros'
[0.375s] DEBUG:colcon.colcon_core.package_identification:Package 'src/arm_state' with type 'ros.ament_cmake' and name 'arm_state'
[0.375s] Level 1:colcon.colcon_core.package_identification:_identify(src/robot_description) by extensions ['ignore', 'ignore_ament_install']
[0.375s] Level 1:colcon.colcon_core.package_identification:_identify(src/robot_description) by extension 'ignore'
[0.375s] Level 1:colcon.colcon_core.package_identification:_identify(src/robot_description) by extension 'ignore_ament_install'
[0.375s] Level 1:colcon.colcon_core.package_identification:_identify(src/robot_description) by extensions ['colcon_pkg']
[0.375s] Level 1:colcon.colcon_core.package_identification:_identify(src/robot_description) by extension 'colcon_pkg'
[0.375s] Level 1:colcon.colcon_core.package_identification:_identify(src/robot_description) by extensions ['colcon_meta']
[0.375s] Level 1:colcon.colcon_core.package_identification:_identify(src/robot_description) by extension 'colcon_meta'
[0.375s] Level 1:colcon.colcon_core.package_identification:_identify(src/robot_description) by extensions ['ros']
[0.376s] Level 1:colcon.colcon_core.package_identification:_identify(src/robot_description) by extension 'ros'
[0.376s] DEBUG:colcon.colcon_core.package_identification:Package 'src/robot_description' with type 'ros.ament_cmake' and name 'robot_description'
[0.377s] Level 1:colcon.colcon_core.package_discovery:discover_packages(recursive) using defaults
[0.377s] Level 1:colcon.colcon_core.package_discovery:discover_packages(ignore) discover
[0.377s] Level 1:colcon.colcon_core.package_discovery:discover_packages(ignore) using defaults
[0.377s] Level 1:colcon.colcon_core.package_discovery:discover_packages(path) discover
[0.377s] Level 1:colcon.colcon_core.package_discovery:discover_packages(path) using defaults
[0.414s] Level 1:colcon.colcon_core.package_discovery:discover_packages(prefix_path) check parameters
[0.414s] Level 1:colcon.colcon_core.package_discovery:discover_packages(prefix_path) discover
[0.415s] WARNING:colcon.colcon_ros.prefix_path.ament:The path '/home/user/arm_ros2/install/robot_description' in the environment variable AMENT_PREFIX_PATH doesn't exist
[0.416s] WARNING:colcon.colcon_ros.prefix_path.ament:The path '/home/user/arm_ros2/install/arm_state' in the environment variable AMENT_PREFIX_PATH doesn't exist
[0.416s] WARNING:colcon.colcon_ros.prefix_path.catkin:The path '/home/user/arm_ros2/install/robot_description' in the environment variable CMAKE_PREFIX_PATH doesn't exist
[0.416s] WARNING:colcon.colcon_ros.prefix_path.catkin:The path '/home/user/arm_ros2/install/arm_state' in the environment variable CMAKE_PREFIX_PATH doesn't exist
[0.417s] DEBUG:colcon.colcon_installed_package_information.package_discovery:Found 0 installed packages in /home/user/arm_ros2/install
[0.421s] DEBUG:colcon.colcon_installed_package_information.package_discovery:Found 457 installed packages in /opt/ros/jazzy
[0.425s] Level 1:colcon.colcon_core.package_discovery:discover_packages(prefix_path) using defaults
[0.524s] Level 5:colcon.colcon_core.verb:set package 'arm_state' build argument 'cmake_args' from command line to 'None'
[0.524s] Level 5:colcon.colcon_core.verb:set package 'arm_state' build argument 'cmake_target' from command line to 'None'
[0.524s] Level 5:colcon.colcon_core.verb:set package 'arm_state' build argument 'cmake_target_skip_unavailable' from command line to 'False'
[0.524s] Level 5:colcon.colcon_core.verb:set package 'arm_state' build argument 'cmake_clean_cache' from command line to 'False'
[0.524s] Level 5:colcon.colcon_core.verb:set package 'arm_state' build argument 'cmake_clean_first' from command line to 'False'
[0.525s] Level 5:colcon.colcon_core.verb:set package 'arm_state' build argument 'cmake_force_configure' from command line to 'False'
[0.525s] Level 5:colcon.colcon_core.verb:set package 'arm_state' build argument 'ament_cmake_args' from command line to 'None'
[0.525s] Level 5:colcon.colcon_core.verb:set package 'arm_state' build argument 'catkin_cmake_args' from command line to 'None'
[0.525s] Level 5:colcon.colcon_core.verb:set package 'arm_state' build argument 'catkin_skip_building_tests' from command line to 'False'
[0.525s] DEBUG:colcon.colcon_core.verb:Building package 'arm_state' with the following arguments: {'ament_cmake_args': None, 'build_base': '/home/user/arm_ros2/build/arm_state', 'catkin_cmake_args': None, 'catkin_skip_building_tests': False, 'cmake_args': None, 'cmake_clean_cache': False, 'cmake_clean_first': False, 'cmake_force_configure': False, 'cmake_target': None, 'cmake_target_skip_unavailable': False, 'install_base': '/home/user/arm_ros2/install/arm_state', 'merge_install': False, 'path': '/home/user/arm_ros2/src/arm_state', 'symlink_install': False, 'test_result_base': None}
[0.525s] Level 5:colcon.colcon_core.verb:set package 'robot_description' build argument 'cmake_args' from command line to 'None'
[0.525s] Level 5:colcon.colcon_core.verb:set package 'robot_description' build argument 'cmake_target' from command line to 'None'
[0.525s] Level 5:colcon.colcon_core.verb:set package 'robot_description' build argument 'cmake_target_skip_unavailable' from command line to 'False'
[0.525s] Level 5:colcon.colcon_core.verb:set package 'robot_description' build argument 'cmake_clean_cache' from command line to 'False'
[0.525s] Level 5:colcon.colcon_core.verb:set package 'robot_description' build argument 'cmake_clean_first' from command line to 'False'
[0.525s] Level 5:colcon.colcon_core.verb:set package 'robot_description' build argument 'cmake_force_configure' from command line to 'False'
[0.525s] Level 5:colcon.colcon_core.verb:set package 'robot_description' build argument 'ament_cmake_args' from command line to 'None'
[0.525s] Level 5:colcon.colcon_core.verb:set package 'robot_description' build argument 'catkin_cmake_args' from command line to 'None'
[0.525s] Level 5:colcon.colcon_core.verb:set package 'robot_description' build argument 'catkin_skip_building_tests' from command line to 'False'
[0.525s] DEBUG:colcon.colcon_core.verb:Building package 'robot_description' with the following arguments: {'ament_cmake_args': None, 'build_base': '/home/user/arm_ros2/build/robot_description', 'catkin_cmake_args': None, 'catkin_skip_building_tests': False, 'cmake_args': None, 'cmake_clean_cache': False, 'cmake_clean_first': False, 'cmake_force_configure': False, 'cmake_target': None, 'cmake_target_skip_unavailable': False, 'install_base': '/home/user/arm_ros2/install/robot_description', 'merge_install': False, 'path': '/home/user/arm_ros2/src/robot_description', 'symlink_install': False, 'test_result_base': None}
[0.526s] INFO:colcon.colcon_core.executor:Executing jobs using 'parallel' executor
[0.529s] DEBUG:colcon.colcon_parallel_executor.executor.parallel:run_until_complete
[0.529s] INFO:colcon.colcon_ros.task.ament_cmake.build:Building ROS package in '/home/user/arm_ros2/src/arm_state' with build type 'ament_cmake'
[0.529s] INFO:colcon.colcon_cmake.task.cmake.build:Building CMake package in '/home/user/arm_ros2/src/arm_state'
[0.533s] INFO:colcon.colcon_core.plugin_system:Skipping extension 'colcon_core.shell.bat': Not used on non-Windows systems
[0.533s] INFO:colcon.colcon_core.shell:Skip shell extension 'powershell' for command environment: Not usable outside of PowerShell
[0.533s] DEBUG:colcon.colcon_core.shell:Skip shell extension 'dsv' for command environment
[0.541s] INFO:colcon.colcon_ros.task.ament_cmake.build:Building ROS package in '/home/user/arm_ros2/src/robot_description' with build type 'ament_cmake'
[0.541s] INFO:colcon.colcon_cmake.task.cmake.build:Building CMake package in '/home/user/arm_ros2/src/robot_description'
[0.543s] INFO:colcon.colcon_core.shell:Skip shell extension 'powershell' for command environment: Not usable outside of PowerShell
[0.543s] DEBUG:colcon.colcon_core.shell:Skip shell extension 'dsv' for command environment
[0.565s] DEBUG:colcon.colcon_core.event_handler.log_command:Invoking command in '/home/user/arm_ros2/build/arm_state': DEBUGINFOD_URLS=https://debuginfod.ubuntu.com /usr/bin/cmake /home/user/arm_ros2/src/arm_state -DCMAKE_INSTALL_PREFIX=/home/user/arm_ros2/install/arm_state
[0.575s] DEBUG:colcon.colcon_core.event_handler.log_command:Invoking command in '/home/user/arm_ros2/build/robot_description': DEBUGINFOD_URLS=https://debuginfod.ubuntu.com /usr/bin/cmake /home/user/arm_ros2/src/robot_description -DCMAKE_INSTALL_PREFIX=/home/user/arm_ros2/install/robot_description
[2.758s] DEBUG:colcon.colcon_core.event_handler.log_command:Invoked command in '/home/user/arm_ros2/build/robot_description' returned '0': DEBUGINFOD_URLS=https://debuginfod.ubuntu.com /usr/bin/cmake /home/user/arm_ros2/src/robot_description -DCMAKE_INSTALL_PREFIX=/home/user/arm_ros2/install/robot_description
[2.762s] DEBUG:colcon.colcon_core.event_handler.log_command:Invoking command in '/home/user/arm_ros2/build/robot_description': DEBUGINFOD_URLS=https://debuginfod.ubuntu.com /usr/bin/cmake --build /home/user/arm_ros2/build/robot_description -- -j12 -l12
[2.891s] DEBUG:colcon.colcon_core.event_handler.log_command:Invoked command in '/home/user/arm_ros2/build/robot_description' returned '0': DEBUGINFOD_URLS=https://debuginfod.ubuntu.com /usr/bin/cmake --build /home/user/arm_ros2/build/robot_description -- -j12 -l12
[2.924s] DEBUG:colcon.colcon_core.event_handler.log_command:Invoking command in '/home/user/arm_ros2/build/robot_description': DEBUGINFOD_URLS=https://debuginfod.ubuntu.com /usr/bin/cmake --install /home/user/arm_ros2/build/robot_description
[2.960s] Level 1:colcon.colcon_core.environment:create_environment_scripts_only(robot_description)
[2.968s] DEBUG:colcon.colcon_core.event_handler.log_command:Invoked command in '/home/user/arm_ros2/build/robot_description' returned '0': DEBUGINFOD_URLS=https://debuginfod.ubuntu.com /usr/bin/cmake --install /home/user/arm_ros2/build/robot_description
[2.982s] Level 1:colcon.colcon_core.environment:checking '/home/user/arm_ros2/install/robot_description' for CMake module files
[2.985s] Level 1:colcon.colcon_core.environment:checking '/home/user/arm_ros2/install/robot_description' for CMake config files
[2.985s] Level 1:colcon.colcon_core.shell:create_environment_hook('robot_description', 'cmake_prefix_path')
[2.986s] INFO:colcon.colcon_core.shell:Creating environment hook '/home/user/arm_ros2/install/robot_description/share/robot_description/hook/cmake_prefix_path.ps1'
[2.987s] INFO:colcon.colcon_core.shell:Creating environment descriptor '/home/user/arm_ros2/install/robot_description/share/robot_description/hook/cmake_prefix_path.dsv'
[2.988s] INFO:colcon.colcon_core.shell:Creating environment hook '/home/user/arm_ros2/install/robot_description/share/robot_description/hook/cmake_prefix_path.sh'
[2.989s] Level 1:colcon.colcon_core.environment:checking '/home/user/arm_ros2/install/robot_description/bin'
[2.989s] Level 1:colcon.colcon_core.environment:checking '/home/user/arm_ros2/install/robot_description/lib/pkgconfig/robot_description.pc'
[2.990s] Level 1:colcon.colcon_core.environment:checking '/home/user/arm_ros2/install/robot_description/lib/python3.12/site-packages'
[2.990s] Level 1:colcon.colcon_core.environment:checking '/home/user/arm_ros2/install/robot_description/bin'
[2.990s] INFO:colcon.colcon_core.shell:Creating package script '/home/user/arm_ros2/install/robot_description/share/robot_description/package.ps1'
[2.992s] INFO:colcon.colcon_core.shell:Creating package descriptor '/home/user/arm_ros2/install/robot_description/share/robot_description/package.dsv'
[2.992s] INFO:colcon.colcon_core.shell:Creating package script '/home/user/arm_ros2/install/robot_description/share/robot_description/package.sh'
[2.993s] INFO:colcon.colcon_core.shell:Creating package script '/home/user/arm_ros2/install/robot_description/share/robot_description/package.bash'
[2.994s] INFO:colcon.colcon_core.shell:Creating package script '/home/user/arm_ros2/install/robot_description/share/robot_description/package.zsh'
[2.995s] Level 1:colcon.colcon_core.environment:create_file_with_runtime_dependencies(/home/user/arm_ros2/install/robot_description/share/colcon-core/packages/robot_description)
[2.996s] Level 1:colcon.colcon_core.environment:create_environment_scripts_only(robot_description)
[2.996s] Level 1:colcon.colcon_core.environment:checking '/home/user/arm_ros2/install/robot_description' for CMake module files
[2.998s] Level 1:colcon.colcon_core.environment:checking '/home/user/arm_ros2/install/robot_description' for CMake config files
[2.998s] Level 1:colcon.colcon_core.shell:create_environment_hook('robot_description', 'cmake_prefix_path')
[2.998s] INFO:colcon.colcon_core.shell:Creating environment hook '/home/user/arm_ros2/install/robot_description/share/robot_description/hook/cmake_prefix_path.ps1'
[2.999s] INFO:colcon.colcon_core.shell:Creating environment descriptor '/home/user/arm_ros2/install/robot_description/share/robot_description/hook/cmake_prefix_path.dsv'
[2.999s] INFO:colcon.colcon_core.shell:Creating environment hook '/home/user/arm_ros2/install/robot_description/share/robot_description/hook/cmake_prefix_path.sh'
[3.000s] Level 1:colcon.colcon_core.environment:checking '/home/user/arm_ros2/install/robot_description/bin'
[3.000s] Level 1:colcon.colcon_core.environment:checking '/home/user/arm_ros2/install/robot_description/lib/pkgconfig/robot_description.pc'
[3.001s] Level 1:colcon.colcon_core.environment:checking '/home/user/arm_ros2/install/robot_description/lib/python3.12/site-packages'
[3.001s] Level 1:colcon.colcon_core.environment:checking '/home/user/arm_ros2/install/robot_description/bin'
[3.002s] INFO:colcon.colcon_core.shell:Creating package script '/home/user/arm_ros2/install/robot_description/share/robot_description/package.ps1'
[3.003s] INFO:colcon.colcon_core.shell:Creating package descriptor '/home/user/arm_ros2/install/robot_description/share/robot_description/package.dsv'
[3.004s] INFO:colcon.colcon_core.shell:Creating package script '/home/user/arm_ros2/install/robot_description/share/robot_description/package.sh'
[3.004s] INFO:colcon.colcon_core.shell:Creating package script '/home/user/arm_ros2/install/robot_description/share/robot_description/package.bash'
[3.005s] INFO:colcon.colcon_core.shell:Creating package script '/home/user/arm_ros2/install/robot_description/share/robot_description/package.zsh'
[3.006s] Level 1:colcon.colcon_core.environment:create_file_with_runtime_dependencies(/home/user/arm_ros2/install/robot_description/share/colcon-core/packages/robot_description)
[4.572s] DEBUG:colcon.colcon_core.event_handler.log_command:Invoked command in '/home/user/arm_ros2/build/arm_state' returned '0': DEBUGINFOD_URLS=https://debuginfod.ubuntu.com /usr/bin/cmake /home/user/arm_ros2/src/arm_state -DCMAKE_INSTALL_PREFIX=/home/user/arm_ros2/install/arm_state
[4.580s] DEBUG:colcon.colcon_core.event_handler.log_command:Invoking command in '/home/user/arm_ros2/build/arm_state': DEBUGINFOD_URLS=https://debuginfod.ubuntu.com /usr/bin/cmake --build /home/user/arm_ros2/build/arm_state -- -j12 -l12
[37.807s] DEBUG:colcon.colcon_core.event_handler.log_command:Invoked command in '/home/user/arm_ros2/build/arm_state' returned '0': DEBUGINFOD_URLS=https://debuginfod.ubuntu.com /usr/bin/cmake --build /home/user/arm_ros2/build/arm_state -- -j12 -l12
[37.813s] DEBUG:colcon.colcon_core.event_handler.log_command:Invoking command in '/home/user/arm_ros2/build/arm_state': DEBUGINFOD_URLS=https://debuginfod.ubuntu.com /usr/bin/cmake --install /home/user/arm_ros2/build/arm_state
[37.869s] Level 1:colcon.colcon_core.environment:create_environment_scripts_only(arm_state)
[37.871s] Level 1:colcon.colcon_core.environment:checking '/home/user/arm_ros2/install/arm_state' for CMake module files
[37.874s] DEBUG:colcon.colcon_core.event_handler.log_command:Invoked command in '/home/user/arm_ros2/build/arm_state' returned '0': DEBUGINFOD_URLS=https://debuginfod.ubuntu.com /usr/bin/cmake --install /home/user/arm_ros2/build/arm_state
[37.877s] Level 1:colcon.colcon_core.environment:checking '/home/user/arm_ros2/install/arm_state' for CMake config files
[37.877s] Level 1:colcon.colcon_core.shell:create_environment_hook('arm_state', 'cmake_prefix_path')
[37.878s] INFO:colcon.colcon_core.shell:Creating environment hook '/home/user/arm_ros2/install/arm_state/share/arm_state/hook/cmake_prefix_path.ps1'
[37.878s] INFO:colcon.colcon_core.shell:Creating environment descriptor '/home/user/arm_ros2/install/arm_state/share/arm_state/hook/cmake_prefix_path.dsv'
[37.879s] INFO:colcon.colcon_core.shell:Creating environment hook '/home/user/arm_ros2/install/arm_state/share/arm_state/hook/cmake_prefix_path.sh'
[37.880s] Level 1:colcon.colcon_core.environment:checking '/home/user/arm_ros2/install/arm_state/lib'
[37.880s] Level 1:colcon.colcon_core.environment:checking '/home/user/arm_ros2/install/arm_state/bin'
[37.880s] Level 1:colcon.colcon_core.environment:checking '/home/user/arm_ros2/install/arm_state/lib/pkgconfig/arm_state.pc'
[37.881s] Level 1:colcon.colcon_core.environment:checking '/home/user/arm_ros2/install/arm_state/lib/python3.12/site-packages'
[37.881s] Level 1:colcon.colcon_core.environment:checking '/home/user/arm_ros2/install/arm_state/bin'
[37.882s] INFO:colcon.colcon_core.shell:Creating package script '/home/user/arm_ros2/install/arm_state/share/arm_state/package.ps1'
[37.882s] INFO:colcon.colcon_core.shell:Creating package descriptor '/home/user/arm_ros2/install/arm_state/share/arm_state/package.dsv'
[37.883s] INFO:colcon.colcon_core.shell:Creating package script '/home/user/arm_ros2/install/arm_state/share/arm_state/package.sh'
[37.884s] INFO:colcon.colcon_core.shell:Creating package script '/home/user/arm_ros2/install/arm_state/share/arm_state/package.bash'
[37.884s] INFO:colcon.colcon_core.shell:Creating package script '/home/user/arm_ros2/install/arm_state/share/arm_state/package.zsh'
[37.885s] Level 1:colcon.colcon_core.environment:create_file_with_runtime_dependencies(/home/user/arm_ros2/install/arm_state/share/colcon-core/packages/arm_state)
[37.886s] Level 1:colcon.colcon_core.environment:create_environment_scripts_only(arm_state)
[37.886s] Level 1:colcon.colcon_core.environment:checking '/home/user/arm_ros2/install/arm_state' for CMake module files
[37.887s] Level 1:colcon.colcon_core.environment:checking '/home/user/arm_ros2/install/arm_state' for CMake config files
[37.887s] Level 1:colcon.colcon_core.shell:create_environment_hook('arm_state', 'cmake_prefix_path')
[37.887s] INFO:colcon.colcon_core.shell:Creating environment hook '/home/user/arm_ros2/install/arm_state/share/arm_state/hook/cmake_prefix_path.ps1'
[37.888s] INFO:colcon.colcon_core.shell:Creating environment descriptor '/home/user/arm_ros2/install/arm_state/share/arm_state/hook/cmake_prefix_path.dsv'
[37.889s] INFO:colcon.colcon_core.shell:Creating environment hook '/home/user/arm_ros2/install/arm_state/share/arm_state/hook/cmake_prefix_path.sh'
[37.890s] Level 1:colcon.colcon_core.environment:checking '/home/user/arm_ros2/install/arm_state/lib'
[37.890s] Level 1:colcon.colcon_core.environment:checking '/home/user/arm_ros2/install/arm_state/bin'
[37.890s] Level 1:colcon.colcon_core.environment:checking '/home/user/arm_ros2/install/arm_state/lib/pkgconfig/arm_state.pc'
[37.890s] Level 1:colcon.colcon_core.environment:checking '/home/user/arm_ros2/install/arm_state/lib/python3.12/site-packages'
[37.891s] Level 1:colcon.colcon_core.environment:checking '/home/user/arm_ros2/install/arm_state/bin'
[37.891s] INFO:colcon.colcon_core.shell:Creating package script '/home/user/arm_ros2/install/arm_state/share/arm_state/package.ps1'
[37.892s] INFO:colcon.colcon_core.shell:Creating package descriptor '/home/user/arm_ros2/install/arm_state/share/arm_state/package.dsv'
[37.893s] INFO:colcon.colcon_core.shell:Creating package script '/home/user/arm_ros2/install/arm_state/share/arm_state/package.sh'
[37.893s] INFO:colcon.colcon_core.shell:Creating package script '/home/user/arm_ros2/install/arm_state/share/arm_state/package.bash'
[37.894s] INFO:colcon.colcon_core.shell:Creating package script '/home/user/arm_ros2/install/arm_state/share/arm_state/package.zsh'
[37.895s] Level 1:colcon.colcon_core.environment:create_file_with_runtime_dependencies(/home/user/arm_ros2/install/arm_state/share/colcon-core/packages/arm_state)
[37.895s] DEBUG:colcon.colcon_parallel_executor.executor.parallel:closing loop
[37.896s] DEBUG:colcon.colcon_parallel_executor.executor.parallel:loop closed
[37.897s] DEBUG:colcon.colcon_parallel_executor.executor.parallel:run_until_complete finished with '0'
[37.898s] DEBUG:colcon.colcon_core.event_reactor:joining thread
[37.909s] INFO:colcon.colcon_core.plugin_system:Skipping extension 'colcon_notification.desktop_notification.terminal_notifier': Not used on non-Darwin systems
[37.909s] INFO:colcon.colcon_core.plugin_system:Skipping extension 'colcon_notification.desktop_notification.win32': Not used on non-Windows systems
[37.909s] INFO:colcon.colcon_notification.desktop_notification:Sending desktop notification using 'notify2'
[37.953s] DEBUG:colcon.colcon_core.event_reactor:joined thread
[37.955s] INFO:colcon.colcon_core.shell:Creating prefix script '/home/user/arm_ros2/install/local_setup.ps1'
[37.960s] INFO:colcon.colcon_core.shell:Creating prefix util module '/home/user/arm_ros2/install/_local_setup_util_ps1.py'
[37.964s] INFO:colcon.colcon_core.shell:Creating prefix chain script '/home/user/arm_ros2/install/setup.ps1'
[37.966s] INFO:colcon.colcon_core.shell:Creating prefix script '/home/user/arm_ros2/install/local_setup.sh'
[37.967s] INFO:colcon.colcon_core.shell:Creating prefix util module '/home/user/arm_ros2/install/_local_setup_util_sh.py'
[37.968s] INFO:colcon.colcon_core.shell:Creating prefix chain script '/home/user/arm_ros2/install/setup.sh'
[37.969s] INFO:colcon.colcon_core.shell:Creating prefix script '/home/user/arm_ros2/install/local_setup.bash'
[37.970s] INFO:colcon.colcon_core.shell:Creating prefix chain script '/home/user/arm_ros2/install/setup.bash'
[37.972s] INFO:colcon.colcon_core.shell:Creating prefix script '/home/user/arm_ros2/install/local_setup.zsh'
[37.972s] INFO:colcon.colcon_core.shell:Creating prefix chain script '/home/user/arm_ros2/install/setup.zsh'
