[0.076s] Invoking command in '/home/user/arm_ros2/build/localizer_server': CMAKE_PREFIX_PATH=${CMAKE_PREFIX_PATH}:/home/user/turtlebot3_ws/install/turtlebot3_teleop:/home/user/turtlebot3_ws/install/turtlebot3_example DEBUGINFOD_URLS=https://debuginfod.ubuntu.com /usr/bin/cmake --build /home/user/arm_ros2/build/localizer_server -- -j12 -l12
[0.313s] [ 50%] Built target global_localization
[0.326s] [100%] Built target init_pose_pub
[0.442s] Invoked command in '/home/user/arm_ros2/build/localizer_server' returned '0': CMAKE_PREFIX_PATH=${CMAKE_PREFIX_PATH}:/home/user/turtlebot3_ws/install/turtlebot3_teleop:/home/user/turtlebot3_ws/install/turtlebot3_example DEBUGINFOD_URLS=https://debuginfod.ubuntu.com /usr/bin/cmake --build /home/user/arm_ros2/build/localizer_server -- -j12 -l12
[0.452s] Invoking command in '/home/user/arm_ros2/build/localizer_server': CMAKE_PREFIX_PATH=${CMAKE_PREFIX_PATH}:/home/user/turtlebot3_ws/install/turtlebot3_teleop:/home/user/turtlebot3_ws/install/turtlebot3_example DEBUGINFOD_URLS=https://debuginfod.ubuntu.com /usr/bin/cmake --install /home/user/arm_ros2/build/localizer_server
[0.477s] -- Install configuration: ""
[0.480s] -- Up-to-date: /home/user/arm_ros2/install/localizer_server/lib/localizer_server/init_pose_pub
[0.481s] -- Up-to-date: /home/user/arm_ros2/install/localizer_server/lib/localizer_server/global_localization
[0.486s] -- Up-to-date: /home/user/arm_ros2/install/localizer_server/share/ament_index/resource_index/package_run_dependencies/localizer_server
[0.486s] -- Up-to-date: /home/user/arm_ros2/install/localizer_server/share/ament_index/resource_index/parent_prefix_path/localizer_server
[0.487s] -- Up-to-date: /home/user/arm_ros2/install/localizer_server/share/localizer_server/environment/ament_prefix_path.sh
[0.487s] -- Up-to-date: /home/user/arm_ros2/install/localizer_server/share/localizer_server/environment/ament_prefix_path.dsv
[0.487s] -- Up-to-date: /home/user/arm_ros2/install/localizer_server/share/localizer_server/environment/path.sh
[0.487s] -- Up-to-date: /home/user/arm_ros2/install/localizer_server/share/localizer_server/environment/path.dsv
[0.487s] -- Up-to-date: /home/user/arm_ros2/install/localizer_server/share/localizer_server/local_setup.bash
[0.487s] -- Up-to-date: /home/user/arm_ros2/install/localizer_server/share/localizer_server/local_setup.sh
[0.488s] -- Up-to-date: /home/user/arm_ros2/install/localizer_server/share/localizer_server/local_setup.zsh
[0.488s] -- Up-to-date: /home/user/arm_ros2/install/localizer_server/share/localizer_server/local_setup.dsv
[0.489s] -- Installing: /home/user/arm_ros2/install/localizer_server/share/localizer_server/package.dsv
[0.489s] -- Up-to-date: /home/user/arm_ros2/install/localizer_server/share/ament_index/resource_index/packages/localizer_server
[0.489s] -- Up-to-date: /home/user/arm_ros2/install/localizer_server/share/localizer_server/cmake/localizer_serverConfig.cmake
[0.489s] -- Up-to-date: /home/user/arm_ros2/install/localizer_server/share/localizer_server/cmake/localizer_serverConfig-version.cmake
[0.493s] -- Up-to-date: /home/user/arm_ros2/install/localizer_server/share/localizer_server/package.xml
[0.519s] Invoked command in '/home/user/arm_ros2/build/localizer_server' returned '0': CMAKE_PREFIX_PATH=${CMAKE_PREFIX_PATH}:/home/user/turtlebot3_ws/install/turtlebot3_teleop:/home/user/turtlebot3_ws/install/turtlebot3_example DEBUGINFOD_URLS=https://debuginfod.ubuntu.com /usr/bin/cmake --install /home/user/arm_ros2/build/localizer_server
