[0.059s] Invoking command in '/home/user/arm_ros2/build/robot_description': DEBUGINFOD_URLS=https://debuginfod.ubuntu.com /usr/bin/cmake --build /home/user/arm_ros2/build/robot_description -- -j12 -l12
[0.204s] Invoked command in '/home/user/arm_ros2/build/robot_description' returned '0': DEBUGINFOD_URLS=https://debuginfod.ubuntu.com /usr/bin/cmake --build /home/user/arm_ros2/build/robot_description -- -j12 -l12
[0.275s] Invoking command in '/home/user/arm_ros2/build/robot_description': DEBUGINFOD_URLS=https://debuginfod.ubuntu.com /usr/bin/cmake --install /home/user/arm_ros2/build/robot_description
[0.302s] -- Install configuration: ""
[0.311s] -- Up-to-date: /home/user/arm_ros2/install/robot_description/share/robot_description/urdf
[0.312s] -- Up-to-date: /home/user/arm_ros2/install/robot_description/share/robot_description/urdf/arm.urdf
[0.317s] -- Up-to-date: /home/user/arm_ros2/install/robot_description/share/robot_description/urdf/robot_core.xacro
[0.318s] -- Up-to-date: /home/user/arm_ros2/install/robot_description/share/robot_description/urdf/camera.xacro
[0.319s] -- Up-to-date: /home/user/arm_ros2/install/robot_description/share/robot_description/urdf/robot.urdf.xacro
[0.320s] -- Up-to-date: /home/user/arm_ros2/install/robot_description/share/robot_description/urdf/gazebo_control.xacro
[0.322s] -- Up-to-date: /home/user/arm_ros2/install/robot_description/share/robot_description/urdf/lidar.xacro
[0.323s] -- Up-to-date: /home/user/arm_ros2/install/robot_description/share/robot_description/rviz
[0.324s] -- Up-to-date: /home/user/arm_ros2/install/robot_description/share/robot_description/launch
[0.325s] -- Up-to-date: /home/user/arm_ros2/install/robot_description/share/robot_description/launch/ready.py
[0.326s] -- Up-to-date: /home/user/arm_ros2/install/robot_description/share/robot_description/launch/launch_sim2.launch.py
[0.327s] -- Up-to-date: /home/user/arm_ros2/install/robot_description/share/robot_description/launch/launch_sim.launch.py
[0.329s] -- Up-to-date: /home/user/arm_ros2/install/robot_description/share/robot_description/launch/upload.launch.py
[0.331s] -- Up-to-date: /home/user/arm_ros2/install/robot_description/share/robot_description/launch/map_building.launch.py
[0.332s] -- Up-to-date: /home/user/arm_ros2/install/robot_description/share/robot_description/launch/display.launch.py
[0.332s] -- Up-to-date: /home/user/arm_ros2/install/robot_description/share/robot_description/config
[0.332s] -- Up-to-date: /home/user/arm_ros2/install/robot_description/share/robot_description/config/amcl.yaml
[0.333s] -- Up-to-date: /home/user/arm_ros2/install/robot_description/share/robot_description/config/gz_bridge.yaml
[0.333s] -- Up-to-date: /home/user/arm_ros2/install/robot_description/share/robot_description/config/rosgraph.png
[0.333s] -- Installing: /home/user/arm_ros2/install/robot_description/share/robot_description/config/mapper_params.yaml
[0.334s] -- Up-to-date: /home/user/arm_ros2/install/robot_description/share/robot_description/config/gaz_ros2_ctl_use_sim.yaml
[0.334s] -- Up-to-date: /home/user/arm_ros2/install/robot_description/share/ament_index/resource_index/package_run_dependencies/robot_description
[0.334s] -- Up-to-date: /home/user/arm_ros2/install/robot_description/share/ament_index/resource_index/parent_prefix_path/robot_description
[0.334s] -- Up-to-date: /home/user/arm_ros2/install/robot_description/share/robot_description/environment/ament_prefix_path.sh
[0.334s] -- Up-to-date: /home/user/arm_ros2/install/robot_description/share/robot_description/environment/ament_prefix_path.dsv
[0.335s] -- Up-to-date: /home/user/arm_ros2/install/robot_description/share/robot_description/environment/path.sh
[0.335s] -- Up-to-date: /home/user/arm_ros2/install/robot_description/share/robot_description/environment/path.dsv
[0.335s] -- Up-to-date: /home/user/arm_ros2/install/robot_description/share/robot_description/local_setup.bash
[0.335s] -- Up-to-date: /home/user/arm_ros2/install/robot_description/share/robot_description/local_setup.sh
[0.335s] -- Up-to-date: /home/user/arm_ros2/install/robot_description/share/robot_description/local_setup.zsh
[0.336s] -- Up-to-date: /home/user/arm_ros2/install/robot_description/share/robot_description/local_setup.dsv
[0.336s] -- Installing: /home/user/arm_ros2/install/robot_description/share/robot_description/package.dsv
[0.336s] -- Up-to-date: /home/user/arm_ros2/install/robot_description/share/ament_index/resource_index/packages/robot_description
[0.336s] -- Up-to-date: /home/user/arm_ros2/install/robot_description/share/robot_description/cmake/robot_descriptionConfig.cmake
[0.336s] -- Up-to-date: /home/user/arm_ros2/install/robot_description/share/robot_description/cmake/robot_descriptionConfig-version.cmake
[0.337s] -- Up-to-date: /home/user/arm_ros2/install/robot_description/share/robot_description/package.xml
[0.340s] Invoked command in '/home/user/arm_ros2/build/robot_description' returned '0': DEBUGINFOD_URLS=https://debuginfod.ubuntu.com /usr/bin/cmake --install /home/user/arm_ros2/build/robot_description
