[0.056s] Invoking command in '/home/user/arm_ros2/build/localizer_server': CMAKE_PREFIX_PATH=${CMAKE_PREFIX_PATH}:/home/user/turtlebot3_ws/install/turtlebot3_teleop:/home/user/turtlebot3_ws/install/turtlebot3_example DEBUGINFOD_URLS=https://debuginfod.ubuntu.com /usr/bin/cmake --build /home/user/arm_ros2/build/localizer_server -- -j12 -l12
[0.307s] [ 50%] Built target global_localization
[0.337s] [100%] Built target init_pose_pub
[0.429s] Invoked command in '/home/user/arm_ros2/build/localizer_server' returned '0': CMAKE_PREFIX_PATH=${CMAKE_PREFIX_PATH}:/home/user/turtlebot3_ws/install/turtlebot3_teleop:/home/user/turtlebot3_ws/install/turtlebot3_example DEBUGINFOD_URLS=https://debuginfod.ubuntu.com /usr/bin/cmake --build /home/user/arm_ros2/build/localizer_server -- -j12 -l12
[0.432s] Invoking command in '/home/user/arm_ros2/build/localizer_server': CMAKE_PREFIX_PATH=${CMAKE_PREFIX_PATH}:/home/user/turtlebot3_ws/install/turtlebot3_teleop:/home/user/turtlebot3_ws/install/turtlebot3_example DEBUGINFOD_URLS=https://debuginfod.ubuntu.com /usr/bin/cmake --install /home/user/arm_ros2/build/localizer_server
[0.468s] -- Install configuration: ""
[0.469s] -- Up-to-date: /home/user/arm_ros2/install/localizer_server/lib/localizer_server/init_pose_pub
[0.470s] -- Up-to-date: /home/user/arm_ros2/install/localizer_server/lib/localizer_server/global_localization
[0.471s] -- Up-to-date: /home/user/arm_ros2/install/localizer_server/share/ament_index/resource_index/package_run_dependencies/localizer_server
[0.471s] -- Up-to-date: /home/user/arm_ros2/install/localizer_server/share/ament_index/resource_index/parent_prefix_path/localizer_server
[0.472s] -- Up-to-date: /home/user/arm_ros2/install/localizer_server/share/localizer_server/environment/ament_prefix_path.sh
[0.473s] -- Up-to-date: /home/user/arm_ros2/install/localizer_server/share/localizer_server/environment/ament_prefix_path.dsv
[0.474s] -- Up-to-date: /home/user/arm_ros2/install/localizer_server/share/localizer_server/environment/path.sh
[0.475s] -- Up-to-date: /home/user/arm_ros2/install/localizer_server/share/localizer_server/environment/path.dsv
[0.476s] -- Up-to-date: /home/user/arm_ros2/install/localizer_server/share/localizer_server/local_setup.bash
[0.479s] -- Up-to-date: /home/user/arm_ros2/install/localizer_server/share/localizer_server/local_setup.sh
[0.480s] -- Up-to-date: /home/user/arm_ros2/install/localizer_server/share/localizer_server/local_setup.zsh
[0.481s] -- Up-to-date: /home/user/arm_ros2/install/localizer_server/share/localizer_server/local_setup.dsv
[0.482s] -- Installing: /home/user/arm_ros2/install/localizer_server/share/localizer_server/package.dsv
[0.487s] -- Up-to-date: /home/user/arm_ros2/install/localizer_server/share/ament_index/resource_index/packages/localizer_server
[0.488s] -- Up-to-date: /home/user/arm_ros2/install/localizer_server/share/localizer_server/cmake/localizer_serverConfig.cmake
[0.490s] -- Up-to-date: /home/user/arm_ros2/install/localizer_server/share/localizer_server/cmake/localizer_serverConfig-version.cmake
[0.491s] -- Up-to-date: /home/user/arm_ros2/install/localizer_server/share/localizer_server/package.xml
[0.494s] Invoked command in '/home/user/arm_ros2/build/localizer_server' returned '0': CMAKE_PREFIX_PATH=${CMAKE_PREFIX_PATH}:/home/user/turtlebot3_ws/install/turtlebot3_teleop:/home/user/turtlebot3_ws/install/turtlebot3_example DEBUGINFOD_URLS=https://debuginfod.ubuntu.com /usr/bin/cmake --install /home/user/arm_ros2/build/localizer_server
