[0.034s] Invoking command in '/home/user/arm_ros2/build/robot_description': DEBUGINFOD_URLS=https://debuginfod.ubuntu.com /usr/bin/cmake /home/user/arm_ros2/src/robot_description -DCMAKE_INSTALL_PREFIX=/home/user/arm_ros2/install/robot_description
[0.245s] -- The C compiler identification is GNU 13.3.0
[0.516s] -- The CXX compiler identification is GNU 13.3.0
[0.609s] -- Detecting C compiler ABI info
[0.893s] -- Detecting C compiler ABI info - done
[0.913s] -- Check for working C compiler: /usr/bin/cc - skipped
[0.914s] -- Detecting C compile features
[0.915s] -- Detecting C compile features - done
[0.951s] -- Detecting CXX compiler ABI info
[1.276s] -- Detecting CXX compiler ABI info - done
[1.296s] -- Check for working CXX compiler: /usr/bin/c++ - skipped
[1.296s] -- Detecting CXX compile features
[1.298s] -- Detecting CXX compile features - done
[1.305s] -- Found ament_cmake: 2.5.3 (/opt/ros/jazzy/share/ament_cmake/cmake)
[1.718s] -- Found Python3: /usr/bin/python3 (found version "3.12.3") found components: Interpreter 
[1.960s] -- Found ament_lint_auto: 0.17.1 (/opt/ros/jazzy/share/ament_lint_auto/cmake)
[2.182s] -- Added test 'flake8' to check Python code syntax and style conventions
[2.183s] -- Configured 'flake8' exclude dirs and/or files: 
[2.184s] -- Added test 'lint_cmake' to check CMake code style
[2.186s] -- Added test 'pep257' to check Python code against some of the docstring style conventions in PEP 257
[2.189s] -- Added test 'xmllint' to check XML markup files
[2.192s] -- Configuring done (2.1s)
[2.196s] -- Generating done (0.0s)
[2.200s] -- Build files have been written to: /home/user/arm_ros2/build/robot_description
[2.215s] Invoked command in '/home/user/arm_ros2/build/robot_description' returned '0': DEBUGINFOD_URLS=https://debuginfod.ubuntu.com /usr/bin/cmake /home/user/arm_ros2/src/robot_description -DCMAKE_INSTALL_PREFIX=/home/user/arm_ros2/install/robot_description
[2.221s] Invoking command in '/home/user/arm_ros2/build/robot_description': DEBUGINFOD_URLS=https://debuginfod.ubuntu.com /usr/bin/cmake --build /home/user/arm_ros2/build/robot_description -- -j12 -l12
[2.349s] Invoked command in '/home/user/arm_ros2/build/robot_description' returned '0': DEBUGINFOD_URLS=https://debuginfod.ubuntu.com /usr/bin/cmake --build /home/user/arm_ros2/build/robot_description -- -j12 -l12
[2.382s] Invoking command in '/home/user/arm_ros2/build/robot_description': DEBUGINFOD_URLS=https://debuginfod.ubuntu.com /usr/bin/cmake --install /home/user/arm_ros2/build/robot_description
[2.404s] -- Install configuration: ""
[2.406s] -- Installing: /home/user/arm_ros2/install/robot_description/share/robot_description/urdf
[2.407s] -- Installing: /home/user/arm_ros2/install/robot_description/share/robot_description/urdf/arm.urdf
[2.409s] -- Installing: /home/user/arm_ros2/install/robot_description/share/robot_description/urdf/robot_core.xacro
[2.410s] -- Installing: /home/user/arm_ros2/install/robot_description/share/robot_description/urdf/camera.xacro
[2.410s] -- Installing: /home/user/arm_ros2/install/robot_description/share/robot_description/urdf/robot.urdf.xacro
[2.411s] -- Installing: /home/user/arm_ros2/install/robot_description/share/robot_description/urdf/gazebo_control.xacro
[2.412s] -- Installing: /home/user/arm_ros2/install/robot_description/share/robot_description/urdf/lidar.xacro
[2.413s] -- Installing: /home/user/arm_ros2/install/robot_description/share/robot_description/rviz
[2.413s] -- Installing: /home/user/arm_ros2/install/robot_description/share/robot_description/launch
[2.414s] -- Installing: /home/user/arm_ros2/install/robot_description/share/robot_description/launch/ready.py
[2.416s] -- Installing: /home/user/arm_ros2/install/robot_description/share/robot_description/launch/launch_sim2.launch.py
[2.417s] -- Installing: /home/user/arm_ros2/install/robot_description/share/robot_description/launch/launch_sim.launch.py
[2.421s] -- Installing: /home/user/arm_ros2/install/robot_description/share/robot_description/launch/upload.launch.py
[2.421s] -- Installing: /home/user/arm_ros2/install/robot_description/share/robot_description/launch/map_building.launch.py
[2.422s] -- Installing: /home/user/arm_ros2/install/robot_description/share/robot_description/launch/display.launch.py
[2.422s] -- Installing: /home/user/arm_ros2/install/robot_description/share/robot_description/config
[2.422s] -- Installing: /home/user/arm_ros2/install/robot_description/share/robot_description/config/gz_bridge.yaml
[2.422s] -- Installing: /home/user/arm_ros2/install/robot_description/share/robot_description/config/rosgraph.png
[2.422s] -- Installing: /home/user/arm_ros2/install/robot_description/share/robot_description/config/mapper_params.yaml
[2.422s] -- Installing: /home/user/arm_ros2/install/robot_description/share/robot_description/config/gaz_ros2_ctl_use_sim.yaml
[2.423s] -- Installing: /home/user/arm_ros2/install/robot_description/share/ament_index/resource_index/package_run_dependencies/robot_description
[2.423s] -- Installing: /home/user/arm_ros2/install/robot_description/share/ament_index/resource_index/parent_prefix_path/robot_description
[2.423s] -- Installing: /home/user/arm_ros2/install/robot_description/share/robot_description/environment/ament_prefix_path.sh
[2.424s] -- Installing: /home/user/arm_ros2/install/robot_description/share/robot_description/environment/ament_prefix_path.dsv
[2.424s] -- Installing: /home/user/arm_ros2/install/robot_description/share/robot_description/environment/path.sh
[2.424s] -- Installing: /home/user/arm_ros2/install/robot_description/share/robot_description/environment/path.dsv
[2.424s] -- Installing: /home/user/arm_ros2/install/robot_description/share/robot_description/local_setup.bash
[2.424s] -- Installing: /home/user/arm_ros2/install/robot_description/share/robot_description/local_setup.sh
[2.425s] -- Installing: /home/user/arm_ros2/install/robot_description/share/robot_description/local_setup.zsh
[2.425s] -- Installing: /home/user/arm_ros2/install/robot_description/share/robot_description/local_setup.dsv
[2.425s] -- Installing: /home/user/arm_ros2/install/robot_description/share/robot_description/package.dsv
[2.425s] -- Installing: /home/user/arm_ros2/install/robot_description/share/ament_index/resource_index/packages/robot_description
[2.425s] -- Installing: /home/user/arm_ros2/install/robot_description/share/robot_description/cmake/robot_descriptionConfig.cmake
[2.425s] -- Installing: /home/user/arm_ros2/install/robot_description/share/robot_description/cmake/robot_descriptionConfig-version.cmake
[2.426s] -- Installing: /home/user/arm_ros2/install/robot_description/share/robot_description/package.xml
[2.427s] Invoked command in '/home/user/arm_ros2/build/robot_description' returned '0': DEBUGINFOD_URLS=https://debuginfod.ubuntu.com /usr/bin/cmake --install /home/user/arm_ros2/build/robot_description
